[0.267s] DEBUG:colcon:Command line arguments: ['/usr/bin/colcon', 'build', '--symlink-install']
[0.268s] DEBUG:colcon:Parsed command line arguments: Namespace(log_base=None, log_level=None, verb_name='build', build_base='build', install_base='install', merge_install=False, symlink_install=True, test_result_base=None, continue_on_error=False, executor='parallel', parallel_workers=8, event_handlers=None, ignore_user_meta=False, metas=['./colcon.meta'], base_paths=['.'], packages_ignore=None, packages_ignore_regex=None, paths=None, packages_up_to=None, packages_up_to_regex=None, packages_above=None, packages_above_and_dependencies=None, packages_above_depth=None, packages_select_by_dep=None, packages_skip_by_dep=None, packages_skip_up_to=None, packages_select_build_failed=False, packages_skip_build_finished=False, packages_select_test_failures=False, packages_skip_test_passed=False, packages_select=None, packages_skip=None, packages_select_regex=None, packages_skip_regex=None, packages_start=None, packages_end=None, allow_overriding=[], cmake_args=None, cmake_target=None, cmake_target_skip_unavailable=False, cmake_clean_cache=False, cmake_clean_first=False, cmake_force_configure=False, ament_cmake_args=None, catkin_cmake_args=None, catkin_skip_building_tests=False, mixin_files=None, mixin=None, verb_parser=<colcon_mixin.mixin.mixin_argument.MixinArgumentDecorator object at 0x72d3e6069570>, verb_extension=<colcon_core.verb.build.BuildVerb object at 0x72d3e6068fa0>, main=<bound method BuildVerb.main of <colcon_core.verb.build.BuildVerb object at 0x72d3e6068fa0>>, mixin_verb=('build',))
[2.491s] Level 1:colcon.colcon_core.package_discovery:discover_packages(colcon_meta) check parameters
[2.491s] Level 1:colcon.colcon_core.package_discovery:discover_packages(recursive) check parameters
[2.491s] Level 1:colcon.colcon_core.package_discovery:discover_packages(ignore) check parameters
[2.491s] Level 1:colcon.colcon_core.package_discovery:discover_packages(path) check parameters
[2.491s] Level 1:colcon.colcon_core.package_discovery:discover_packages(colcon_meta) discover
[2.491s] Level 1:colcon.colcon_core.package_discovery:discover_packages(recursive) discover
[2.492s] INFO:colcon.colcon_core.package_discovery:Crawling recursively for packages in '/home/droneops/ros2_ws'
[2.492s] Level 1:colcon.colcon_core.package_identification:_identify(.) by extensions ['ignore', 'ignore_ament_install']
[2.492s] Level 1:colcon.colcon_core.package_identification:_identify(.) by extension 'ignore'
[2.492s] Level 1:colcon.colcon_core.package_identification:_identify(.) by extension 'ignore_ament_install'
[2.492s] Level 1:colcon.colcon_core.package_identification:_identify(.) by extensions ['colcon_pkg']
[2.492s] Level 1:colcon.colcon_core.package_identification:_identify(.) by extension 'colcon_pkg'
[2.492s] Level 1:colcon.colcon_core.package_identification:_identify(.) by extensions ['colcon_meta']
[2.493s] Level 1:colcon.colcon_core.package_identification:_identify(.) by extension 'colcon_meta'
[2.493s] Level 1:colcon.colcon_core.package_identification:_identify(.) by extensions ['ros']
[2.493s] Level 1:colcon.colcon_core.package_identification:_identify(.) by extension 'ros'
[2.524s] Level 1:colcon.colcon_core.package_identification:_identify(.) by extensions ['cmake', 'python']
[2.525s] Level 1:colcon.colcon_core.package_identification:_identify(.) by extension 'cmake'
[2.525s] Level 1:colcon.colcon_core.package_identification:_identify(.) by extension 'python'
[2.525s] Level 1:colcon.colcon_core.package_identification:_identify(.) by extensions ['python_setup_py']
[2.525s] Level 1:colcon.colcon_core.package_identification:_identify(.) by extension 'python_setup_py'
[2.525s] Level 1:colcon.colcon_core.package_identification:_identify(build) by extensions ['ignore', 'ignore_ament_install']
[2.525s] Level 1:colcon.colcon_core.package_identification:_identify(build) by extension 'ignore'
[2.525s] Level 1:colcon.colcon_core.package_identification:_identify(build) ignored
[2.525s] Level 1:colcon.colcon_core.package_identification:_identify(install) by extensions ['ignore', 'ignore_ament_install']
[2.525s] Level 1:colcon.colcon_core.package_identification:_identify(install) by extension 'ignore'
[2.525s] Level 1:colcon.colcon_core.package_identification:_identify(install) ignored
[2.525s] Level 1:colcon.colcon_core.package_identification:_identify(log) by extensions ['ignore', 'ignore_ament_install']
[2.525s] Level 1:colcon.colcon_core.package_identification:_identify(log) by extension 'ignore'
[2.525s] Level 1:colcon.colcon_core.package_identification:_identify(log) ignored
[2.525s] Level 1:colcon.colcon_core.package_identification:_identify(src) by extensions ['ignore', 'ignore_ament_install']
[2.525s] Level 1:colcon.colcon_core.package_identification:_identify(src) by extension 'ignore'
[2.525s] Level 1:colcon.colcon_core.package_identification:_identify(src) by extension 'ignore_ament_install'
[2.526s] Level 1:colcon.colcon_core.package_identification:_identify(src) by extensions ['colcon_pkg']
[2.526s] Level 1:colcon.colcon_core.package_identification:_identify(src) by extension 'colcon_pkg'
[2.526s] Level 1:colcon.colcon_core.package_identification:_identify(src) by extensions ['colcon_meta']
[2.526s] Level 1:colcon.colcon_core.package_identification:_identify(src) by extension 'colcon_meta'
[2.526s] Level 1:colcon.colcon_core.package_identification:_identify(src) by extensions ['ros']
[2.526s] Level 1:colcon.colcon_core.package_identification:_identify(src) by extension 'ros'
[2.526s] Level 1:colcon.colcon_core.package_identification:_identify(src) by extensions ['cmake', 'python']
[2.526s] Level 1:colcon.colcon_core.package_identification:_identify(src) by extension 'cmake'
[2.526s] Level 1:colcon.colcon_core.package_identification:_identify(src) by extension 'python'
[2.526s] Level 1:colcon.colcon_core.package_identification:_identify(src) by extensions ['python_setup_py']
[2.526s] Level 1:colcon.colcon_core.package_identification:_identify(src) by extension 'python_setup_py'
[2.526s] Level 1:colcon.colcon_core.package_identification:_identify(src/natnet_ros2) by extensions ['ignore', 'ignore_ament_install']
[2.526s] Level 1:colcon.colcon_core.package_identification:_identify(src/natnet_ros2) by extension 'ignore'
[2.526s] Level 1:colcon.colcon_core.package_identification:_identify(src/natnet_ros2) by extension 'ignore_ament_install'
[2.526s] Level 1:colcon.colcon_core.package_identification:_identify(src/natnet_ros2) by extensions ['colcon_pkg']
[2.526s] Level 1:colcon.colcon_core.package_identification:_identify(src/natnet_ros2) by extension 'colcon_pkg'
[2.526s] Level 1:colcon.colcon_core.package_identification:_identify(src/natnet_ros2) by extensions ['colcon_meta']
[2.526s] Level 1:colcon.colcon_core.package_identification:_identify(src/natnet_ros2) by extension 'colcon_meta'
[2.526s] Level 1:colcon.colcon_core.package_identification:_identify(src/natnet_ros2) by extensions ['ros']
[2.526s] Level 1:colcon.colcon_core.package_identification:_identify(src/natnet_ros2) by extension 'ros'
[2.540s] DEBUG:colcon.colcon_core.package_identification:Package 'src/natnet_ros2' with type 'ros.ament_cmake' and name 'natnet_ros2'
[2.540s] Level 1:colcon.colcon_core.package_discovery:discover_packages(recursive) using defaults
[2.540s] Level 1:colcon.colcon_core.package_discovery:discover_packages(ignore) discover
[2.540s] Level 1:colcon.colcon_core.package_discovery:discover_packages(ignore) using defaults
[2.540s] Level 1:colcon.colcon_core.package_discovery:discover_packages(path) discover
[2.540s] Level 1:colcon.colcon_core.package_discovery:discover_packages(path) using defaults
[2.696s] Level 1:colcon.colcon_core.package_discovery:discover_packages(prefix_path) check parameters
[2.696s] Level 1:colcon.colcon_core.package_discovery:discover_packages(prefix_path) discover
[2.708s] DEBUG:colcon.colcon_installed_package_information.package_discovery:Found 1 installed packages in /home/droneops/droneops/install
[2.709s] DEBUG:colcon.colcon_installed_package_information.package_discovery:Found 271 installed packages in /opt/ros/humble
[2.711s] Level 1:colcon.colcon_core.package_discovery:discover_packages(prefix_path) using defaults
[2.749s] Level 5:colcon.colcon_core.verb:set package 'natnet_ros2' build argument 'cmake_args' from command line to 'None'
[2.749s] Level 5:colcon.colcon_core.verb:set package 'natnet_ros2' build argument 'cmake_target' from command line to 'None'
[2.749s] Level 5:colcon.colcon_core.verb:set package 'natnet_ros2' build argument 'cmake_target_skip_unavailable' from command line to 'False'
[2.749s] Level 5:colcon.colcon_core.verb:set package 'natnet_ros2' build argument 'cmake_clean_cache' from command line to 'False'
[2.749s] Level 5:colcon.colcon_core.verb:set package 'natnet_ros2' build argument 'cmake_clean_first' from command line to 'False'
[2.749s] Level 5:colcon.colcon_core.verb:set package 'natnet_ros2' build argument 'cmake_force_configure' from command line to 'False'
[2.749s] Level 5:colcon.colcon_core.verb:set package 'natnet_ros2' build argument 'ament_cmake_args' from command line to 'None'
[2.749s] Level 5:colcon.colcon_core.verb:set package 'natnet_ros2' build argument 'catkin_cmake_args' from command line to 'None'
[2.749s] Level 5:colcon.colcon_core.verb:set package 'natnet_ros2' build argument 'catkin_skip_building_tests' from command line to 'False'
[2.749s] DEBUG:colcon.colcon_core.verb:Building package 'natnet_ros2' with the following arguments: {'ament_cmake_args': None, 'build_base': '/home/droneops/ros2_ws/build/natnet_ros2', 'catkin_cmake_args': None, 'catkin_skip_building_tests': False, 'cmake_args': None, 'cmake_clean_cache': False, 'cmake_clean_first': False, 'cmake_force_configure': False, 'cmake_target': None, 'cmake_target_skip_unavailable': False, 'install_base': '/home/droneops/ros2_ws/install/natnet_ros2', 'merge_install': False, 'path': '/home/droneops/ros2_ws/src/natnet_ros2', 'symlink_install': True, 'test_result_base': None}
[2.749s] INFO:colcon.colcon_core.executor:Executing jobs using 'parallel' executor
[2.750s] DEBUG:colcon.colcon_parallel_executor.executor.parallel:run_until_complete
[2.750s] INFO:colcon.colcon_ros.task.ament_cmake.build:Building ROS package in '/home/droneops/ros2_ws/src/natnet_ros2' with build type 'ament_cmake'
[2.750s] INFO:colcon.colcon_cmake.task.cmake.build:Building CMake package in '/home/droneops/ros2_ws/src/natnet_ros2'
[2.774s] INFO:colcon.colcon_core.plugin_system:Skipping extension 'colcon_core.shell.bat': Not used on non-Windows systems
[2.774s] INFO:colcon.colcon_core.shell:Skip shell extension 'powershell' for command environment: Not usable outside of PowerShell
[2.774s] DEBUG:colcon.colcon_core.shell:Skip shell extension 'dsv' for command environment
[2.799s] DEBUG:colcon.colcon_core.event_handler.log_command:Invoking command in '/home/droneops/ros2_ws/build/natnet_ros2': CMAKE_PREFIX_PATH=/home/droneops/droneops/install/bridge_optitrack:/opt/ros/humble /usr/bin/cmake /home/droneops/ros2_ws/src/natnet_ros2 -DAMENT_CMAKE_SYMLINK_INSTALL=1 -DCMAKE_INSTALL_PREFIX=/home/droneops/ros2_ws/install/natnet_ros2
[9.369s] DEBUG:colcon.colcon_core.event_handler.log_command:Invoked command in '/home/droneops/ros2_ws/build/natnet_ros2' returned '0': CMAKE_PREFIX_PATH=/home/droneops/droneops/install/bridge_optitrack:/opt/ros/humble /usr/bin/cmake /home/droneops/ros2_ws/src/natnet_ros2 -DAMENT_CMAKE_SYMLINK_INSTALL=1 -DCMAKE_INSTALL_PREFIX=/home/droneops/ros2_ws/install/natnet_ros2
[9.373s] DEBUG:colcon.colcon_core.event_handler.log_command:Invoking command in '/home/droneops/ros2_ws/build/natnet_ros2': CMAKE_PREFIX_PATH=/home/droneops/droneops/install/bridge_optitrack:/opt/ros/humble /usr/bin/cmake --build /home/droneops/ros2_ws/build/natnet_ros2 -- -j8 -l8
[16.633s] DEBUG:colcon.colcon_core.event_handler.log_command:Invoked command in '/home/droneops/ros2_ws/build/natnet_ros2' returned '0': CMAKE_PREFIX_PATH=/home/droneops/droneops/install/bridge_optitrack:/opt/ros/humble /usr/bin/cmake --build /home/droneops/ros2_ws/build/natnet_ros2 -- -j8 -l8
[16.652s] DEBUG:colcon.colcon_core.event_handler.log_command:Invoking command in '/home/droneops/ros2_ws/build/natnet_ros2': CMAKE_PREFIX_PATH=/home/droneops/droneops/install/bridge_optitrack:/opt/ros/humble /usr/bin/cmake --install /home/droneops/ros2_ws/build/natnet_ros2
[17.615s] Level 1:colcon.colcon_core.environment:create_environment_scripts_only(natnet_ros2)
[17.617s] DEBUG:colcon.colcon_core.event_handler.log_command:Invoked command in '/home/droneops/ros2_ws/build/natnet_ros2' returned '0': CMAKE_PREFIX_PATH=/home/droneops/droneops/install/bridge_optitrack:/opt/ros/humble /usr/bin/cmake --install /home/droneops/ros2_ws/build/natnet_ros2
[17.667s] Level 1:colcon.colcon_core.environment:checking '/home/droneops/ros2_ws/install/natnet_ros2' for CMake module files
[17.668s] Level 1:colcon.colcon_core.environment:checking '/home/droneops/ros2_ws/install/natnet_ros2' for CMake config files
[17.669s] Level 1:colcon.colcon_core.shell:create_environment_hook('natnet_ros2', 'cmake_prefix_path')
[17.669s] INFO:colcon.colcon_core.shell:Creating environment hook '/home/droneops/ros2_ws/install/natnet_ros2/share/natnet_ros2/hook/cmake_prefix_path.ps1'
[17.682s] INFO:colcon.colcon_core.shell:Creating environment descriptor '/home/droneops/ros2_ws/install/natnet_ros2/share/natnet_ros2/hook/cmake_prefix_path.dsv'
[17.695s] INFO:colcon.colcon_core.shell:Creating environment hook '/home/droneops/ros2_ws/install/natnet_ros2/share/natnet_ros2/hook/cmake_prefix_path.sh'
[17.697s] Level 1:colcon.colcon_core.environment:checking '/home/droneops/ros2_ws/install/natnet_ros2/lib'
[17.698s] Level 1:colcon.colcon_core.shell:create_environment_hook('natnet_ros2', 'ld_library_path_lib')
[17.698s] INFO:colcon.colcon_core.shell:Creating environment hook '/home/droneops/ros2_ws/install/natnet_ros2/share/natnet_ros2/hook/ld_library_path_lib.ps1'
[17.698s] INFO:colcon.colcon_core.shell:Creating environment descriptor '/home/droneops/ros2_ws/install/natnet_ros2/share/natnet_ros2/hook/ld_library_path_lib.dsv'
[17.699s] INFO:colcon.colcon_core.shell:Creating environment hook '/home/droneops/ros2_ws/install/natnet_ros2/share/natnet_ros2/hook/ld_library_path_lib.sh'
[17.699s] Level 1:colcon.colcon_core.environment:checking '/home/droneops/ros2_ws/install/natnet_ros2/bin'
[17.699s] Level 1:colcon.colcon_core.shell:create_environment_hook('natnet_ros2', 'path')
[17.699s] INFO:colcon.colcon_core.shell:Creating environment hook '/home/droneops/ros2_ws/install/natnet_ros2/share/natnet_ros2/hook/path.ps1'
[17.700s] INFO:colcon.colcon_core.shell:Creating environment descriptor '/home/droneops/ros2_ws/install/natnet_ros2/share/natnet_ros2/hook/path.dsv'
[17.700s] INFO:colcon.colcon_core.shell:Creating environment hook '/home/droneops/ros2_ws/install/natnet_ros2/share/natnet_ros2/hook/path.sh'
[17.701s] Level 1:colcon.colcon_core.environment:checking '/home/droneops/ros2_ws/install/natnet_ros2/lib/pkgconfig/natnet_ros2.pc'
[17.701s] Level 1:colcon.colcon_core.environment:checking '/home/droneops/ros2_ws/install/natnet_ros2/lib/python3.10/site-packages'
[17.701s] Level 1:colcon.colcon_core.environment:checking '/home/droneops/ros2_ws/install/natnet_ros2/bin'
[17.701s] Level 1:colcon.colcon_core.shell:create_environment_hook('natnet_ros2', 'pythonscriptspath')
[17.702s] INFO:colcon.colcon_core.shell:Creating environment hook '/home/droneops/ros2_ws/install/natnet_ros2/share/natnet_ros2/hook/pythonscriptspath.ps1'
[17.702s] INFO:colcon.colcon_core.shell:Creating environment descriptor '/home/droneops/ros2_ws/install/natnet_ros2/share/natnet_ros2/hook/pythonscriptspath.dsv'
[17.703s] INFO:colcon.colcon_core.shell:Creating environment hook '/home/droneops/ros2_ws/install/natnet_ros2/share/natnet_ros2/hook/pythonscriptspath.sh'
[17.704s] INFO:colcon.colcon_core.shell:Creating package script '/home/droneops/ros2_ws/install/natnet_ros2/share/natnet_ros2/package.ps1'
[17.705s] INFO:colcon.colcon_core.shell:Creating package descriptor '/home/droneops/ros2_ws/install/natnet_ros2/share/natnet_ros2/package.dsv'
[17.706s] INFO:colcon.colcon_core.shell:Creating package script '/home/droneops/ros2_ws/install/natnet_ros2/share/natnet_ros2/package.sh'
[17.707s] INFO:colcon.colcon_core.shell:Creating package script '/home/droneops/ros2_ws/install/natnet_ros2/share/natnet_ros2/package.bash'
[17.714s] INFO:colcon.colcon_core.shell:Creating package script '/home/droneops/ros2_ws/install/natnet_ros2/share/natnet_ros2/package.zsh'
[17.724s] Level 1:colcon.colcon_core.environment:create_file_with_runtime_dependencies(/home/droneops/ros2_ws/install/natnet_ros2/share/colcon-core/packages/natnet_ros2)
[17.725s] Level 1:colcon.colcon_core.environment:create_environment_scripts_only(natnet_ros2)
[17.726s] Level 1:colcon.colcon_core.environment:checking '/home/droneops/ros2_ws/install/natnet_ros2' for CMake module files
[17.728s] Level 1:colcon.colcon_core.environment:checking '/home/droneops/ros2_ws/install/natnet_ros2' for CMake config files
[17.729s] Level 1:colcon.colcon_core.shell:create_environment_hook('natnet_ros2', 'cmake_prefix_path')
[17.729s] INFO:colcon.colcon_core.shell:Creating environment hook '/home/droneops/ros2_ws/install/natnet_ros2/share/natnet_ros2/hook/cmake_prefix_path.ps1'
[17.730s] INFO:colcon.colcon_core.shell:Creating environment descriptor '/home/droneops/ros2_ws/install/natnet_ros2/share/natnet_ros2/hook/cmake_prefix_path.dsv'
[17.731s] INFO:colcon.colcon_core.shell:Creating environment hook '/home/droneops/ros2_ws/install/natnet_ros2/share/natnet_ros2/hook/cmake_prefix_path.sh'
[17.733s] Level 1:colcon.colcon_core.environment:checking '/home/droneops/ros2_ws/install/natnet_ros2/lib'
[17.733s] Level 1:colcon.colcon_core.shell:create_environment_hook('natnet_ros2', 'ld_library_path_lib')
[17.734s] INFO:colcon.colcon_core.shell:Creating environment hook '/home/droneops/ros2_ws/install/natnet_ros2/share/natnet_ros2/hook/ld_library_path_lib.ps1'
[17.735s] INFO:colcon.colcon_core.shell:Creating environment descriptor '/home/droneops/ros2_ws/install/natnet_ros2/share/natnet_ros2/hook/ld_library_path_lib.dsv'
[17.736s] INFO:colcon.colcon_core.shell:Creating environment hook '/home/droneops/ros2_ws/install/natnet_ros2/share/natnet_ros2/hook/ld_library_path_lib.sh'
[17.737s] Level 1:colcon.colcon_core.environment:checking '/home/droneops/ros2_ws/install/natnet_ros2/bin'
[17.737s] Level 1:colcon.colcon_core.shell:create_environment_hook('natnet_ros2', 'path')
[17.737s] INFO:colcon.colcon_core.shell:Creating environment hook '/home/droneops/ros2_ws/install/natnet_ros2/share/natnet_ros2/hook/path.ps1'
[17.738s] INFO:colcon.colcon_core.shell:Creating environment descriptor '/home/droneops/ros2_ws/install/natnet_ros2/share/natnet_ros2/hook/path.dsv'
[17.739s] INFO:colcon.colcon_core.shell:Creating environment hook '/home/droneops/ros2_ws/install/natnet_ros2/share/natnet_ros2/hook/path.sh'
[17.740s] Level 1:colcon.colcon_core.environment:checking '/home/droneops/ros2_ws/install/natnet_ros2/lib/pkgconfig/natnet_ros2.pc'
[17.740s] Level 1:colcon.colcon_core.environment:checking '/home/droneops/ros2_ws/install/natnet_ros2/lib/python3.10/site-packages'
[17.740s] Level 1:colcon.colcon_core.environment:checking '/home/droneops/ros2_ws/install/natnet_ros2/bin'
[17.740s] Level 1:colcon.colcon_core.shell:create_environment_hook('natnet_ros2', 'pythonscriptspath')
[17.741s] INFO:colcon.colcon_core.shell:Creating environment hook '/home/droneops/ros2_ws/install/natnet_ros2/share/natnet_ros2/hook/pythonscriptspath.ps1'
[17.741s] INFO:colcon.colcon_core.shell:Creating environment descriptor '/home/droneops/ros2_ws/install/natnet_ros2/share/natnet_ros2/hook/pythonscriptspath.dsv'
[17.742s] INFO:colcon.colcon_core.shell:Creating environment hook '/home/droneops/ros2_ws/install/natnet_ros2/share/natnet_ros2/hook/pythonscriptspath.sh'
[17.743s] INFO:colcon.colcon_core.shell:Creating package script '/home/droneops/ros2_ws/install/natnet_ros2/share/natnet_ros2/package.ps1'
[17.744s] INFO:colcon.colcon_core.shell:Creating package descriptor '/home/droneops/ros2_ws/install/natnet_ros2/share/natnet_ros2/package.dsv'
[17.745s] INFO:colcon.colcon_core.shell:Creating package script '/home/droneops/ros2_ws/install/natnet_ros2/share/natnet_ros2/package.sh'
[17.746s] INFO:colcon.colcon_core.shell:Creating package script '/home/droneops/ros2_ws/install/natnet_ros2/share/natnet_ros2/package.bash'
[17.747s] INFO:colcon.colcon_core.shell:Creating package script '/home/droneops/ros2_ws/install/natnet_ros2/share/natnet_ros2/package.zsh'
[17.747s] Level 1:colcon.colcon_core.environment:create_file_with_runtime_dependencies(/home/droneops/ros2_ws/install/natnet_ros2/share/colcon-core/packages/natnet_ros2)
[17.748s] DEBUG:colcon.colcon_parallel_executor.executor.parallel:closing loop
[17.748s] DEBUG:colcon.colcon_parallel_executor.executor.parallel:loop closed
[17.748s] DEBUG:colcon.colcon_parallel_executor.executor.parallel:run_until_complete finished with '0'
[17.748s] DEBUG:colcon.colcon_core.event_reactor:joining thread
[17.755s] INFO:colcon.colcon_core.plugin_system:Skipping extension 'colcon_notification.desktop_notification.terminal_notifier': Not used on non-Darwin systems
[17.755s] INFO:colcon.colcon_core.plugin_system:Skipping extension 'colcon_notification.desktop_notification.win32': Not used on non-Windows systems
[17.756s] INFO:colcon.colcon_notification.desktop_notification:Sending desktop notification using 'notify2'
[17.783s] DEBUG:colcon.colcon_core.event_reactor:joined thread
[17.784s] INFO:colcon.colcon_core.shell:Creating prefix script '/home/droneops/ros2_ws/install/local_setup.ps1'
[17.786s] INFO:colcon.colcon_core.shell:Creating prefix util module '/home/droneops/ros2_ws/install/_local_setup_util_ps1.py'
[17.831s] INFO:colcon.colcon_core.shell:Creating prefix chain script '/home/droneops/ros2_ws/install/setup.ps1'
[17.834s] INFO:colcon.colcon_core.shell:Creating prefix script '/home/droneops/ros2_ws/install/local_setup.sh'
[17.836s] INFO:colcon.colcon_core.shell:Creating prefix util module '/home/droneops/ros2_ws/install/_local_setup_util_sh.py'
[17.837s] INFO:colcon.colcon_core.shell:Creating prefix chain script '/home/droneops/ros2_ws/install/setup.sh'
[17.840s] INFO:colcon.colcon_core.shell:Creating prefix script '/home/droneops/ros2_ws/install/local_setup.bash'
[17.849s] INFO:colcon.colcon_core.shell:Creating prefix chain script '/home/droneops/ros2_ws/install/setup.bash'
[17.852s] INFO:colcon.colcon_core.shell:Creating prefix script '/home/droneops/ros2_ws/install/local_setup.zsh'
[17.853s] INFO:colcon.colcon_core.shell:Creating prefix chain script '/home/droneops/ros2_ws/install/setup.zsh'
