[0.082s] DEBUG:colcon:Command line arguments: ['/usr/bin/colcon', 'build']
[0.082s] DEBUG:colcon:Parsed command line arguments: Namespace(log_base=None, log_level=None, verb_name='build', build_base='build', install_base='install', merge_install=False, symlink_install=False, test_result_base=None, continue_on_error=False, executor='parallel', parallel_workers=8, event_handlers=None, ignore_user_meta=False, metas=['./colcon.meta'], base_paths=['.'], packages_ignore=None, packages_ignore_regex=None, paths=None, packages_up_to=None, packages_up_to_regex=None, packages_above=None, packages_above_and_dependencies=None, packages_above_depth=None, packages_select_by_dep=None, packages_skip_by_dep=None, packages_skip_up_to=None, packages_select_build_failed=False, packages_skip_build_finished=False, packages_select_test_failures=False, packages_skip_test_passed=False, packages_select=None, packages_skip=None, packages_select_regex=None, packages_skip_regex=None, packages_start=None, packages_end=None, allow_overriding=[], cmake_args=None, cmake_target=None, cmake_target_skip_unavailable=False, cmake_clean_cache=False, cmake_clean_first=False, cmake_force_configure=False, ament_cmake_args=None, catkin_cmake_args=None, catkin_skip_building_tests=False, mixin_files=None, mixin=None, verb_parser=<colcon_mixin.mixin.mixin_argument.MixinArgumentDecorator object at 0x709a02261c30>, verb_extension=<colcon_core.verb.build.BuildVerb object at 0x709a02261630>, main=<bound method BuildVerb.main of <colcon_core.verb.build.BuildVerb object at 0x709a02261630>>, mixin_verb=('build',))
[0.216s] Level 1:colcon.colcon_core.package_discovery:discover_packages(colcon_meta) check parameters
[0.216s] Level 1:colcon.colcon_core.package_discovery:discover_packages(recursive) check parameters
[0.216s] Level 1:colcon.colcon_core.package_discovery:discover_packages(ignore) check parameters
[0.216s] Level 1:colcon.colcon_core.package_discovery:discover_packages(path) check parameters
[0.216s] Level 1:colcon.colcon_core.package_discovery:discover_packages(colcon_meta) discover
[0.216s] Level 1:colcon.colcon_core.package_discovery:discover_packages(recursive) discover
[0.217s] INFO:colcon.colcon_core.package_discovery:Crawling recursively for packages in '/home/droneops/ros2_ws'
[0.217s] Level 1:colcon.colcon_core.package_identification:_identify(.) by extensions ['ignore', 'ignore_ament_install']
[0.217s] Level 1:colcon.colcon_core.package_identification:_identify(.) by extension 'ignore'
[0.217s] Level 1:colcon.colcon_core.package_identification:_identify(.) by extension 'ignore_ament_install'
[0.217s] Level 1:colcon.colcon_core.package_identification:_identify(.) by extensions ['colcon_pkg']
[0.217s] Level 1:colcon.colcon_core.package_identification:_identify(.) by extension 'colcon_pkg'
[0.217s] Level 1:colcon.colcon_core.package_identification:_identify(.) by extensions ['colcon_meta']
[0.217s] Level 1:colcon.colcon_core.package_identification:_identify(.) by extension 'colcon_meta'
[0.217s] Level 1:colcon.colcon_core.package_identification:_identify(.) by extensions ['ros']
[0.217s] Level 1:colcon.colcon_core.package_identification:_identify(.) by extension 'ros'
[0.226s] Level 1:colcon.colcon_core.package_identification:_identify(.) by extensions ['cmake', 'python']
[0.226s] Level 1:colcon.colcon_core.package_identification:_identify(.) by extension 'cmake'
[0.226s] Level 1:colcon.colcon_core.package_identification:_identify(.) by extension 'python'
[0.226s] Level 1:colcon.colcon_core.package_identification:_identify(.) by extensions ['python_setup_py']
[0.226s] Level 1:colcon.colcon_core.package_identification:_identify(.) by extension 'python_setup_py'
[0.226s] Level 1:colcon.colcon_core.package_identification:_identify(build) by extensions ['ignore', 'ignore_ament_install']
[0.226s] Level 1:colcon.colcon_core.package_identification:_identify(build) by extension 'ignore'
[0.226s] Level 1:colcon.colcon_core.package_identification:_identify(build) ignored
[0.226s] Level 1:colcon.colcon_core.package_identification:_identify(install) by extensions ['ignore', 'ignore_ament_install']
[0.226s] Level 1:colcon.colcon_core.package_identification:_identify(install) by extension 'ignore'
[0.226s] Level 1:colcon.colcon_core.package_identification:_identify(install) ignored
[0.226s] Level 1:colcon.colcon_core.package_identification:_identify(log) by extensions ['ignore', 'ignore_ament_install']
[0.226s] Level 1:colcon.colcon_core.package_identification:_identify(log) by extension 'ignore'
[0.226s] Level 1:colcon.colcon_core.package_identification:_identify(log) ignored
[0.226s] Level 1:colcon.colcon_core.package_identification:_identify(src) by extensions ['ignore', 'ignore_ament_install']
[0.226s] Level 1:colcon.colcon_core.package_identification:_identify(src) by extension 'ignore'
[0.226s] Level 1:colcon.colcon_core.package_identification:_identify(src) by extension 'ignore_ament_install'
[0.227s] Level 1:colcon.colcon_core.package_identification:_identify(src) by extensions ['colcon_pkg']
[0.227s] Level 1:colcon.colcon_core.package_identification:_identify(src) by extension 'colcon_pkg'
[0.227s] Level 1:colcon.colcon_core.package_identification:_identify(src) by extensions ['colcon_meta']
[0.227s] Level 1:colcon.colcon_core.package_identification:_identify(src) by extension 'colcon_meta'
[0.227s] Level 1:colcon.colcon_core.package_identification:_identify(src) by extensions ['ros']
[0.227s] Level 1:colcon.colcon_core.package_identification:_identify(src) by extension 'ros'
[0.227s] Level 1:colcon.colcon_core.package_identification:_identify(src) by extensions ['cmake', 'python']
[0.227s] Level 1:colcon.colcon_core.package_identification:_identify(src) by extension 'cmake'
[0.227s] Level 1:colcon.colcon_core.package_identification:_identify(src) by extension 'python'
[0.227s] Level 1:colcon.colcon_core.package_identification:_identify(src) by extensions ['python_setup_py']
[0.227s] Level 1:colcon.colcon_core.package_identification:_identify(src) by extension 'python_setup_py'
[0.227s] Level 1:colcon.colcon_core.package_identification:_identify(src/natnet_ros2) by extensions ['ignore', 'ignore_ament_install']
[0.227s] Level 1:colcon.colcon_core.package_identification:_identify(src/natnet_ros2) by extension 'ignore'
[0.227s] Level 1:colcon.colcon_core.package_identification:_identify(src/natnet_ros2) by extension 'ignore_ament_install'
[0.227s] Level 1:colcon.colcon_core.package_identification:_identify(src/natnet_ros2) by extensions ['colcon_pkg']
[0.227s] Level 1:colcon.colcon_core.package_identification:_identify(src/natnet_ros2) by extension 'colcon_pkg'
[0.227s] Level 1:colcon.colcon_core.package_identification:_identify(src/natnet_ros2) by extensions ['colcon_meta']
[0.227s] Level 1:colcon.colcon_core.package_identification:_identify(src/natnet_ros2) by extension 'colcon_meta'
[0.227s] Level 1:colcon.colcon_core.package_identification:_identify(src/natnet_ros2) by extensions ['ros']
[0.227s] Level 1:colcon.colcon_core.package_identification:_identify(src/natnet_ros2) by extension 'ros'
[0.229s] DEBUG:colcon.colcon_core.package_identification:Package 'src/natnet_ros2' with type 'ros.ament_cmake' and name 'natnet_ros2'
[0.230s] Level 1:colcon.colcon_core.package_identification:_identify(src/tello_control) by extensions ['ignore', 'ignore_ament_install']
[0.230s] Level 1:colcon.colcon_core.package_identification:_identify(src/tello_control) by extension 'ignore'
[0.230s] Level 1:colcon.colcon_core.package_identification:_identify(src/tello_control) by extension 'ignore_ament_install'
[0.230s] Level 1:colcon.colcon_core.package_identification:_identify(src/tello_control) by extensions ['colcon_pkg']
[0.230s] Level 1:colcon.colcon_core.package_identification:_identify(src/tello_control) by extension 'colcon_pkg'
[0.230s] Level 1:colcon.colcon_core.package_identification:_identify(src/tello_control) by extensions ['colcon_meta']
[0.230s] Level 1:colcon.colcon_core.package_identification:_identify(src/tello_control) by extension 'colcon_meta'
[0.230s] Level 1:colcon.colcon_core.package_identification:_identify(src/tello_control) by extensions ['ros']
[0.230s] Level 1:colcon.colcon_core.package_identification:_identify(src/tello_control) by extension 'ros'
[0.230s] DEBUG:colcon.colcon_core.package_identification:Package 'src/tello_control' with type 'ros.ament_python' and name 'tello_control'
[0.230s] Level 1:colcon.colcon_core.package_discovery:discover_packages(recursive) using defaults
[0.230s] Level 1:colcon.colcon_core.package_discovery:discover_packages(ignore) discover
[0.230s] Level 1:colcon.colcon_core.package_discovery:discover_packages(ignore) using defaults
[0.230s] Level 1:colcon.colcon_core.package_discovery:discover_packages(path) discover
[0.230s] Level 1:colcon.colcon_core.package_discovery:discover_packages(path) using defaults
[0.258s] Level 1:colcon.colcon_core.package_discovery:discover_packages(prefix_path) check parameters
[0.258s] Level 1:colcon.colcon_core.package_discovery:discover_packages(prefix_path) discover
[0.259s] DEBUG:colcon.colcon_installed_package_information.package_discovery:Found 1 installed packages in /home/droneops/droneops/install
[0.260s] DEBUG:colcon.colcon_installed_package_information.package_discovery:Found 271 installed packages in /opt/ros/humble
[0.261s] Level 1:colcon.colcon_core.package_discovery:discover_packages(prefix_path) using defaults
[0.287s] Level 5:colcon.colcon_core.verb:set package 'natnet_ros2' build argument 'cmake_args' from command line to 'None'
[0.287s] Level 5:colcon.colcon_core.verb:set package 'natnet_ros2' build argument 'cmake_target' from command line to 'None'
[0.287s] Level 5:colcon.colcon_core.verb:set package 'natnet_ros2' build argument 'cmake_target_skip_unavailable' from command line to 'False'
[0.287s] Level 5:colcon.colcon_core.verb:set package 'natnet_ros2' build argument 'cmake_clean_cache' from command line to 'False'
[0.287s] Level 5:colcon.colcon_core.verb:set package 'natnet_ros2' build argument 'cmake_clean_first' from command line to 'False'
[0.287s] Level 5:colcon.colcon_core.verb:set package 'natnet_ros2' build argument 'cmake_force_configure' from command line to 'False'
[0.287s] Level 5:colcon.colcon_core.verb:set package 'natnet_ros2' build argument 'ament_cmake_args' from command line to 'None'
[0.287s] Level 5:colcon.colcon_core.verb:set package 'natnet_ros2' build argument 'catkin_cmake_args' from command line to 'None'
[0.287s] Level 5:colcon.colcon_core.verb:set package 'natnet_ros2' build argument 'catkin_skip_building_tests' from command line to 'False'
[0.288s] DEBUG:colcon.colcon_core.verb:Building package 'natnet_ros2' with the following arguments: {'ament_cmake_args': None, 'build_base': '/home/droneops/ros2_ws/build/natnet_ros2', 'catkin_cmake_args': None, 'catkin_skip_building_tests': False, 'cmake_args': None, 'cmake_clean_cache': False, 'cmake_clean_first': False, 'cmake_force_configure': False, 'cmake_target': None, 'cmake_target_skip_unavailable': False, 'install_base': '/home/droneops/ros2_ws/install/natnet_ros2', 'merge_install': False, 'path': '/home/droneops/ros2_ws/src/natnet_ros2', 'symlink_install': False, 'test_result_base': None}
[0.288s] Level 5:colcon.colcon_core.verb:set package 'tello_control' build argument 'cmake_args' from command line to 'None'
[0.288s] Level 5:colcon.colcon_core.verb:set package 'tello_control' build argument 'cmake_target' from command line to 'None'
[0.288s] Level 5:colcon.colcon_core.verb:set package 'tello_control' build argument 'cmake_target_skip_unavailable' from command line to 'False'
[0.288s] Level 5:colcon.colcon_core.verb:set package 'tello_control' build argument 'cmake_clean_cache' from command line to 'False'
[0.288s] Level 5:colcon.colcon_core.verb:set package 'tello_control' build argument 'cmake_clean_first' from command line to 'False'
[0.288s] Level 5:colcon.colcon_core.verb:set package 'tello_control' build argument 'cmake_force_configure' from command line to 'False'
[0.288s] Level 5:colcon.colcon_core.verb:set package 'tello_control' build argument 'ament_cmake_args' from command line to 'None'
[0.288s] Level 5:colcon.colcon_core.verb:set package 'tello_control' build argument 'catkin_cmake_args' from command line to 'None'
[0.288s] Level 5:colcon.colcon_core.verb:set package 'tello_control' build argument 'catkin_skip_building_tests' from command line to 'False'
[0.288s] DEBUG:colcon.colcon_core.verb:Building package 'tello_control' with the following arguments: {'ament_cmake_args': None, 'build_base': '/home/droneops/ros2_ws/build/tello_control', 'catkin_cmake_args': None, 'catkin_skip_building_tests': False, 'cmake_args': None, 'cmake_clean_cache': False, 'cmake_clean_first': False, 'cmake_force_configure': False, 'cmake_target': None, 'cmake_target_skip_unavailable': False, 'install_base': '/home/droneops/ros2_ws/install/tello_control', 'merge_install': False, 'path': '/home/droneops/ros2_ws/src/tello_control', 'symlink_install': False, 'test_result_base': None}
[0.288s] INFO:colcon.colcon_core.executor:Executing jobs using 'parallel' executor
[0.289s] DEBUG:colcon.colcon_parallel_executor.executor.parallel:run_until_complete
[0.289s] INFO:colcon.colcon_ros.task.ament_cmake.build:Building ROS package in '/home/droneops/ros2_ws/src/natnet_ros2' with build type 'ament_cmake'
[0.289s] INFO:colcon.colcon_cmake.task.cmake.build:Building CMake package in '/home/droneops/ros2_ws/src/natnet_ros2'
[0.291s] INFO:colcon.colcon_core.plugin_system:Skipping extension 'colcon_core.shell.bat': Not used on non-Windows systems
[0.291s] INFO:colcon.colcon_core.shell:Skip shell extension 'powershell' for command environment: Not usable outside of PowerShell
[0.291s] DEBUG:colcon.colcon_core.shell:Skip shell extension 'dsv' for command environment
[0.306s] INFO:colcon.colcon_ros.task.ament_python.build:Building ROS package in '/home/droneops/ros2_ws/src/tello_control' with build type 'ament_python'
[0.306s] Level 1:colcon.colcon_core.shell:create_environment_hook('tello_control', 'ament_prefix_path')
[0.306s] INFO:colcon.colcon_core.shell:Creating environment hook '/home/droneops/ros2_ws/install/tello_control/share/tello_control/hook/ament_prefix_path.ps1'
[0.319s] INFO:colcon.colcon_core.shell:Creating environment descriptor '/home/droneops/ros2_ws/install/tello_control/share/tello_control/hook/ament_prefix_path.dsv'
[0.319s] INFO:colcon.colcon_core.shell:Creating environment hook '/home/droneops/ros2_ws/install/tello_control/share/tello_control/hook/ament_prefix_path.sh'
[0.320s] INFO:colcon.colcon_core.shell:Skip shell extension 'powershell' for command environment: Not usable outside of PowerShell
[0.320s] DEBUG:colcon.colcon_core.shell:Skip shell extension 'dsv' for command environment
[0.348s] DEBUG:colcon.colcon_core.event_handler.log_command:Invoking command in '/home/droneops/ros2_ws/build/natnet_ros2': CMAKE_PREFIX_PATH=/home/droneops/droneops/install/bridge_optitrack:/opt/ros/humble /usr/bin/cmake --build /home/droneops/ros2_ws/build/natnet_ros2 -- -j8 -l8
[0.654s] INFO:colcon.colcon_core.task.python.build:Building Python package in '/home/droneops/ros2_ws/src/tello_control'
[0.655s] INFO:colcon.colcon_core.shell:Skip shell extension 'powershell' for command environment: Not usable outside of PowerShell
[0.655s] DEBUG:colcon.colcon_core.shell:Skip shell extension 'dsv' for command environment
[1.292s] DEBUG:colcon.colcon_core.event_handler.log_command:Invoking command in '/home/droneops/ros2_ws/src/tello_control': PYTHONPATH=/home/droneops/ros2_ws/build/tello_control/prefix_override:/usr/lib/python3/dist-packages/colcon_core/task/python/colcon_distutils_commands:/home/droneops/ros2_ws/install/tello_control/lib/python3.10/site-packages:${PYTHONPATH} /usr/bin/python3 -W ignore:setup.py install is deprecated -W ignore:easy_install command is deprecated setup.py egg_info --egg-base ../../build/tello_control build --build-base /home/droneops/ros2_ws/build/tello_control/build install --record /home/droneops/ros2_ws/build/tello_control/install.log --single-version-externally-managed install_data
[1.617s] Level 1:colcon.colcon_core.environment:checking '/home/droneops/ros2_ws/install/tello_control' for CMake module files
[1.618s] DEBUG:colcon.colcon_core.event_handler.log_command:Invoked command in '/home/droneops/ros2_ws/src/tello_control' returned '0': PYTHONPATH=/home/droneops/ros2_ws/build/tello_control/prefix_override:/usr/lib/python3/dist-packages/colcon_core/task/python/colcon_distutils_commands:/home/droneops/ros2_ws/install/tello_control/lib/python3.10/site-packages:${PYTHONPATH} /usr/bin/python3 -W ignore:setup.py install is deprecated -W ignore:easy_install command is deprecated setup.py egg_info --egg-base ../../build/tello_control build --build-base /home/droneops/ros2_ws/build/tello_control/build install --record /home/droneops/ros2_ws/build/tello_control/install.log --single-version-externally-managed install_data
[1.621s] Level 1:colcon.colcon_core.environment:checking '/home/droneops/ros2_ws/install/tello_control' for CMake config files
[1.622s] Level 1:colcon.colcon_core.environment:checking '/home/droneops/ros2_ws/install/tello_control/lib'
[1.622s] Level 1:colcon.colcon_core.environment:checking '/home/droneops/ros2_ws/install/tello_control/bin'
[1.622s] Level 1:colcon.colcon_core.environment:checking '/home/droneops/ros2_ws/install/tello_control/lib/pkgconfig/tello_control.pc'
[1.622s] Level 1:colcon.colcon_core.environment:checking '/home/droneops/ros2_ws/install/tello_control/lib/python3.10/site-packages'
[1.622s] Level 1:colcon.colcon_core.shell:create_environment_hook('tello_control', 'pythonpath')
[1.623s] INFO:colcon.colcon_core.shell:Creating environment hook '/home/droneops/ros2_ws/install/tello_control/share/tello_control/hook/pythonpath.ps1'
[1.625s] INFO:colcon.colcon_core.shell:Creating environment descriptor '/home/droneops/ros2_ws/install/tello_control/share/tello_control/hook/pythonpath.dsv'
[1.625s] INFO:colcon.colcon_core.shell:Creating environment hook '/home/droneops/ros2_ws/install/tello_control/share/tello_control/hook/pythonpath.sh'
[1.628s] Level 1:colcon.colcon_core.environment:checking '/home/droneops/ros2_ws/install/tello_control/bin'
[1.628s] Level 1:colcon.colcon_core.environment:create_environment_scripts_only(tello_control)
[1.629s] INFO:colcon.colcon_core.shell:Creating package script '/home/droneops/ros2_ws/install/tello_control/share/tello_control/package.ps1'
[1.630s] INFO:colcon.colcon_core.shell:Creating package descriptor '/home/droneops/ros2_ws/install/tello_control/share/tello_control/package.dsv'
[1.632s] INFO:colcon.colcon_core.shell:Creating package script '/home/droneops/ros2_ws/install/tello_control/share/tello_control/package.sh'
[1.636s] INFO:colcon.colcon_core.shell:Creating package script '/home/droneops/ros2_ws/install/tello_control/share/tello_control/package.bash'
[1.637s] INFO:colcon.colcon_core.shell:Creating package script '/home/droneops/ros2_ws/install/tello_control/share/tello_control/package.zsh'
[1.638s] Level 1:colcon.colcon_core.environment:create_file_with_runtime_dependencies(/home/droneops/ros2_ws/install/tello_control/share/colcon-core/packages/tello_control)
[7.069s] DEBUG:colcon.colcon_core.event_handler.log_command:Invoked command in '/home/droneops/ros2_ws/build/natnet_ros2' returned '0': CMAKE_PREFIX_PATH=/home/droneops/droneops/install/bridge_optitrack:/opt/ros/humble /usr/bin/cmake --build /home/droneops/ros2_ws/build/natnet_ros2 -- -j8 -l8
[7.105s] DEBUG:colcon.colcon_core.event_handler.log_command:Invoking command in '/home/droneops/ros2_ws/build/natnet_ros2': CMAKE_PREFIX_PATH=/home/droneops/droneops/install/bridge_optitrack:/opt/ros/humble /usr/bin/cmake --install /home/droneops/ros2_ws/build/natnet_ros2
[7.260s] Level 1:colcon.colcon_core.environment:create_environment_scripts_only(natnet_ros2)
[7.261s] Level 1:colcon.colcon_core.environment:checking '/home/droneops/ros2_ws/install/natnet_ros2' for CMake module files
[7.262s] DEBUG:colcon.colcon_core.event_handler.log_command:Invoked command in '/home/droneops/ros2_ws/build/natnet_ros2' returned '0': CMAKE_PREFIX_PATH=/home/droneops/droneops/install/bridge_optitrack:/opt/ros/humble /usr/bin/cmake --install /home/droneops/ros2_ws/build/natnet_ros2
[7.263s] Level 1:colcon.colcon_core.environment:checking '/home/droneops/ros2_ws/install/natnet_ros2' for CMake config files
[7.263s] Level 1:colcon.colcon_core.shell:create_environment_hook('natnet_ros2', 'cmake_prefix_path')
[7.263s] INFO:colcon.colcon_core.shell:Creating environment hook '/home/droneops/ros2_ws/install/natnet_ros2/share/natnet_ros2/hook/cmake_prefix_path.ps1'
[7.264s] INFO:colcon.colcon_core.shell:Creating environment descriptor '/home/droneops/ros2_ws/install/natnet_ros2/share/natnet_ros2/hook/cmake_prefix_path.dsv'
[7.264s] INFO:colcon.colcon_core.shell:Creating environment hook '/home/droneops/ros2_ws/install/natnet_ros2/share/natnet_ros2/hook/cmake_prefix_path.sh'
[7.264s] Level 1:colcon.colcon_core.environment:checking '/home/droneops/ros2_ws/install/natnet_ros2/lib'
[7.264s] Level 1:colcon.colcon_core.shell:create_environment_hook('natnet_ros2', 'ld_library_path_lib')
[7.265s] INFO:colcon.colcon_core.shell:Creating environment hook '/home/droneops/ros2_ws/install/natnet_ros2/share/natnet_ros2/hook/ld_library_path_lib.ps1'
[7.265s] INFO:colcon.colcon_core.shell:Creating environment descriptor '/home/droneops/ros2_ws/install/natnet_ros2/share/natnet_ros2/hook/ld_library_path_lib.dsv'
[7.265s] INFO:colcon.colcon_core.shell:Creating environment hook '/home/droneops/ros2_ws/install/natnet_ros2/share/natnet_ros2/hook/ld_library_path_lib.sh'
[7.265s] Level 1:colcon.colcon_core.environment:checking '/home/droneops/ros2_ws/install/natnet_ros2/bin'
[7.265s] Level 1:colcon.colcon_core.shell:create_environment_hook('natnet_ros2', 'path')
[7.266s] INFO:colcon.colcon_core.shell:Creating environment hook '/home/droneops/ros2_ws/install/natnet_ros2/share/natnet_ros2/hook/path.ps1'
[7.266s] INFO:colcon.colcon_core.shell:Creating environment descriptor '/home/droneops/ros2_ws/install/natnet_ros2/share/natnet_ros2/hook/path.dsv'
[7.266s] INFO:colcon.colcon_core.shell:Creating environment hook '/home/droneops/ros2_ws/install/natnet_ros2/share/natnet_ros2/hook/path.sh'
[7.266s] Level 1:colcon.colcon_core.environment:checking '/home/droneops/ros2_ws/install/natnet_ros2/lib/pkgconfig/natnet_ros2.pc'
[7.267s] Level 1:colcon.colcon_core.environment:checking '/home/droneops/ros2_ws/install/natnet_ros2/lib/python3.10/site-packages'
[7.267s] Level 1:colcon.colcon_core.environment:checking '/home/droneops/ros2_ws/install/natnet_ros2/bin'
[7.267s] Level 1:colcon.colcon_core.shell:create_environment_hook('natnet_ros2', 'pythonscriptspath')
[7.267s] INFO:colcon.colcon_core.shell:Creating environment hook '/home/droneops/ros2_ws/install/natnet_ros2/share/natnet_ros2/hook/pythonscriptspath.ps1'
[7.267s] INFO:colcon.colcon_core.shell:Creating environment descriptor '/home/droneops/ros2_ws/install/natnet_ros2/share/natnet_ros2/hook/pythonscriptspath.dsv'
[7.268s] INFO:colcon.colcon_core.shell:Creating environment hook '/home/droneops/ros2_ws/install/natnet_ros2/share/natnet_ros2/hook/pythonscriptspath.sh'
[7.268s] INFO:colcon.colcon_core.shell:Creating package script '/home/droneops/ros2_ws/install/natnet_ros2/share/natnet_ros2/package.ps1'
[7.269s] INFO:colcon.colcon_core.shell:Creating package descriptor '/home/droneops/ros2_ws/install/natnet_ros2/share/natnet_ros2/package.dsv'
[7.269s] INFO:colcon.colcon_core.shell:Creating package script '/home/droneops/ros2_ws/install/natnet_ros2/share/natnet_ros2/package.sh'
[7.269s] INFO:colcon.colcon_core.shell:Creating package script '/home/droneops/ros2_ws/install/natnet_ros2/share/natnet_ros2/package.bash'
[7.270s] INFO:colcon.colcon_core.shell:Creating package script '/home/droneops/ros2_ws/install/natnet_ros2/share/natnet_ros2/package.zsh'
[7.270s] Level 1:colcon.colcon_core.environment:create_file_with_runtime_dependencies(/home/droneops/ros2_ws/install/natnet_ros2/share/colcon-core/packages/natnet_ros2)
[7.270s] Level 1:colcon.colcon_core.environment:create_environment_scripts_only(natnet_ros2)
[7.270s] Level 1:colcon.colcon_core.environment:checking '/home/droneops/ros2_ws/install/natnet_ros2' for CMake module files
[7.271s] Level 1:colcon.colcon_core.environment:checking '/home/droneops/ros2_ws/install/natnet_ros2' for CMake config files
[7.271s] Level 1:colcon.colcon_core.shell:create_environment_hook('natnet_ros2', 'cmake_prefix_path')
[7.271s] INFO:colcon.colcon_core.shell:Creating environment hook '/home/droneops/ros2_ws/install/natnet_ros2/share/natnet_ros2/hook/cmake_prefix_path.ps1'
[7.272s] INFO:colcon.colcon_core.shell:Creating environment descriptor '/home/droneops/ros2_ws/install/natnet_ros2/share/natnet_ros2/hook/cmake_prefix_path.dsv'
[7.272s] INFO:colcon.colcon_core.shell:Creating environment hook '/home/droneops/ros2_ws/install/natnet_ros2/share/natnet_ros2/hook/cmake_prefix_path.sh'
[7.272s] Level 1:colcon.colcon_core.environment:checking '/home/droneops/ros2_ws/install/natnet_ros2/lib'
[7.272s] Level 1:colcon.colcon_core.shell:create_environment_hook('natnet_ros2', 'ld_library_path_lib')
[7.272s] INFO:colcon.colcon_core.shell:Creating environment hook '/home/droneops/ros2_ws/install/natnet_ros2/share/natnet_ros2/hook/ld_library_path_lib.ps1'
[7.273s] INFO:colcon.colcon_core.shell:Creating environment descriptor '/home/droneops/ros2_ws/install/natnet_ros2/share/natnet_ros2/hook/ld_library_path_lib.dsv'
[7.273s] INFO:colcon.colcon_core.shell:Creating environment hook '/home/droneops/ros2_ws/install/natnet_ros2/share/natnet_ros2/hook/ld_library_path_lib.sh'
[7.273s] Level 1:colcon.colcon_core.environment:checking '/home/droneops/ros2_ws/install/natnet_ros2/bin'
[7.273s] Level 1:colcon.colcon_core.shell:create_environment_hook('natnet_ros2', 'path')
[7.273s] INFO:colcon.colcon_core.shell:Creating environment hook '/home/droneops/ros2_ws/install/natnet_ros2/share/natnet_ros2/hook/path.ps1'
[7.274s] INFO:colcon.colcon_core.shell:Creating environment descriptor '/home/droneops/ros2_ws/install/natnet_ros2/share/natnet_ros2/hook/path.dsv'
[7.274s] INFO:colcon.colcon_core.shell:Creating environment hook '/home/droneops/ros2_ws/install/natnet_ros2/share/natnet_ros2/hook/path.sh'
[7.274s] Level 1:colcon.colcon_core.environment:checking '/home/droneops/ros2_ws/install/natnet_ros2/lib/pkgconfig/natnet_ros2.pc'
[7.274s] Level 1:colcon.colcon_core.environment:checking '/home/droneops/ros2_ws/install/natnet_ros2/lib/python3.10/site-packages'
[7.274s] Level 1:colcon.colcon_core.environment:checking '/home/droneops/ros2_ws/install/natnet_ros2/bin'
[7.274s] Level 1:colcon.colcon_core.shell:create_environment_hook('natnet_ros2', 'pythonscriptspath')
[7.275s] INFO:colcon.colcon_core.shell:Creating environment hook '/home/droneops/ros2_ws/install/natnet_ros2/share/natnet_ros2/hook/pythonscriptspath.ps1'
[7.275s] INFO:colcon.colcon_core.shell:Creating environment descriptor '/home/droneops/ros2_ws/install/natnet_ros2/share/natnet_ros2/hook/pythonscriptspath.dsv'
[7.275s] INFO:colcon.colcon_core.shell:Creating environment hook '/home/droneops/ros2_ws/install/natnet_ros2/share/natnet_ros2/hook/pythonscriptspath.sh'
[7.276s] INFO:colcon.colcon_core.shell:Creating package script '/home/droneops/ros2_ws/install/natnet_ros2/share/natnet_ros2/package.ps1'
[7.276s] INFO:colcon.colcon_core.shell:Creating package descriptor '/home/droneops/ros2_ws/install/natnet_ros2/share/natnet_ros2/package.dsv'
[7.277s] INFO:colcon.colcon_core.shell:Creating package script '/home/droneops/ros2_ws/install/natnet_ros2/share/natnet_ros2/package.sh'
[7.277s] INFO:colcon.colcon_core.shell:Creating package script '/home/droneops/ros2_ws/install/natnet_ros2/share/natnet_ros2/package.bash'
[7.277s] INFO:colcon.colcon_core.shell:Creating package script '/home/droneops/ros2_ws/install/natnet_ros2/share/natnet_ros2/package.zsh'
[7.278s] Level 1:colcon.colcon_core.environment:create_file_with_runtime_dependencies(/home/droneops/ros2_ws/install/natnet_ros2/share/colcon-core/packages/natnet_ros2)
[7.278s] DEBUG:colcon.colcon_parallel_executor.executor.parallel:closing loop
[7.278s] DEBUG:colcon.colcon_parallel_executor.executor.parallel:loop closed
[7.278s] DEBUG:colcon.colcon_parallel_executor.executor.parallel:run_until_complete finished with '0'
[7.278s] DEBUG:colcon.colcon_core.event_reactor:joining thread
[7.284s] INFO:colcon.colcon_core.plugin_system:Skipping extension 'colcon_notification.desktop_notification.terminal_notifier': Not used on non-Darwin systems
[7.284s] INFO:colcon.colcon_core.plugin_system:Skipping extension 'colcon_notification.desktop_notification.win32': Not used on non-Windows systems
[7.284s] INFO:colcon.colcon_notification.desktop_notification:Sending desktop notification using 'notify2'
[7.302s] DEBUG:colcon.colcon_core.event_reactor:joined thread
[7.303s] INFO:colcon.colcon_core.shell:Creating prefix script '/home/droneops/ros2_ws/install/local_setup.ps1'
[7.304s] INFO:colcon.colcon_core.shell:Creating prefix util module '/home/droneops/ros2_ws/install/_local_setup_util_ps1.py'
[7.305s] INFO:colcon.colcon_core.shell:Creating prefix chain script '/home/droneops/ros2_ws/install/setup.ps1'
[7.306s] INFO:colcon.colcon_core.shell:Creating prefix script '/home/droneops/ros2_ws/install/local_setup.sh'
[7.306s] INFO:colcon.colcon_core.shell:Creating prefix util module '/home/droneops/ros2_ws/install/_local_setup_util_sh.py'
[7.307s] INFO:colcon.colcon_core.shell:Creating prefix chain script '/home/droneops/ros2_ws/install/setup.sh'
[7.307s] INFO:colcon.colcon_core.shell:Creating prefix script '/home/droneops/ros2_ws/install/local_setup.bash'
[7.308s] INFO:colcon.colcon_core.shell:Creating prefix chain script '/home/droneops/ros2_ws/install/setup.bash'
[7.308s] INFO:colcon.colcon_core.shell:Creating prefix script '/home/droneops/ros2_ws/install/local_setup.zsh'
[7.309s] INFO:colcon.colcon_core.shell:Creating prefix chain script '/home/droneops/ros2_ws/install/setup.zsh'
