[1.788s] DEBUG:colcon:Command line arguments: ['/usr/bin/colcon', 'build']
[1.788s] DEBUG:colcon:Parsed command line arguments: Namespace(log_base=None, log_level=None, verb_name='build', build_base='build', install_base='install', merge_install=False, symlink_install=False, test_result_base=None, continue_on_error=False, executor='parallel', parallel_workers=8, event_handlers=None, ignore_user_meta=False, metas=['./colcon.meta'], base_paths=['.'], packages_ignore=None, packages_ignore_regex=None, paths=None, packages_up_to=None, packages_up_to_regex=None, packages_above=None, packages_above_and_dependencies=None, packages_above_depth=None, packages_select_by_dep=None, packages_skip_by_dep=None, packages_skip_up_to=None, packages_select_build_failed=False, packages_skip_build_finished=False, packages_select_test_failures=False, packages_skip_test_passed=False, packages_select=None, packages_skip=None, packages_select_regex=None, packages_skip_regex=None, packages_start=None, packages_end=None, allow_overriding=[], cmake_args=None, cmake_target=None, cmake_target_skip_unavailable=False, cmake_clean_cache=False, cmake_clean_first=False, cmake_force_configure=False, ament_cmake_args=None, catkin_cmake_args=None, catkin_skip_building_tests=False, mixin_files=None, mixin=None, verb_parser=<colcon_mixin.mixin.mixin_argument.MixinArgumentDecorator object at 0x739262e59c30>, verb_extension=<colcon_core.verb.build.BuildVerb object at 0x739262e59630>, main=<bound method BuildVerb.main of <colcon_core.verb.build.BuildVerb object at 0x739262e59630>>, mixin_verb=('build',))
[3.883s] Level 1:colcon.colcon_core.package_discovery:discover_packages(colcon_meta) check parameters
[3.883s] Level 1:colcon.colcon_core.package_discovery:discover_packages(recursive) check parameters
[3.883s] Level 1:colcon.colcon_core.package_discovery:discover_packages(ignore) check parameters
[3.883s] Level 1:colcon.colcon_core.package_discovery:discover_packages(path) check parameters
[3.884s] Level 1:colcon.colcon_core.package_discovery:discover_packages(colcon_meta) discover
[3.884s] Level 1:colcon.colcon_core.package_discovery:discover_packages(recursive) discover
[3.884s] INFO:colcon.colcon_core.package_discovery:Crawling recursively for packages in '/home/droneops/ros2_ws'
[3.884s] Level 1:colcon.colcon_core.package_identification:_identify(.) by extensions ['ignore', 'ignore_ament_install']
[3.884s] Level 1:colcon.colcon_core.package_identification:_identify(.) by extension 'ignore'
[3.884s] Level 1:colcon.colcon_core.package_identification:_identify(.) by extension 'ignore_ament_install'
[3.885s] Level 1:colcon.colcon_core.package_identification:_identify(.) by extensions ['colcon_pkg']
[3.885s] Level 1:colcon.colcon_core.package_identification:_identify(.) by extension 'colcon_pkg'
[3.885s] Level 1:colcon.colcon_core.package_identification:_identify(.) by extensions ['colcon_meta']
[3.885s] Level 1:colcon.colcon_core.package_identification:_identify(.) by extension 'colcon_meta'
[3.885s] Level 1:colcon.colcon_core.package_identification:_identify(.) by extensions ['ros']
[3.885s] Level 1:colcon.colcon_core.package_identification:_identify(.) by extension 'ros'
[3.917s] Level 1:colcon.colcon_core.package_identification:_identify(.) by extensions ['cmake', 'python']
[3.917s] Level 1:colcon.colcon_core.package_identification:_identify(.) by extension 'cmake'
[3.917s] Level 1:colcon.colcon_core.package_identification:_identify(.) by extension 'python'
[3.917s] Level 1:colcon.colcon_core.package_identification:_identify(.) by extensions ['python_setup_py']
[3.917s] Level 1:colcon.colcon_core.package_identification:_identify(.) by extension 'python_setup_py'
[3.917s] Level 1:colcon.colcon_core.package_identification:_identify(build) by extensions ['ignore', 'ignore_ament_install']
[3.917s] Level 1:colcon.colcon_core.package_identification:_identify(build) by extension 'ignore'
[3.917s] Level 1:colcon.colcon_core.package_identification:_identify(build) ignored
[3.917s] Level 1:colcon.colcon_core.package_identification:_identify(install) by extensions ['ignore', 'ignore_ament_install']
[3.917s] Level 1:colcon.colcon_core.package_identification:_identify(install) by extension 'ignore'
[3.917s] Level 1:colcon.colcon_core.package_identification:_identify(install) ignored
[3.918s] Level 1:colcon.colcon_core.package_identification:_identify(log) by extensions ['ignore', 'ignore_ament_install']
[3.918s] Level 1:colcon.colcon_core.package_identification:_identify(log) by extension 'ignore'
[3.918s] Level 1:colcon.colcon_core.package_identification:_identify(log) ignored
[3.918s] Level 1:colcon.colcon_core.package_identification:_identify(src) by extensions ['ignore', 'ignore_ament_install']
[3.918s] Level 1:colcon.colcon_core.package_identification:_identify(src) by extension 'ignore'
[3.918s] Level 1:colcon.colcon_core.package_identification:_identify(src) by extension 'ignore_ament_install'
[3.918s] Level 1:colcon.colcon_core.package_identification:_identify(src) by extensions ['colcon_pkg']
[3.918s] Level 1:colcon.colcon_core.package_identification:_identify(src) by extension 'colcon_pkg'
[3.918s] Level 1:colcon.colcon_core.package_identification:_identify(src) by extensions ['colcon_meta']
[3.918s] Level 1:colcon.colcon_core.package_identification:_identify(src) by extension 'colcon_meta'
[3.918s] Level 1:colcon.colcon_core.package_identification:_identify(src) by extensions ['ros']
[3.918s] Level 1:colcon.colcon_core.package_identification:_identify(src) by extension 'ros'
[3.918s] Level 1:colcon.colcon_core.package_identification:_identify(src) by extensions ['cmake', 'python']
[3.918s] Level 1:colcon.colcon_core.package_identification:_identify(src) by extension 'cmake'
[3.918s] Level 1:colcon.colcon_core.package_identification:_identify(src) by extension 'python'
[3.918s] Level 1:colcon.colcon_core.package_identification:_identify(src) by extensions ['python_setup_py']
[3.918s] Level 1:colcon.colcon_core.package_identification:_identify(src) by extension 'python_setup_py'
[3.924s] Level 1:colcon.colcon_core.package_identification:_identify(src/natnet_ros2) by extensions ['ignore', 'ignore_ament_install']
[3.925s] Level 1:colcon.colcon_core.package_identification:_identify(src/natnet_ros2) by extension 'ignore'
[3.925s] Level 1:colcon.colcon_core.package_identification:_identify(src/natnet_ros2) by extension 'ignore_ament_install'
[3.925s] Level 1:colcon.colcon_core.package_identification:_identify(src/natnet_ros2) by extensions ['colcon_pkg']
[3.925s] Level 1:colcon.colcon_core.package_identification:_identify(src/natnet_ros2) by extension 'colcon_pkg'
[3.925s] Level 1:colcon.colcon_core.package_identification:_identify(src/natnet_ros2) by extensions ['colcon_meta']
[3.925s] Level 1:colcon.colcon_core.package_identification:_identify(src/natnet_ros2) by extension 'colcon_meta'
[3.925s] Level 1:colcon.colcon_core.package_identification:_identify(src/natnet_ros2) by extensions ['ros']
[3.925s] Level 1:colcon.colcon_core.package_identification:_identify(src/natnet_ros2) by extension 'ros'
[3.945s] DEBUG:colcon.colcon_core.package_identification:Package 'src/natnet_ros2' with type 'ros.ament_cmake' and name 'natnet_ros2'
[3.956s] Level 1:colcon.colcon_core.package_identification:_identify(src/tello_control) by extensions ['ignore', 'ignore_ament_install']
[3.956s] Level 1:colcon.colcon_core.package_identification:_identify(src/tello_control) by extension 'ignore'
[3.956s] Level 1:colcon.colcon_core.package_identification:_identify(src/tello_control) by extension 'ignore_ament_install'
[3.957s] Level 1:colcon.colcon_core.package_identification:_identify(src/tello_control) by extensions ['colcon_pkg']
[3.957s] Level 1:colcon.colcon_core.package_identification:_identify(src/tello_control) by extension 'colcon_pkg'
[3.957s] Level 1:colcon.colcon_core.package_identification:_identify(src/tello_control) by extensions ['colcon_meta']
[3.957s] Level 1:colcon.colcon_core.package_identification:_identify(src/tello_control) by extension 'colcon_meta'
[3.957s] Level 1:colcon.colcon_core.package_identification:_identify(src/tello_control) by extensions ['ros']
[3.957s] Level 1:colcon.colcon_core.package_identification:_identify(src/tello_control) by extension 'ros'
[3.968s] DEBUG:colcon.colcon_core.package_identification:Package 'src/tello_control' with type 'ros.ament_python' and name 'tello_control'
[3.968s] Level 1:colcon.colcon_core.package_discovery:discover_packages(recursive) using defaults
[3.968s] Level 1:colcon.colcon_core.package_discovery:discover_packages(ignore) discover
[3.968s] Level 1:colcon.colcon_core.package_discovery:discover_packages(ignore) using defaults
[3.968s] Level 1:colcon.colcon_core.package_discovery:discover_packages(path) discover
[3.968s] Level 1:colcon.colcon_core.package_discovery:discover_packages(path) using defaults
[4.194s] Level 1:colcon.colcon_core.package_discovery:discover_packages(prefix_path) check parameters
[4.194s] Level 1:colcon.colcon_core.package_discovery:discover_packages(prefix_path) discover
[4.209s] DEBUG:colcon.colcon_installed_package_information.package_discovery:Found 1 installed packages in /home/droneops/droneops/install
[4.210s] DEBUG:colcon.colcon_installed_package_information.package_discovery:Found 271 installed packages in /opt/ros/humble
[4.211s] Level 1:colcon.colcon_core.package_discovery:discover_packages(prefix_path) using defaults
[4.268s] Level 5:colcon.colcon_core.verb:set package 'natnet_ros2' build argument 'cmake_args' from command line to 'None'
[4.268s] Level 5:colcon.colcon_core.verb:set package 'natnet_ros2' build argument 'cmake_target' from command line to 'None'
[4.268s] Level 5:colcon.colcon_core.verb:set package 'natnet_ros2' build argument 'cmake_target_skip_unavailable' from command line to 'False'
[4.268s] Level 5:colcon.colcon_core.verb:set package 'natnet_ros2' build argument 'cmake_clean_cache' from command line to 'False'
[4.268s] Level 5:colcon.colcon_core.verb:set package 'natnet_ros2' build argument 'cmake_clean_first' from command line to 'False'
[4.268s] Level 5:colcon.colcon_core.verb:set package 'natnet_ros2' build argument 'cmake_force_configure' from command line to 'False'
[4.268s] Level 5:colcon.colcon_core.verb:set package 'natnet_ros2' build argument 'ament_cmake_args' from command line to 'None'
[4.268s] Level 5:colcon.colcon_core.verb:set package 'natnet_ros2' build argument 'catkin_cmake_args' from command line to 'None'
[4.268s] Level 5:colcon.colcon_core.verb:set package 'natnet_ros2' build argument 'catkin_skip_building_tests' from command line to 'False'
[4.268s] DEBUG:colcon.colcon_core.verb:Building package 'natnet_ros2' with the following arguments: {'ament_cmake_args': None, 'build_base': '/home/droneops/ros2_ws/build/natnet_ros2', 'catkin_cmake_args': None, 'catkin_skip_building_tests': False, 'cmake_args': None, 'cmake_clean_cache': False, 'cmake_clean_first': False, 'cmake_force_configure': False, 'cmake_target': None, 'cmake_target_skip_unavailable': False, 'install_base': '/home/droneops/ros2_ws/install/natnet_ros2', 'merge_install': False, 'path': '/home/droneops/ros2_ws/src/natnet_ros2', 'symlink_install': False, 'test_result_base': None}
[4.269s] Level 5:colcon.colcon_core.verb:set package 'tello_control' build argument 'cmake_args' from command line to 'None'
[4.269s] Level 5:colcon.colcon_core.verb:set package 'tello_control' build argument 'cmake_target' from command line to 'None'
[4.269s] Level 5:colcon.colcon_core.verb:set package 'tello_control' build argument 'cmake_target_skip_unavailable' from command line to 'False'
[4.269s] Level 5:colcon.colcon_core.verb:set package 'tello_control' build argument 'cmake_clean_cache' from command line to 'False'
[4.269s] Level 5:colcon.colcon_core.verb:set package 'tello_control' build argument 'cmake_clean_first' from command line to 'False'
[4.269s] Level 5:colcon.colcon_core.verb:set package 'tello_control' build argument 'cmake_force_configure' from command line to 'False'
[4.269s] Level 5:colcon.colcon_core.verb:set package 'tello_control' build argument 'ament_cmake_args' from command line to 'None'
[4.269s] Level 5:colcon.colcon_core.verb:set package 'tello_control' build argument 'catkin_cmake_args' from command line to 'None'
[4.269s] Level 5:colcon.colcon_core.verb:set package 'tello_control' build argument 'catkin_skip_building_tests' from command line to 'False'
[4.269s] DEBUG:colcon.colcon_core.verb:Building package 'tello_control' with the following arguments: {'ament_cmake_args': None, 'build_base': '/home/droneops/ros2_ws/build/tello_control', 'catkin_cmake_args': None, 'catkin_skip_building_tests': False, 'cmake_args': None, 'cmake_clean_cache': False, 'cmake_clean_first': False, 'cmake_force_configure': False, 'cmake_target': None, 'cmake_target_skip_unavailable': False, 'install_base': '/home/droneops/ros2_ws/install/tello_control', 'merge_install': False, 'path': '/home/droneops/ros2_ws/src/tello_control', 'symlink_install': False, 'test_result_base': None}
[4.269s] INFO:colcon.colcon_core.executor:Executing jobs using 'parallel' executor
[4.270s] DEBUG:colcon.colcon_parallel_executor.executor.parallel:run_until_complete
[4.270s] INFO:colcon.colcon_ros.task.ament_cmake.build:Building ROS package in '/home/droneops/ros2_ws/src/natnet_ros2' with build type 'ament_cmake'
[4.270s] INFO:colcon.colcon_cmake.task.cmake.build:Building CMake package in '/home/droneops/ros2_ws/src/natnet_ros2'
[4.283s] INFO:colcon.colcon_core.plugin_system:Skipping extension 'colcon_core.shell.bat': Not used on non-Windows systems
[4.283s] INFO:colcon.colcon_core.shell:Skip shell extension 'powershell' for command environment: Not usable outside of PowerShell
[4.283s] DEBUG:colcon.colcon_core.shell:Skip shell extension 'dsv' for command environment
[4.297s] INFO:colcon.colcon_ros.task.ament_python.build:Building ROS package in '/home/droneops/ros2_ws/src/tello_control' with build type 'ament_python'
[4.297s] Level 1:colcon.colcon_core.shell:create_environment_hook('tello_control', 'ament_prefix_path')
[4.298s] INFO:colcon.colcon_core.shell:Creating environment hook '/home/droneops/ros2_ws/install/tello_control/share/tello_control/hook/ament_prefix_path.ps1'
[4.326s] INFO:colcon.colcon_core.shell:Creating environment descriptor '/home/droneops/ros2_ws/install/tello_control/share/tello_control/hook/ament_prefix_path.dsv'
[4.327s] INFO:colcon.colcon_core.shell:Creating environment hook '/home/droneops/ros2_ws/install/tello_control/share/tello_control/hook/ament_prefix_path.sh'
[4.328s] INFO:colcon.colcon_core.shell:Skip shell extension 'powershell' for command environment: Not usable outside of PowerShell
[4.328s] DEBUG:colcon.colcon_core.shell:Skip shell extension 'dsv' for command environment
[4.355s] DEBUG:colcon.colcon_core.event_handler.log_command:Invoking command in '/home/droneops/ros2_ws/build/natnet_ros2': CMAKE_PREFIX_PATH=/home/droneops/droneops/install/bridge_optitrack:/opt/ros/humble /usr/bin/cmake --build /home/droneops/ros2_ws/build/natnet_ros2 -- -j8 -l8
[4.670s] INFO:colcon.colcon_core.task.python.build:Building Python package in '/home/droneops/ros2_ws/src/tello_control'
[4.670s] INFO:colcon.colcon_core.shell:Skip shell extension 'powershell' for command environment: Not usable outside of PowerShell
[4.670s] DEBUG:colcon.colcon_core.shell:Skip shell extension 'dsv' for command environment
[5.724s] DEBUG:colcon.colcon_core.event_handler.log_command:Invoked command in '/home/droneops/ros2_ws/build/natnet_ros2' returned '0': CMAKE_PREFIX_PATH=/home/droneops/droneops/install/bridge_optitrack:/opt/ros/humble /usr/bin/cmake --build /home/droneops/ros2_ws/build/natnet_ros2 -- -j8 -l8
[5.757s] DEBUG:colcon.colcon_core.event_handler.log_command:Invoking command in '/home/droneops/ros2_ws/build/natnet_ros2': CMAKE_PREFIX_PATH=/home/droneops/droneops/install/bridge_optitrack:/opt/ros/humble /usr/bin/cmake --install /home/droneops/ros2_ws/build/natnet_ros2
[5.790s] DEBUG:colcon.colcon_core.event_handler.log_command:Invoking command in '/home/droneops/ros2_ws/src/tello_control': PYTHONPATH=/home/droneops/ros2_ws/build/tello_control/prefix_override:/usr/lib/python3/dist-packages/colcon_core/task/python/colcon_distutils_commands:/home/droneops/ros2_ws/install/tello_control/lib/python3.10/site-packages:${PYTHONPATH} /usr/bin/python3 -W ignore:setup.py install is deprecated -W ignore:easy_install command is deprecated setup.py egg_info --egg-base ../../build/tello_control build --build-base /home/droneops/ros2_ws/build/tello_control/build install --record /home/droneops/ros2_ws/build/tello_control/install.log --single-version-externally-managed install_data
[6.041s] Level 1:colcon.colcon_core.environment:create_environment_scripts_only(natnet_ros2)
[6.042s] DEBUG:colcon.colcon_core.event_handler.log_command:Invoked command in '/home/droneops/ros2_ws/build/natnet_ros2' returned '0': CMAKE_PREFIX_PATH=/home/droneops/droneops/install/bridge_optitrack:/opt/ros/humble /usr/bin/cmake --install /home/droneops/ros2_ws/build/natnet_ros2
[6.113s] Level 1:colcon.colcon_core.environment:checking '/home/droneops/ros2_ws/install/natnet_ros2' for CMake module files
[6.114s] Level 1:colcon.colcon_core.environment:checking '/home/droneops/ros2_ws/install/natnet_ros2' for CMake config files
[6.114s] Level 1:colcon.colcon_core.shell:create_environment_hook('natnet_ros2', 'cmake_prefix_path')
[6.115s] INFO:colcon.colcon_core.shell:Creating environment hook '/home/droneops/ros2_ws/install/natnet_ros2/share/natnet_ros2/hook/cmake_prefix_path.ps1'
[6.115s] INFO:colcon.colcon_core.shell:Creating environment descriptor '/home/droneops/ros2_ws/install/natnet_ros2/share/natnet_ros2/hook/cmake_prefix_path.dsv'
[6.116s] INFO:colcon.colcon_core.shell:Creating environment hook '/home/droneops/ros2_ws/install/natnet_ros2/share/natnet_ros2/hook/cmake_prefix_path.sh'
[6.117s] Level 1:colcon.colcon_core.environment:checking '/home/droneops/ros2_ws/install/natnet_ros2/lib'
[6.117s] Level 1:colcon.colcon_core.shell:create_environment_hook('natnet_ros2', 'ld_library_path_lib')
[6.117s] INFO:colcon.colcon_core.shell:Creating environment hook '/home/droneops/ros2_ws/install/natnet_ros2/share/natnet_ros2/hook/ld_library_path_lib.ps1'
[6.118s] INFO:colcon.colcon_core.shell:Creating environment descriptor '/home/droneops/ros2_ws/install/natnet_ros2/share/natnet_ros2/hook/ld_library_path_lib.dsv'
[6.118s] INFO:colcon.colcon_core.shell:Creating environment hook '/home/droneops/ros2_ws/install/natnet_ros2/share/natnet_ros2/hook/ld_library_path_lib.sh'
[6.118s] Level 1:colcon.colcon_core.environment:checking '/home/droneops/ros2_ws/install/natnet_ros2/bin'
[6.119s] Level 1:colcon.colcon_core.shell:create_environment_hook('natnet_ros2', 'path')
[6.119s] INFO:colcon.colcon_core.shell:Creating environment hook '/home/droneops/ros2_ws/install/natnet_ros2/share/natnet_ros2/hook/path.ps1'
[6.119s] INFO:colcon.colcon_core.shell:Creating environment descriptor '/home/droneops/ros2_ws/install/natnet_ros2/share/natnet_ros2/hook/path.dsv'
[6.120s] INFO:colcon.colcon_core.shell:Creating environment hook '/home/droneops/ros2_ws/install/natnet_ros2/share/natnet_ros2/hook/path.sh'
[6.120s] Level 1:colcon.colcon_core.environment:checking '/home/droneops/ros2_ws/install/natnet_ros2/lib/pkgconfig/natnet_ros2.pc'
[6.120s] Level 1:colcon.colcon_core.environment:checking '/home/droneops/ros2_ws/install/natnet_ros2/lib/python3.10/site-packages'
[6.121s] Level 1:colcon.colcon_core.environment:checking '/home/droneops/ros2_ws/install/natnet_ros2/bin'
[6.121s] Level 1:colcon.colcon_core.shell:create_environment_hook('natnet_ros2', 'pythonscriptspath')
[6.121s] INFO:colcon.colcon_core.shell:Creating environment hook '/home/droneops/ros2_ws/install/natnet_ros2/share/natnet_ros2/hook/pythonscriptspath.ps1'
[6.122s] INFO:colcon.colcon_core.shell:Creating environment descriptor '/home/droneops/ros2_ws/install/natnet_ros2/share/natnet_ros2/hook/pythonscriptspath.dsv'
[6.122s] INFO:colcon.colcon_core.shell:Creating environment hook '/home/droneops/ros2_ws/install/natnet_ros2/share/natnet_ros2/hook/pythonscriptspath.sh'
[6.123s] INFO:colcon.colcon_core.shell:Creating package script '/home/droneops/ros2_ws/install/natnet_ros2/share/natnet_ros2/package.ps1'
[6.128s] INFO:colcon.colcon_core.shell:Creating package descriptor '/home/droneops/ros2_ws/install/natnet_ros2/share/natnet_ros2/package.dsv'
[6.133s] INFO:colcon.colcon_core.shell:Creating package script '/home/droneops/ros2_ws/install/natnet_ros2/share/natnet_ros2/package.sh'
[6.135s] INFO:colcon.colcon_core.shell:Creating package script '/home/droneops/ros2_ws/install/natnet_ros2/share/natnet_ros2/package.bash'
[6.143s] INFO:colcon.colcon_core.shell:Creating package script '/home/droneops/ros2_ws/install/natnet_ros2/share/natnet_ros2/package.zsh'
[6.153s] Level 1:colcon.colcon_core.environment:create_file_with_runtime_dependencies(/home/droneops/ros2_ws/install/natnet_ros2/share/colcon-core/packages/natnet_ros2)
[6.154s] Level 1:colcon.colcon_core.environment:create_environment_scripts_only(natnet_ros2)
[6.154s] Level 1:colcon.colcon_core.environment:checking '/home/droneops/ros2_ws/install/natnet_ros2' for CMake module files
[6.154s] Level 1:colcon.colcon_core.environment:checking '/home/droneops/ros2_ws/install/natnet_ros2' for CMake config files
[6.155s] Level 1:colcon.colcon_core.shell:create_environment_hook('natnet_ros2', 'cmake_prefix_path')
[6.155s] INFO:colcon.colcon_core.shell:Creating environment hook '/home/droneops/ros2_ws/install/natnet_ros2/share/natnet_ros2/hook/cmake_prefix_path.ps1'
[6.155s] INFO:colcon.colcon_core.shell:Creating environment descriptor '/home/droneops/ros2_ws/install/natnet_ros2/share/natnet_ros2/hook/cmake_prefix_path.dsv'
[6.156s] INFO:colcon.colcon_core.shell:Creating environment hook '/home/droneops/ros2_ws/install/natnet_ros2/share/natnet_ros2/hook/cmake_prefix_path.sh'
[6.156s] Level 1:colcon.colcon_core.environment:checking '/home/droneops/ros2_ws/install/natnet_ros2/lib'
[6.156s] Level 1:colcon.colcon_core.shell:create_environment_hook('natnet_ros2', 'ld_library_path_lib')
[6.156s] INFO:colcon.colcon_core.shell:Creating environment hook '/home/droneops/ros2_ws/install/natnet_ros2/share/natnet_ros2/hook/ld_library_path_lib.ps1'
[6.156s] INFO:colcon.colcon_core.shell:Creating environment descriptor '/home/droneops/ros2_ws/install/natnet_ros2/share/natnet_ros2/hook/ld_library_path_lib.dsv'
[6.157s] INFO:colcon.colcon_core.shell:Creating environment hook '/home/droneops/ros2_ws/install/natnet_ros2/share/natnet_ros2/hook/ld_library_path_lib.sh'
[6.157s] Level 1:colcon.colcon_core.environment:checking '/home/droneops/ros2_ws/install/natnet_ros2/bin'
[6.157s] Level 1:colcon.colcon_core.shell:create_environment_hook('natnet_ros2', 'path')
[6.157s] INFO:colcon.colcon_core.shell:Creating environment hook '/home/droneops/ros2_ws/install/natnet_ros2/share/natnet_ros2/hook/path.ps1'
[6.158s] INFO:colcon.colcon_core.shell:Creating environment descriptor '/home/droneops/ros2_ws/install/natnet_ros2/share/natnet_ros2/hook/path.dsv'
[6.158s] INFO:colcon.colcon_core.shell:Creating environment hook '/home/droneops/ros2_ws/install/natnet_ros2/share/natnet_ros2/hook/path.sh'
[6.158s] Level 1:colcon.colcon_core.environment:checking '/home/droneops/ros2_ws/install/natnet_ros2/lib/pkgconfig/natnet_ros2.pc'
[6.158s] Level 1:colcon.colcon_core.environment:checking '/home/droneops/ros2_ws/install/natnet_ros2/lib/python3.10/site-packages'
[6.159s] Level 1:colcon.colcon_core.environment:checking '/home/droneops/ros2_ws/install/natnet_ros2/bin'
[6.159s] Level 1:colcon.colcon_core.shell:create_environment_hook('natnet_ros2', 'pythonscriptspath')
[6.159s] INFO:colcon.colcon_core.shell:Creating environment hook '/home/droneops/ros2_ws/install/natnet_ros2/share/natnet_ros2/hook/pythonscriptspath.ps1'
[6.159s] INFO:colcon.colcon_core.shell:Creating environment descriptor '/home/droneops/ros2_ws/install/natnet_ros2/share/natnet_ros2/hook/pythonscriptspath.dsv'
[6.159s] INFO:colcon.colcon_core.shell:Creating environment hook '/home/droneops/ros2_ws/install/natnet_ros2/share/natnet_ros2/hook/pythonscriptspath.sh'
[6.160s] INFO:colcon.colcon_core.shell:Creating package script '/home/droneops/ros2_ws/install/natnet_ros2/share/natnet_ros2/package.ps1'
[6.160s] INFO:colcon.colcon_core.shell:Creating package descriptor '/home/droneops/ros2_ws/install/natnet_ros2/share/natnet_ros2/package.dsv'
[6.161s] INFO:colcon.colcon_core.shell:Creating package script '/home/droneops/ros2_ws/install/natnet_ros2/share/natnet_ros2/package.sh'
[6.161s] INFO:colcon.colcon_core.shell:Creating package script '/home/droneops/ros2_ws/install/natnet_ros2/share/natnet_ros2/package.bash'
[6.162s] INFO:colcon.colcon_core.shell:Creating package script '/home/droneops/ros2_ws/install/natnet_ros2/share/natnet_ros2/package.zsh'
[6.162s] Level 1:colcon.colcon_core.environment:create_file_with_runtime_dependencies(/home/droneops/ros2_ws/install/natnet_ros2/share/colcon-core/packages/natnet_ros2)
[6.163s] Level 1:colcon.colcon_core.environment:checking '/home/droneops/ros2_ws/install/tello_control' for CMake module files
[6.164s] Level 1:colcon.colcon_core.environment:checking '/home/droneops/ros2_ws/install/tello_control' for CMake config files
[6.165s] DEBUG:colcon.colcon_core.event_handler.log_command:Invoked command in '/home/droneops/ros2_ws/src/tello_control' returned '0': PYTHONPATH=/home/droneops/ros2_ws/build/tello_control/prefix_override:/usr/lib/python3/dist-packages/colcon_core/task/python/colcon_distutils_commands:/home/droneops/ros2_ws/install/tello_control/lib/python3.10/site-packages:${PYTHONPATH} /usr/bin/python3 -W ignore:setup.py install is deprecated -W ignore:easy_install command is deprecated setup.py egg_info --egg-base ../../build/tello_control build --build-base /home/droneops/ros2_ws/build/tello_control/build install --record /home/droneops/ros2_ws/build/tello_control/install.log --single-version-externally-managed install_data
[6.167s] Level 1:colcon.colcon_core.environment:checking '/home/droneops/ros2_ws/install/tello_control/lib'
[6.167s] Level 1:colcon.colcon_core.environment:checking '/home/droneops/ros2_ws/install/tello_control/bin'
[6.167s] Level 1:colcon.colcon_core.environment:checking '/home/droneops/ros2_ws/install/tello_control/lib/pkgconfig/tello_control.pc'
[6.167s] Level 1:colcon.colcon_core.environment:checking '/home/droneops/ros2_ws/install/tello_control/lib/python3.10/site-packages'
[6.167s] Level 1:colcon.colcon_core.shell:create_environment_hook('tello_control', 'pythonpath')
[6.167s] INFO:colcon.colcon_core.shell:Creating environment hook '/home/droneops/ros2_ws/install/tello_control/share/tello_control/hook/pythonpath.ps1'
[6.168s] INFO:colcon.colcon_core.shell:Creating environment descriptor '/home/droneops/ros2_ws/install/tello_control/share/tello_control/hook/pythonpath.dsv'
[6.168s] INFO:colcon.colcon_core.shell:Creating environment hook '/home/droneops/ros2_ws/install/tello_control/share/tello_control/hook/pythonpath.sh'
[6.168s] Level 1:colcon.colcon_core.environment:checking '/home/droneops/ros2_ws/install/tello_control/bin'
[6.168s] Level 1:colcon.colcon_core.environment:create_environment_scripts_only(tello_control)
[6.168s] INFO:colcon.colcon_core.shell:Creating package script '/home/droneops/ros2_ws/install/tello_control/share/tello_control/package.ps1'
[6.169s] INFO:colcon.colcon_core.shell:Creating package descriptor '/home/droneops/ros2_ws/install/tello_control/share/tello_control/package.dsv'
[6.169s] INFO:colcon.colcon_core.shell:Creating package script '/home/droneops/ros2_ws/install/tello_control/share/tello_control/package.sh'
[6.169s] INFO:colcon.colcon_core.shell:Creating package script '/home/droneops/ros2_ws/install/tello_control/share/tello_control/package.bash'
[6.170s] INFO:colcon.colcon_core.shell:Creating package script '/home/droneops/ros2_ws/install/tello_control/share/tello_control/package.zsh'
[6.170s] Level 1:colcon.colcon_core.environment:create_file_with_runtime_dependencies(/home/droneops/ros2_ws/install/tello_control/share/colcon-core/packages/tello_control)
[6.170s] DEBUG:colcon.colcon_parallel_executor.executor.parallel:closing loop
[6.170s] DEBUG:colcon.colcon_parallel_executor.executor.parallel:loop closed
[6.170s] DEBUG:colcon.colcon_parallel_executor.executor.parallel:run_until_complete finished with '0'
[6.170s] DEBUG:colcon.colcon_core.event_reactor:joining thread
[6.177s] INFO:colcon.colcon_core.plugin_system:Skipping extension 'colcon_notification.desktop_notification.terminal_notifier': Not used on non-Darwin systems
[6.177s] INFO:colcon.colcon_core.plugin_system:Skipping extension 'colcon_notification.desktop_notification.win32': Not used on non-Windows systems
[6.177s] INFO:colcon.colcon_notification.desktop_notification:Sending desktop notification using 'notify2'
[6.202s] DEBUG:colcon.colcon_core.event_reactor:joined thread
[6.202s] INFO:colcon.colcon_core.shell:Creating prefix script '/home/droneops/ros2_ws/install/local_setup.ps1'
[6.204s] INFO:colcon.colcon_core.shell:Creating prefix util module '/home/droneops/ros2_ws/install/_local_setup_util_ps1.py'
[6.226s] INFO:colcon.colcon_core.shell:Creating prefix chain script '/home/droneops/ros2_ws/install/setup.ps1'
[6.229s] INFO:colcon.colcon_core.shell:Creating prefix script '/home/droneops/ros2_ws/install/local_setup.sh'
[6.231s] INFO:colcon.colcon_core.shell:Creating prefix util module '/home/droneops/ros2_ws/install/_local_setup_util_sh.py'
[6.232s] INFO:colcon.colcon_core.shell:Creating prefix chain script '/home/droneops/ros2_ws/install/setup.sh'
[6.235s] INFO:colcon.colcon_core.shell:Creating prefix script '/home/droneops/ros2_ws/install/local_setup.bash'
[6.236s] INFO:colcon.colcon_core.shell:Creating prefix chain script '/home/droneops/ros2_ws/install/setup.bash'
[6.237s] INFO:colcon.colcon_core.shell:Creating prefix script '/home/droneops/ros2_ws/install/local_setup.zsh'
[6.238s] INFO:colcon.colcon_core.shell:Creating prefix chain script '/home/droneops/ros2_ws/install/setup.zsh'
