[0.872s] Invoking command in '/home/droneops/ros2_ws/src/tello_control': PYTHONPATH=/home/droneops/ros2_ws/build/tello_control/prefix_override:/usr/lib/python3/dist-packages/colcon_core/task/python/colcon_distutils_commands:/home/droneops/ros2_ws/install/tello_control/lib/python3.10/site-packages:${PYTHONPATH} /usr/bin/python3 -W ignore:setup.py install is deprecated -W ignore:easy_install command is deprecated setup.py egg_info --egg-base ../../build/tello_control build --build-base /home/droneops/ros2_ws/build/tello_control/build install --record /home/droneops/ros2_ws/build/tello_control/install.log --single-version-externally-managed install_data
[1.072s] running egg_info
[1.072s] creating ../../build/tello_control/tello_control.egg-info
[1.072s] writing ../../build/tello_control/tello_control.egg-info/PKG-INFO
[1.072s] writing dependency_links to ../../build/tello_control/tello_control.egg-info/dependency_links.txt
[1.073s] writing entry points to ../../build/tello_control/tello_control.egg-info/entry_points.txt
[1.073s] writing requirements to ../../build/tello_control/tello_control.egg-info/requires.txt
[1.073s] writing top-level names to ../../build/tello_control/tello_control.egg-info/top_level.txt
[1.073s] writing manifest file '../../build/tello_control/tello_control.egg-info/SOURCES.txt'
[1.074s] reading manifest file '../../build/tello_control/tello_control.egg-info/SOURCES.txt'
[1.075s] writing manifest file '../../build/tello_control/tello_control.egg-info/SOURCES.txt'
[1.075s] running build
[1.075s] running build_py
[1.075s] creating /home/droneops/ros2_ws/build/tello_control/build
[1.075s] creating /home/droneops/ros2_ws/build/tello_control/build/lib
[1.075s] creating /home/droneops/ros2_ws/build/tello_control/build/lib/tello_control
[1.075s] copying tello_control/tello_data.py -> /home/droneops/ros2_ws/build/tello_control/build/lib/tello_control
[1.075s] copying tello_control/__init__.py -> /home/droneops/ros2_ws/build/tello_control/build/lib/tello_control
[1.075s] running install
[1.075s] running install_lib
[1.076s] creating /home/droneops/ros2_ws/install/tello_control/lib/python3.10/site-packages/tello_control
[1.076s] copying /home/droneops/ros2_ws/build/tello_control/build/lib/tello_control/tello_data.py -> /home/droneops/ros2_ws/install/tello_control/lib/python3.10/site-packages/tello_control
[1.076s] copying /home/droneops/ros2_ws/build/tello_control/build/lib/tello_control/__init__.py -> /home/droneops/ros2_ws/install/tello_control/lib/python3.10/site-packages/tello_control
[1.076s] byte-compiling /home/droneops/ros2_ws/install/tello_control/lib/python3.10/site-packages/tello_control/tello_data.py to tello_data.cpython-310.pyc
[1.080s] byte-compiling /home/droneops/ros2_ws/install/tello_control/lib/python3.10/site-packages/tello_control/__init__.py to __init__.cpython-310.pyc
[1.080s] running install_data
[1.080s] creating /home/droneops/ros2_ws/install/tello_control/share/ament_index
[1.081s] creating /home/droneops/ros2_ws/install/tello_control/share/ament_index/resource_index
[1.081s] creating /home/droneops/ros2_ws/install/tello_control/share/ament_index/resource_index/packages
[1.081s] copying resource/tello_control -> /home/droneops/ros2_ws/install/tello_control/share/ament_index/resource_index/packages
[1.081s] copying package.xml -> /home/droneops/ros2_ws/install/tello_control/share/tello_control
[1.081s] running install_egg_info
[1.082s] Copying ../../build/tello_control/tello_control.egg-info to /home/droneops/ros2_ws/install/tello_control/lib/python3.10/site-packages/tello_control-0.0.0-py3.10.egg-info
[1.082s] running install_scripts
[1.100s] writing list of installed files to '/home/droneops/ros2_ws/build/tello_control/install.log'
[1.126s] Invoked command in '/home/droneops/ros2_ws/src/tello_control' returned '0': PYTHONPATH=/home/droneops/ros2_ws/build/tello_control/prefix_override:/usr/lib/python3/dist-packages/colcon_core/task/python/colcon_distutils_commands:/home/droneops/ros2_ws/install/tello_control/lib/python3.10/site-packages:${PYTHONPATH} /usr/bin/python3 -W ignore:setup.py install is deprecated -W ignore:easy_install command is deprecated setup.py egg_info --egg-base ../../build/tello_control build --build-base /home/droneops/ros2_ws/build/tello_control/build install --record /home/droneops/ros2_ws/build/tello_control/install.log --single-version-externally-managed install_data
