[0.630s] DEBUG:colcon:Command line arguments: ['/usr/bin/colcon', 'build']
[0.630s] DEBUG:colcon:Parsed command line arguments: Namespace(log_base=None, log_level=None, verb_name='build', build_base='build', install_base='install', merge_install=False, symlink_install=False, test_result_base=None, continue_on_error=False, executor='parallel', parallel_workers=8, event_handlers=None, ignore_user_meta=False, metas=['./colcon.meta'], base_paths=['.'], packages_ignore=None, packages_ignore_regex=None, paths=None, packages_up_to=None, packages_up_to_regex=None, packages_above=None, packages_above_and_dependencies=None, packages_above_depth=None, packages_select_by_dep=None, packages_skip_by_dep=None, packages_skip_up_to=None, packages_select_build_failed=False, packages_skip_build_finished=False, packages_select_test_failures=False, packages_skip_test_passed=False, packages_select=None, packages_skip=None, packages_select_regex=None, packages_skip_regex=None, packages_start=None, packages_end=None, allow_overriding=[], cmake_args=None, cmake_target=None, cmake_target_skip_unavailable=False, cmake_clean_cache=False, cmake_clean_first=False, cmake_force_configure=False, ament_cmake_args=None, catkin_cmake_args=None, catkin_skip_building_tests=False, mixin_files=None, mixin=None, verb_parser=<colcon_mixin.mixin.mixin_argument.MixinArgumentDecorator object at 0x7c79f6a515a0>, verb_extension=<colcon_core.verb.build.BuildVerb object at 0x7c79f6a50fd0>, main=<bound method BuildVerb.main of <colcon_core.verb.build.BuildVerb object at 0x7c79f6a50fd0>>, mixin_verb=('build',))
[2.395s] Level 1:colcon.colcon_core.package_discovery:discover_packages(colcon_meta) check parameters
[2.396s] Level 1:colcon.colcon_core.package_discovery:discover_packages(recursive) check parameters
[2.396s] Level 1:colcon.colcon_core.package_discovery:discover_packages(ignore) check parameters
[2.396s] Level 1:colcon.colcon_core.package_discovery:discover_packages(path) check parameters
[2.396s] Level 1:colcon.colcon_core.package_discovery:discover_packages(colcon_meta) discover
[2.396s] Level 1:colcon.colcon_core.package_discovery:discover_packages(recursive) discover
[2.396s] INFO:colcon.colcon_core.package_discovery:Crawling recursively for packages in '/home/droneops/ros2_ws'
[2.396s] Level 1:colcon.colcon_core.package_identification:_identify(.) by extensions ['ignore', 'ignore_ament_install']
[2.397s] Level 1:colcon.colcon_core.package_identification:_identify(.) by extension 'ignore'
[2.397s] Level 1:colcon.colcon_core.package_identification:_identify(.) by extension 'ignore_ament_install'
[2.397s] Level 1:colcon.colcon_core.package_identification:_identify(.) by extensions ['colcon_pkg']
[2.397s] Level 1:colcon.colcon_core.package_identification:_identify(.) by extension 'colcon_pkg'
[2.397s] Level 1:colcon.colcon_core.package_identification:_identify(.) by extensions ['colcon_meta']
[2.397s] Level 1:colcon.colcon_core.package_identification:_identify(.) by extension 'colcon_meta'
[2.397s] Level 1:colcon.colcon_core.package_identification:_identify(.) by extensions ['ros']
[2.397s] Level 1:colcon.colcon_core.package_identification:_identify(.) by extension 'ros'
[2.429s] Level 1:colcon.colcon_core.package_identification:_identify(.) by extensions ['cmake', 'python']
[2.429s] Level 1:colcon.colcon_core.package_identification:_identify(.) by extension 'cmake'
[2.429s] Level 1:colcon.colcon_core.package_identification:_identify(.) by extension 'python'
[2.429s] Level 1:colcon.colcon_core.package_identification:_identify(.) by extensions ['python_setup_py']
[2.429s] Level 1:colcon.colcon_core.package_identification:_identify(.) by extension 'python_setup_py'
[2.429s] Level 1:colcon.colcon_core.package_identification:_identify(build) by extensions ['ignore', 'ignore_ament_install']
[2.429s] Level 1:colcon.colcon_core.package_identification:_identify(build) by extension 'ignore'
[2.429s] Level 1:colcon.colcon_core.package_identification:_identify(build) ignored
[2.429s] Level 1:colcon.colcon_core.package_identification:_identify(install) by extensions ['ignore', 'ignore_ament_install']
[2.429s] Level 1:colcon.colcon_core.package_identification:_identify(install) by extension 'ignore'
[2.429s] Level 1:colcon.colcon_core.package_identification:_identify(install) ignored
[2.429s] Level 1:colcon.colcon_core.package_identification:_identify(log) by extensions ['ignore', 'ignore_ament_install']
[2.429s] Level 1:colcon.colcon_core.package_identification:_identify(log) by extension 'ignore'
[2.429s] Level 1:colcon.colcon_core.package_identification:_identify(log) ignored
[2.429s] Level 1:colcon.colcon_core.package_identification:_identify(src) by extensions ['ignore', 'ignore_ament_install']
[2.430s] Level 1:colcon.colcon_core.package_identification:_identify(src) by extension 'ignore'
[2.430s] Level 1:colcon.colcon_core.package_identification:_identify(src) by extension 'ignore_ament_install'
[2.430s] Level 1:colcon.colcon_core.package_identification:_identify(src) by extensions ['colcon_pkg']
[2.430s] Level 1:colcon.colcon_core.package_identification:_identify(src) by extension 'colcon_pkg'
[2.430s] Level 1:colcon.colcon_core.package_identification:_identify(src) by extensions ['colcon_meta']
[2.430s] Level 1:colcon.colcon_core.package_identification:_identify(src) by extension 'colcon_meta'
[2.430s] Level 1:colcon.colcon_core.package_identification:_identify(src) by extensions ['ros']
[2.430s] Level 1:colcon.colcon_core.package_identification:_identify(src) by extension 'ros'
[2.430s] Level 1:colcon.colcon_core.package_identification:_identify(src) by extensions ['cmake', 'python']
[2.430s] Level 1:colcon.colcon_core.package_identification:_identify(src) by extension 'cmake'
[2.430s] Level 1:colcon.colcon_core.package_identification:_identify(src) by extension 'python'
[2.430s] Level 1:colcon.colcon_core.package_identification:_identify(src) by extensions ['python_setup_py']
[2.430s] Level 1:colcon.colcon_core.package_identification:_identify(src) by extension 'python_setup_py'
[2.430s] Level 1:colcon.colcon_core.package_identification:_identify(src/natnet_ros2) by extensions ['ignore', 'ignore_ament_install']
[2.430s] Level 1:colcon.colcon_core.package_identification:_identify(src/natnet_ros2) by extension 'ignore'
[2.430s] Level 1:colcon.colcon_core.package_identification:_identify(src/natnet_ros2) by extension 'ignore_ament_install'
[2.430s] Level 1:colcon.colcon_core.package_identification:_identify(src/natnet_ros2) by extensions ['colcon_pkg']
[2.430s] Level 1:colcon.colcon_core.package_identification:_identify(src/natnet_ros2) by extension 'colcon_pkg'
[2.430s] Level 1:colcon.colcon_core.package_identification:_identify(src/natnet_ros2) by extensions ['colcon_meta']
[2.430s] Level 1:colcon.colcon_core.package_identification:_identify(src/natnet_ros2) by extension 'colcon_meta'
[2.430s] Level 1:colcon.colcon_core.package_identification:_identify(src/natnet_ros2) by extensions ['ros']
[2.430s] Level 1:colcon.colcon_core.package_identification:_identify(src/natnet_ros2) by extension 'ros'
[2.449s] DEBUG:colcon.colcon_core.package_identification:Package 'src/natnet_ros2' with type 'ros.ament_cmake' and name 'natnet_ros2'
[2.449s] Level 1:colcon.colcon_core.package_identification:_identify(src/tello_control) by extensions ['ignore', 'ignore_ament_install']
[2.449s] Level 1:colcon.colcon_core.package_identification:_identify(src/tello_control) by extension 'ignore'
[2.449s] Level 1:colcon.colcon_core.package_identification:_identify(src/tello_control) by extension 'ignore_ament_install'
[2.449s] Level 1:colcon.colcon_core.package_identification:_identify(src/tello_control) by extensions ['colcon_pkg']
[2.449s] Level 1:colcon.colcon_core.package_identification:_identify(src/tello_control) by extension 'colcon_pkg'
[2.450s] Level 1:colcon.colcon_core.package_identification:_identify(src/tello_control) by extensions ['colcon_meta']
[2.450s] Level 1:colcon.colcon_core.package_identification:_identify(src/tello_control) by extension 'colcon_meta'
[2.450s] Level 1:colcon.colcon_core.package_identification:_identify(src/tello_control) by extensions ['ros']
[2.450s] Level 1:colcon.colcon_core.package_identification:_identify(src/tello_control) by extension 'ros'
[2.455s] DEBUG:colcon.colcon_core.package_identification:Package 'src/tello_control' with type 'ros.ament_python' and name 'tello_control'
[2.455s] Level 1:colcon.colcon_core.package_discovery:discover_packages(recursive) using defaults
[2.455s] Level 1:colcon.colcon_core.package_discovery:discover_packages(ignore) discover
[2.455s] Level 1:colcon.colcon_core.package_discovery:discover_packages(ignore) using defaults
[2.456s] Level 1:colcon.colcon_core.package_discovery:discover_packages(path) discover
[2.456s] Level 1:colcon.colcon_core.package_discovery:discover_packages(path) using defaults
[2.592s] Level 1:colcon.colcon_core.package_discovery:discover_packages(prefix_path) check parameters
[2.592s] Level 1:colcon.colcon_core.package_discovery:discover_packages(prefix_path) discover
[2.605s] DEBUG:colcon.colcon_installed_package_information.package_discovery:Found 1 installed packages in /home/droneops/droneops/install
[2.606s] DEBUG:colcon.colcon_installed_package_information.package_discovery:Found 271 installed packages in /opt/ros/humble
[2.607s] Level 1:colcon.colcon_core.package_discovery:discover_packages(prefix_path) using defaults
[2.658s] Level 5:colcon.colcon_core.verb:set package 'natnet_ros2' build argument 'cmake_args' from command line to 'None'
[2.658s] Level 5:colcon.colcon_core.verb:set package 'natnet_ros2' build argument 'cmake_target' from command line to 'None'
[2.658s] Level 5:colcon.colcon_core.verb:set package 'natnet_ros2' build argument 'cmake_target_skip_unavailable' from command line to 'False'
[2.658s] Level 5:colcon.colcon_core.verb:set package 'natnet_ros2' build argument 'cmake_clean_cache' from command line to 'False'
[2.658s] Level 5:colcon.colcon_core.verb:set package 'natnet_ros2' build argument 'cmake_clean_first' from command line to 'False'
[2.658s] Level 5:colcon.colcon_core.verb:set package 'natnet_ros2' build argument 'cmake_force_configure' from command line to 'False'
[2.658s] Level 5:colcon.colcon_core.verb:set package 'natnet_ros2' build argument 'ament_cmake_args' from command line to 'None'
[2.658s] Level 5:colcon.colcon_core.verb:set package 'natnet_ros2' build argument 'catkin_cmake_args' from command line to 'None'
[2.659s] Level 5:colcon.colcon_core.verb:set package 'natnet_ros2' build argument 'catkin_skip_building_tests' from command line to 'False'
[2.659s] DEBUG:colcon.colcon_core.verb:Building package 'natnet_ros2' with the following arguments: {'ament_cmake_args': None, 'build_base': '/home/droneops/ros2_ws/build/natnet_ros2', 'catkin_cmake_args': None, 'catkin_skip_building_tests': False, 'cmake_args': None, 'cmake_clean_cache': False, 'cmake_clean_first': False, 'cmake_force_configure': False, 'cmake_target': None, 'cmake_target_skip_unavailable': False, 'install_base': '/home/droneops/ros2_ws/install/natnet_ros2', 'merge_install': False, 'path': '/home/droneops/ros2_ws/src/natnet_ros2', 'symlink_install': False, 'test_result_base': None}
[2.659s] Level 5:colcon.colcon_core.verb:set package 'tello_control' build argument 'cmake_args' from command line to 'None'
[2.659s] Level 5:colcon.colcon_core.verb:set package 'tello_control' build argument 'cmake_target' from command line to 'None'
[2.659s] Level 5:colcon.colcon_core.verb:set package 'tello_control' build argument 'cmake_target_skip_unavailable' from command line to 'False'
[2.659s] Level 5:colcon.colcon_core.verb:set package 'tello_control' build argument 'cmake_clean_cache' from command line to 'False'
[2.659s] Level 5:colcon.colcon_core.verb:set package 'tello_control' build argument 'cmake_clean_first' from command line to 'False'
[2.659s] Level 5:colcon.colcon_core.verb:set package 'tello_control' build argument 'cmake_force_configure' from command line to 'False'
[2.659s] Level 5:colcon.colcon_core.verb:set package 'tello_control' build argument 'ament_cmake_args' from command line to 'None'
[2.659s] Level 5:colcon.colcon_core.verb:set package 'tello_control' build argument 'catkin_cmake_args' from command line to 'None'
[2.659s] Level 5:colcon.colcon_core.verb:set package 'tello_control' build argument 'catkin_skip_building_tests' from command line to 'False'
[2.659s] DEBUG:colcon.colcon_core.verb:Building package 'tello_control' with the following arguments: {'ament_cmake_args': None, 'build_base': '/home/droneops/ros2_ws/build/tello_control', 'catkin_cmake_args': None, 'catkin_skip_building_tests': False, 'cmake_args': None, 'cmake_clean_cache': False, 'cmake_clean_first': False, 'cmake_force_configure': False, 'cmake_target': None, 'cmake_target_skip_unavailable': False, 'install_base': '/home/droneops/ros2_ws/install/tello_control', 'merge_install': False, 'path': '/home/droneops/ros2_ws/src/tello_control', 'symlink_install': False, 'test_result_base': None}
[2.659s] INFO:colcon.colcon_core.executor:Executing jobs using 'parallel' executor
[2.660s] DEBUG:colcon.colcon_parallel_executor.executor.parallel:run_until_complete
[2.660s] INFO:colcon.colcon_ros.task.ament_cmake.build:Building ROS package in '/home/droneops/ros2_ws/src/natnet_ros2' with build type 'ament_cmake'
[2.660s] INFO:colcon.colcon_cmake.task.cmake.build:Building CMake package in '/home/droneops/ros2_ws/src/natnet_ros2'
[2.679s] INFO:colcon.colcon_core.plugin_system:Skipping extension 'colcon_core.shell.bat': Not used on non-Windows systems
[2.679s] INFO:colcon.colcon_core.shell:Skip shell extension 'powershell' for command environment: Not usable outside of PowerShell
[2.679s] DEBUG:colcon.colcon_core.shell:Skip shell extension 'dsv' for command environment
[2.694s] INFO:colcon.colcon_ros.task.ament_python.build:Building ROS package in '/home/droneops/ros2_ws/src/tello_control' with build type 'ament_python'
[2.694s] Level 1:colcon.colcon_core.shell:create_environment_hook('tello_control', 'ament_prefix_path')
[2.695s] INFO:colcon.colcon_core.shell:Creating environment hook '/home/droneops/ros2_ws/install/tello_control/share/tello_control/hook/ament_prefix_path.ps1'
[2.722s] INFO:colcon.colcon_core.shell:Creating environment descriptor '/home/droneops/ros2_ws/install/tello_control/share/tello_control/hook/ament_prefix_path.dsv'
[2.723s] INFO:colcon.colcon_core.shell:Creating environment hook '/home/droneops/ros2_ws/install/tello_control/share/tello_control/hook/ament_prefix_path.sh'
[2.724s] INFO:colcon.colcon_core.shell:Skip shell extension 'powershell' for command environment: Not usable outside of PowerShell
[2.724s] DEBUG:colcon.colcon_core.shell:Skip shell extension 'dsv' for command environment
[2.770s] DEBUG:colcon.colcon_core.event_handler.log_command:Invoking command in '/home/droneops/ros2_ws/build/natnet_ros2': CMAKE_PREFIX_PATH=/home/droneops/droneops/install/bridge_optitrack:/opt/ros/humble /usr/bin/cmake --build /home/droneops/ros2_ws/build/natnet_ros2 -- -j8 -l8
[2.995s] INFO:colcon.colcon_core.task.python.build:Building Python package in '/home/droneops/ros2_ws/src/tello_control'
[2.996s] INFO:colcon.colcon_core.shell:Skip shell extension 'powershell' for command environment: Not usable outside of PowerShell
[2.997s] DEBUG:colcon.colcon_core.shell:Skip shell extension 'dsv' for command environment
[3.621s] DEBUG:colcon.colcon_core.event_handler.log_command:Invoked command in '/home/droneops/ros2_ws/build/natnet_ros2' returned '0': CMAKE_PREFIX_PATH=/home/droneops/droneops/install/bridge_optitrack:/opt/ros/humble /usr/bin/cmake --build /home/droneops/ros2_ws/build/natnet_ros2 -- -j8 -l8
[3.642s] DEBUG:colcon.colcon_core.event_handler.log_command:Invoking command in '/home/droneops/ros2_ws/build/natnet_ros2': CMAKE_PREFIX_PATH=/home/droneops/droneops/install/bridge_optitrack:/opt/ros/humble /usr/bin/cmake --install /home/droneops/ros2_ws/build/natnet_ros2
[3.664s] DEBUG:colcon.colcon_core.event_handler.log_command:Invoking command in '/home/droneops/ros2_ws/src/tello_control': PYTHONPATH=/home/droneops/ros2_ws/build/tello_control/prefix_override:/usr/lib/python3/dist-packages/colcon_core/task/python/colcon_distutils_commands:/home/droneops/ros2_ws/install/tello_control/lib/python3.10/site-packages:${PYTHONPATH} /usr/bin/python3 -W ignore:setup.py install is deprecated -W ignore:easy_install command is deprecated setup.py egg_info --egg-base ../../build/tello_control build --build-base /home/droneops/ros2_ws/build/tello_control/build install --record /home/droneops/ros2_ws/build/tello_control/install.log --single-version-externally-managed install_data
[3.933s] DEBUG:colcon.colcon_core.event_handler.log_command:Invoked command in '/home/droneops/ros2_ws/src/tello_control' returned '0': PYTHONPATH=/home/droneops/ros2_ws/build/tello_control/prefix_override:/usr/lib/python3/dist-packages/colcon_core/task/python/colcon_distutils_commands:/home/droneops/ros2_ws/install/tello_control/lib/python3.10/site-packages:${PYTHONPATH} /usr/bin/python3 -W ignore:setup.py install is deprecated -W ignore:easy_install command is deprecated setup.py egg_info --egg-base ../../build/tello_control build --build-base /home/droneops/ros2_ws/build/tello_control/build install --record /home/droneops/ros2_ws/build/tello_control/install.log --single-version-externally-managed install_data
[3.967s] Level 1:colcon.colcon_core.environment:checking '/home/droneops/ros2_ws/install/tello_control' for CMake module files
[3.968s] Level 1:colcon.colcon_core.environment:checking '/home/droneops/ros2_ws/install/tello_control' for CMake config files
[3.968s] Level 1:colcon.colcon_core.environment:checking '/home/droneops/ros2_ws/install/tello_control/lib'
[3.969s] Level 1:colcon.colcon_core.environment:checking '/home/droneops/ros2_ws/install/tello_control/bin'
[3.969s] Level 1:colcon.colcon_core.environment:checking '/home/droneops/ros2_ws/install/tello_control/lib/pkgconfig/tello_control.pc'
[3.969s] Level 1:colcon.colcon_core.environment:checking '/home/droneops/ros2_ws/install/tello_control/lib/python3.10/site-packages'
[3.969s] Level 1:colcon.colcon_core.shell:create_environment_hook('tello_control', 'pythonpath')
[3.969s] INFO:colcon.colcon_core.shell:Creating environment hook '/home/droneops/ros2_ws/install/tello_control/share/tello_control/hook/pythonpath.ps1'
[3.970s] INFO:colcon.colcon_core.shell:Creating environment descriptor '/home/droneops/ros2_ws/install/tello_control/share/tello_control/hook/pythonpath.dsv'
[3.970s] INFO:colcon.colcon_core.shell:Creating environment hook '/home/droneops/ros2_ws/install/tello_control/share/tello_control/hook/pythonpath.sh'
[3.970s] Level 1:colcon.colcon_core.environment:checking '/home/droneops/ros2_ws/install/tello_control/bin'
[3.970s] Level 1:colcon.colcon_core.environment:create_environment_scripts_only(tello_control)
[3.971s] INFO:colcon.colcon_core.shell:Creating package script '/home/droneops/ros2_ws/install/tello_control/share/tello_control/package.ps1'
[3.981s] INFO:colcon.colcon_core.shell:Creating package descriptor '/home/droneops/ros2_ws/install/tello_control/share/tello_control/package.dsv'
[3.987s] INFO:colcon.colcon_core.shell:Creating package script '/home/droneops/ros2_ws/install/tello_control/share/tello_control/package.sh'
[3.988s] INFO:colcon.colcon_core.shell:Creating package script '/home/droneops/ros2_ws/install/tello_control/share/tello_control/package.bash'
[3.997s] INFO:colcon.colcon_core.shell:Creating package script '/home/droneops/ros2_ws/install/tello_control/share/tello_control/package.zsh'
[4.007s] Level 1:colcon.colcon_core.environment:create_file_with_runtime_dependencies(/home/droneops/ros2_ws/install/tello_control/share/colcon-core/packages/tello_control)
[4.010s] Level 1:colcon.colcon_core.environment:create_environment_scripts_only(natnet_ros2)
[4.011s] DEBUG:colcon.colcon_core.event_handler.log_command:Invoked command in '/home/droneops/ros2_ws/build/natnet_ros2' returned '0': CMAKE_PREFIX_PATH=/home/droneops/droneops/install/bridge_optitrack:/opt/ros/humble /usr/bin/cmake --install /home/droneops/ros2_ws/build/natnet_ros2
[4.011s] Level 1:colcon.colcon_core.environment:checking '/home/droneops/ros2_ws/install/natnet_ros2' for CMake module files
[4.014s] Level 1:colcon.colcon_core.environment:checking '/home/droneops/ros2_ws/install/natnet_ros2' for CMake config files
[4.016s] Level 1:colcon.colcon_core.shell:create_environment_hook('natnet_ros2', 'cmake_prefix_path')
[4.017s] INFO:colcon.colcon_core.shell:Creating environment hook '/home/droneops/ros2_ws/install/natnet_ros2/share/natnet_ros2/hook/cmake_prefix_path.ps1'
[4.018s] INFO:colcon.colcon_core.shell:Creating environment descriptor '/home/droneops/ros2_ws/install/natnet_ros2/share/natnet_ros2/hook/cmake_prefix_path.dsv'
[4.019s] INFO:colcon.colcon_core.shell:Creating environment hook '/home/droneops/ros2_ws/install/natnet_ros2/share/natnet_ros2/hook/cmake_prefix_path.sh'
[4.020s] Level 1:colcon.colcon_core.environment:checking '/home/droneops/ros2_ws/install/natnet_ros2/lib'
[4.021s] Level 1:colcon.colcon_core.shell:create_environment_hook('natnet_ros2', 'ld_library_path_lib')
[4.021s] INFO:colcon.colcon_core.shell:Creating environment hook '/home/droneops/ros2_ws/install/natnet_ros2/share/natnet_ros2/hook/ld_library_path_lib.ps1'
[4.022s] INFO:colcon.colcon_core.shell:Creating environment descriptor '/home/droneops/ros2_ws/install/natnet_ros2/share/natnet_ros2/hook/ld_library_path_lib.dsv'
[4.022s] INFO:colcon.colcon_core.shell:Creating environment hook '/home/droneops/ros2_ws/install/natnet_ros2/share/natnet_ros2/hook/ld_library_path_lib.sh'
[4.023s] Level 1:colcon.colcon_core.environment:checking '/home/droneops/ros2_ws/install/natnet_ros2/bin'
[4.023s] Level 1:colcon.colcon_core.shell:create_environment_hook('natnet_ros2', 'path')
[4.023s] INFO:colcon.colcon_core.shell:Creating environment hook '/home/droneops/ros2_ws/install/natnet_ros2/share/natnet_ros2/hook/path.ps1'
[4.024s] INFO:colcon.colcon_core.shell:Creating environment descriptor '/home/droneops/ros2_ws/install/natnet_ros2/share/natnet_ros2/hook/path.dsv'
[4.025s] INFO:colcon.colcon_core.shell:Creating environment hook '/home/droneops/ros2_ws/install/natnet_ros2/share/natnet_ros2/hook/path.sh'
[4.025s] Level 1:colcon.colcon_core.environment:checking '/home/droneops/ros2_ws/install/natnet_ros2/lib/pkgconfig/natnet_ros2.pc'
[4.026s] Level 1:colcon.colcon_core.environment:checking '/home/droneops/ros2_ws/install/natnet_ros2/lib/python3.10/site-packages'
[4.026s] Level 1:colcon.colcon_core.environment:checking '/home/droneops/ros2_ws/install/natnet_ros2/bin'
[4.026s] Level 1:colcon.colcon_core.shell:create_environment_hook('natnet_ros2', 'pythonscriptspath')
[4.026s] INFO:colcon.colcon_core.shell:Creating environment hook '/home/droneops/ros2_ws/install/natnet_ros2/share/natnet_ros2/hook/pythonscriptspath.ps1'
[4.027s] INFO:colcon.colcon_core.shell:Creating environment descriptor '/home/droneops/ros2_ws/install/natnet_ros2/share/natnet_ros2/hook/pythonscriptspath.dsv'
[4.027s] INFO:colcon.colcon_core.shell:Creating environment hook '/home/droneops/ros2_ws/install/natnet_ros2/share/natnet_ros2/hook/pythonscriptspath.sh'
[4.029s] INFO:colcon.colcon_core.shell:Creating package script '/home/droneops/ros2_ws/install/natnet_ros2/share/natnet_ros2/package.ps1'
[4.029s] INFO:colcon.colcon_core.shell:Creating package descriptor '/home/droneops/ros2_ws/install/natnet_ros2/share/natnet_ros2/package.dsv'
[4.030s] INFO:colcon.colcon_core.shell:Creating package script '/home/droneops/ros2_ws/install/natnet_ros2/share/natnet_ros2/package.sh'
[4.031s] INFO:colcon.colcon_core.shell:Creating package script '/home/droneops/ros2_ws/install/natnet_ros2/share/natnet_ros2/package.bash'
[4.032s] INFO:colcon.colcon_core.shell:Creating package script '/home/droneops/ros2_ws/install/natnet_ros2/share/natnet_ros2/package.zsh'
[4.032s] Level 1:colcon.colcon_core.environment:create_file_with_runtime_dependencies(/home/droneops/ros2_ws/install/natnet_ros2/share/colcon-core/packages/natnet_ros2)
[4.033s] Level 1:colcon.colcon_core.environment:create_environment_scripts_only(natnet_ros2)
[4.033s] Level 1:colcon.colcon_core.environment:checking '/home/droneops/ros2_ws/install/natnet_ros2' for CMake module files
[4.034s] Level 1:colcon.colcon_core.environment:checking '/home/droneops/ros2_ws/install/natnet_ros2' for CMake config files
[4.034s] Level 1:colcon.colcon_core.shell:create_environment_hook('natnet_ros2', 'cmake_prefix_path')
[4.035s] INFO:colcon.colcon_core.shell:Creating environment hook '/home/droneops/ros2_ws/install/natnet_ros2/share/natnet_ros2/hook/cmake_prefix_path.ps1'
[4.035s] INFO:colcon.colcon_core.shell:Creating environment descriptor '/home/droneops/ros2_ws/install/natnet_ros2/share/natnet_ros2/hook/cmake_prefix_path.dsv'
[4.035s] INFO:colcon.colcon_core.shell:Creating environment hook '/home/droneops/ros2_ws/install/natnet_ros2/share/natnet_ros2/hook/cmake_prefix_path.sh'
[4.036s] Level 1:colcon.colcon_core.environment:checking '/home/droneops/ros2_ws/install/natnet_ros2/lib'
[4.036s] Level 1:colcon.colcon_core.shell:create_environment_hook('natnet_ros2', 'ld_library_path_lib')
[4.036s] INFO:colcon.colcon_core.shell:Creating environment hook '/home/droneops/ros2_ws/install/natnet_ros2/share/natnet_ros2/hook/ld_library_path_lib.ps1'
[4.037s] INFO:colcon.colcon_core.shell:Creating environment descriptor '/home/droneops/ros2_ws/install/natnet_ros2/share/natnet_ros2/hook/ld_library_path_lib.dsv'
[4.037s] INFO:colcon.colcon_core.shell:Creating environment hook '/home/droneops/ros2_ws/install/natnet_ros2/share/natnet_ros2/hook/ld_library_path_lib.sh'
[4.038s] Level 1:colcon.colcon_core.environment:checking '/home/droneops/ros2_ws/install/natnet_ros2/bin'
[4.038s] Level 1:colcon.colcon_core.shell:create_environment_hook('natnet_ros2', 'path')
[4.038s] INFO:colcon.colcon_core.shell:Creating environment hook '/home/droneops/ros2_ws/install/natnet_ros2/share/natnet_ros2/hook/path.ps1'
[4.038s] INFO:colcon.colcon_core.shell:Creating environment descriptor '/home/droneops/ros2_ws/install/natnet_ros2/share/natnet_ros2/hook/path.dsv'
[4.039s] INFO:colcon.colcon_core.shell:Creating environment hook '/home/droneops/ros2_ws/install/natnet_ros2/share/natnet_ros2/hook/path.sh'
[4.039s] Level 1:colcon.colcon_core.environment:checking '/home/droneops/ros2_ws/install/natnet_ros2/lib/pkgconfig/natnet_ros2.pc'
[4.039s] Level 1:colcon.colcon_core.environment:checking '/home/droneops/ros2_ws/install/natnet_ros2/lib/python3.10/site-packages'
[4.040s] Level 1:colcon.colcon_core.environment:checking '/home/droneops/ros2_ws/install/natnet_ros2/bin'
[4.040s] Level 1:colcon.colcon_core.shell:create_environment_hook('natnet_ros2', 'pythonscriptspath')
[4.040s] INFO:colcon.colcon_core.shell:Creating environment hook '/home/droneops/ros2_ws/install/natnet_ros2/share/natnet_ros2/hook/pythonscriptspath.ps1'
[4.040s] INFO:colcon.colcon_core.shell:Creating environment descriptor '/home/droneops/ros2_ws/install/natnet_ros2/share/natnet_ros2/hook/pythonscriptspath.dsv'
[4.041s] INFO:colcon.colcon_core.shell:Creating environment hook '/home/droneops/ros2_ws/install/natnet_ros2/share/natnet_ros2/hook/pythonscriptspath.sh'
[4.041s] INFO:colcon.colcon_core.shell:Creating package script '/home/droneops/ros2_ws/install/natnet_ros2/share/natnet_ros2/package.ps1'
[4.042s] INFO:colcon.colcon_core.shell:Creating package descriptor '/home/droneops/ros2_ws/install/natnet_ros2/share/natnet_ros2/package.dsv'
[4.043s] INFO:colcon.colcon_core.shell:Creating package script '/home/droneops/ros2_ws/install/natnet_ros2/share/natnet_ros2/package.sh'
[4.043s] INFO:colcon.colcon_core.shell:Creating package script '/home/droneops/ros2_ws/install/natnet_ros2/share/natnet_ros2/package.bash'
[4.043s] INFO:colcon.colcon_core.shell:Creating package script '/home/droneops/ros2_ws/install/natnet_ros2/share/natnet_ros2/package.zsh'
[4.044s] Level 1:colcon.colcon_core.environment:create_file_with_runtime_dependencies(/home/droneops/ros2_ws/install/natnet_ros2/share/colcon-core/packages/natnet_ros2)
[4.044s] DEBUG:colcon.colcon_parallel_executor.executor.parallel:closing loop
[4.044s] DEBUG:colcon.colcon_parallel_executor.executor.parallel:loop closed
[4.044s] DEBUG:colcon.colcon_parallel_executor.executor.parallel:run_until_complete finished with '0'
[4.044s] DEBUG:colcon.colcon_core.event_reactor:joining thread
[4.051s] INFO:colcon.colcon_core.plugin_system:Skipping extension 'colcon_notification.desktop_notification.terminal_notifier': Not used on non-Darwin systems
[4.051s] INFO:colcon.colcon_core.plugin_system:Skipping extension 'colcon_notification.desktop_notification.win32': Not used on non-Windows systems
[4.051s] INFO:colcon.colcon_notification.desktop_notification:Sending desktop notification using 'notify2'
[4.082s] DEBUG:colcon.colcon_core.event_reactor:joined thread
[4.083s] INFO:colcon.colcon_core.shell:Creating prefix script '/home/droneops/ros2_ws/install/local_setup.ps1'
[4.085s] INFO:colcon.colcon_core.shell:Creating prefix util module '/home/droneops/ros2_ws/install/_local_setup_util_ps1.py'
[4.105s] INFO:colcon.colcon_core.shell:Creating prefix chain script '/home/droneops/ros2_ws/install/setup.ps1'
[4.107s] INFO:colcon.colcon_core.shell:Creating prefix script '/home/droneops/ros2_ws/install/local_setup.sh'
[4.109s] INFO:colcon.colcon_core.shell:Creating prefix util module '/home/droneops/ros2_ws/install/_local_setup_util_sh.py'
[4.111s] INFO:colcon.colcon_core.shell:Creating prefix chain script '/home/droneops/ros2_ws/install/setup.sh'
[4.113s] INFO:colcon.colcon_core.shell:Creating prefix script '/home/droneops/ros2_ws/install/local_setup.bash'
[4.114s] INFO:colcon.colcon_core.shell:Creating prefix chain script '/home/droneops/ros2_ws/install/setup.bash'
[4.115s] INFO:colcon.colcon_core.shell:Creating prefix script '/home/droneops/ros2_ws/install/local_setup.zsh'
[4.116s] INFO:colcon.colcon_core.shell:Creating prefix chain script '/home/droneops/ros2_ws/install/setup.zsh'
