[0.014s] Invoking command in '/home/droneops/ros2_ws/build/natnet_ros2': CMAKE_PREFIX_PATH=/home/droneops/droneops/install/bridge_optitrack:/opt/ros/humble /usr/bin/cmake --build /home/droneops/ros2_ws/build/natnet_ros2 -- -j8 -l8
[0.076s] [  8%] Built target natnet_ros2__rosidl_generator_c
[0.082s] [ 11%] Built target natnet_ros2__cpp
[0.082s] [ 11%] Built target ament_cmake_python_symlink_natnet_ros2_py
[0.083s] [ 11%] Built target ament_cmake_python_symlink_natnet_ros2
[0.090s] [ 19%] Built target natnet_ros2_node
[0.099s] [ 27%] Built target natnet_ros2__rosidl_typesupport_c
[0.102s] [ 36%] Built target natnet_ros2__rosidl_typesupport_introspection_c
[0.107s] [ 44%] Built target natnet_ros2__rosidl_typesupport_fastrtps_c
[0.109s] [ 52%] Built target natnet_ros2__rosidl_typesupport_cpp
[0.112s] [ 61%] Built target natnet_ros2__rosidl_typesupport_fastrtps_cpp
[0.118s] [ 69%] Built target natnet_ros2__rosidl_typesupport_introspection_cpp
[0.135s] [ 69%] Built target natnet_ros2
[0.156s] [ 75%] Built target marker_poses_server
[0.157s] [ 77%] Built target natnet_ros2__py
[0.176s] [ 83%] Built target natnet_ros2__rosidl_generator_py
[0.198s] [ 91%] Built target natnet_ros2__rosidl_typesupport_c__pyext
[0.198s] [ 94%] Built target natnet_ros2__rosidl_typesupport_fastrtps_c__pyext
[0.199s] [100%] Built target natnet_ros2__rosidl_typesupport_introspection_c__pyext
[0.319s] running egg_info
[0.319s] writing natnet_ros2.egg-info/PKG-INFO
[0.320s] writing dependency_links to natnet_ros2.egg-info/dependency_links.txt
[0.320s] writing top-level names to natnet_ros2.egg-info/top_level.txt
[0.321s] reading manifest file 'natnet_ros2.egg-info/SOURCES.txt'
[0.322s] writing manifest file 'natnet_ros2.egg-info/SOURCES.txt'
[0.329s] running egg_info
[0.330s] writing natnet_ros2_py.egg-info/PKG-INFO
[0.330s] writing dependency_links to natnet_ros2_py.egg-info/dependency_links.txt
[0.330s] writing top-level names to natnet_ros2_py.egg-info/top_level.txt
[0.332s] reading manifest file 'natnet_ros2_py.egg-info/SOURCES.txt'
[0.332s] writing manifest file 'natnet_ros2_py.egg-info/SOURCES.txt'
[0.352s] [100%] Built target ament_cmake_python_build_natnet_ros2_egg
[0.362s] [100%] Built target ament_cmake_python_build_natnet_ros2_py_egg
[0.372s] Invoked command in '/home/droneops/ros2_ws/build/natnet_ros2' returned '0': CMAKE_PREFIX_PATH=/home/droneops/droneops/install/bridge_optitrack:/opt/ros/humble /usr/bin/cmake --build /home/droneops/ros2_ws/build/natnet_ros2 -- -j8 -l8
[0.380s] Invoking command in '/home/droneops/ros2_ws/build/natnet_ros2': CMAKE_PREFIX_PATH=/home/droneops/droneops/install/bridge_optitrack:/opt/ros/humble /usr/bin/cmake --install /home/droneops/ros2_ws/build/natnet_ros2
[0.387s] -- Install configuration: ""
[0.387s] -- Execute custom install script
[0.387s] -- Up-to-date symlink: /home/droneops/ros2_ws/install/natnet_ros2/share/ament_index/resource_index/rosidl_interfaces/natnet_ros2
[0.387s] -- Up-to-date symlink: /home/droneops/ros2_ws/install/natnet_ros2/include/natnet_ros2/natnet_ros2/msg/rosidl_generator_c__visibility_control.h
[0.388s] -- Up-to-date symlink: /home/droneops/ros2_ws/install/natnet_ros2/include/natnet_ros2/natnet_ros2/srv/detail/marker_poses__functions.h
[0.388s] -- Up-to-date symlink: /home/droneops/ros2_ws/install/natnet_ros2/include/natnet_ros2/natnet_ros2/srv/detail/marker_poses__struct.h
[0.388s] -- Up-to-date symlink: /home/droneops/ros2_ws/install/natnet_ros2/include/natnet_ros2/natnet_ros2/srv/detail/marker_poses__type_support.h
[0.388s] -- Up-to-date symlink: /home/droneops/ros2_ws/install/natnet_ros2/include/natnet_ros2/natnet_ros2/srv/marker_poses.h
[0.388s] -- Up-to-date symlink: /home/droneops/ros2_ws/install/natnet_ros2/share/natnet_ros2/environment/library_path.sh
[0.388s] -- Up-to-date symlink: /home/droneops/ros2_ws/install/natnet_ros2/share/natnet_ros2/environment/library_path.dsv
[0.388s] -- Up-to-date symlink: /home/droneops/ros2_ws/install/natnet_ros2/include/natnet_ros2/natnet_ros2/msg/rosidl_typesupport_fastrtps_c__visibility_control.h
[0.389s] -- Up-to-date symlink: /home/droneops/ros2_ws/install/natnet_ros2/include/natnet_ros2/natnet_ros2/srv/detail/marker_poses__rosidl_typesupport_fastrtps_c.h
[0.389s] -- Up-to-date symlink: /home/droneops/ros2_ws/install/natnet_ros2/include/natnet_ros2/natnet_ros2/msg/rosidl_generator_cpp__visibility_control.hpp
[0.389s] -- Up-to-date symlink: /home/droneops/ros2_ws/install/natnet_ros2/include/natnet_ros2/natnet_ros2/srv/detail/marker_poses__builder.hpp
[0.389s] -- Up-to-date symlink: /home/droneops/ros2_ws/install/natnet_ros2/include/natnet_ros2/natnet_ros2/srv/detail/marker_poses__struct.hpp
[0.389s] -- Up-to-date symlink: /home/droneops/ros2_ws/install/natnet_ros2/include/natnet_ros2/natnet_ros2/srv/detail/marker_poses__traits.hpp
[0.389s] -- Up-to-date symlink: /home/droneops/ros2_ws/install/natnet_ros2/include/natnet_ros2/natnet_ros2/srv/detail/marker_poses__type_support.hpp
[0.389s] -- Up-to-date symlink: /home/droneops/ros2_ws/install/natnet_ros2/include/natnet_ros2/natnet_ros2/srv/marker_poses.hpp
[0.390s] -- Up-to-date symlink: /home/droneops/ros2_ws/install/natnet_ros2/include/natnet_ros2/natnet_ros2/msg/rosidl_typesupport_fastrtps_cpp__visibility_control.h
[0.390s] -- Up-to-date symlink: /home/droneops/ros2_ws/install/natnet_ros2/include/natnet_ros2/natnet_ros2/srv/detail/marker_poses__rosidl_typesupport_fastrtps_cpp.hpp
[0.390s] -- Up-to-date symlink: /home/droneops/ros2_ws/install/natnet_ros2/include/natnet_ros2/natnet_ros2/msg/rosidl_typesupport_introspection_c__visibility_control.h
[0.390s] -- Up-to-date symlink: /home/droneops/ros2_ws/install/natnet_ros2/include/natnet_ros2/natnet_ros2/srv/detail/marker_poses__rosidl_typesupport_introspection_c.h
[0.391s] -- Up-to-date symlink: /home/droneops/ros2_ws/install/natnet_ros2/include/natnet_ros2/natnet_ros2/srv/detail/marker_poses__rosidl_typesupport_introspection_cpp.hpp
[0.391s] -- Up-to-date symlink: /home/droneops/ros2_ws/install/natnet_ros2/share/natnet_ros2/environment/pythonpath.sh
[0.391s] -- Up-to-date symlink: /home/droneops/ros2_ws/install/natnet_ros2/share/natnet_ros2/environment/pythonpath.dsv
[0.391s] -- Up-to-date symlink: /home/droneops/ros2_ws/install/natnet_ros2/local/lib/python3.10/dist-packages/natnet_ros2-1.0.0-py3.10.egg-info/PKG-INFO
[0.391s] -- Up-to-date symlink: /home/droneops/ros2_ws/install/natnet_ros2/local/lib/python3.10/dist-packages/natnet_ros2-1.0.0-py3.10.egg-info/SOURCES.txt
[0.391s] -- Up-to-date symlink: /home/droneops/ros2_ws/install/natnet_ros2/local/lib/python3.10/dist-packages/natnet_ros2-1.0.0-py3.10.egg-info/dependency_links.txt
[0.391s] -- Up-to-date symlink: /home/droneops/ros2_ws/install/natnet_ros2/local/lib/python3.10/dist-packages/natnet_ros2-1.0.0-py3.10.egg-info/top_level.txt
[0.392s] -- Up-to-date symlink: /home/droneops/ros2_ws/install/natnet_ros2/local/lib/python3.10/dist-packages/natnet_ros2/__init__.py
[0.392s] -- Up-to-date symlink: /home/droneops/ros2_ws/install/natnet_ros2/local/lib/python3.10/dist-packages/natnet_ros2/_natnet_ros2_s.ep.rosidl_typesupport_c.c
[0.392s] -- Up-to-date symlink: /home/droneops/ros2_ws/install/natnet_ros2/local/lib/python3.10/dist-packages/natnet_ros2/_natnet_ros2_s.ep.rosidl_typesupport_fastrtps_c.c
[0.392s] -- Up-to-date symlink: /home/droneops/ros2_ws/install/natnet_ros2/local/lib/python3.10/dist-packages/natnet_ros2/_natnet_ros2_s.ep.rosidl_typesupport_introspection_c.c
[0.392s] -- Up-to-date symlink: /home/droneops/ros2_ws/install/natnet_ros2/local/lib/python3.10/dist-packages/natnet_ros2/libnatnet_ros2__rosidl_generator_py.so
[0.392s] -- Up-to-date symlink: /home/droneops/ros2_ws/install/natnet_ros2/local/lib/python3.10/dist-packages/natnet_ros2/natnet_ros2_s__rosidl_typesupport_c.cpython-310-x86_64-linux-gnu.so
[0.392s] -- Up-to-date symlink: /home/droneops/ros2_ws/install/natnet_ros2/local/lib/python3.10/dist-packages/natnet_ros2/natnet_ros2_s__rosidl_typesupport_fastrtps_c.cpython-310-x86_64-linux-gnu.so
[0.393s] -- Up-to-date symlink: /home/droneops/ros2_ws/install/natnet_ros2/local/lib/python3.10/dist-packages/natnet_ros2/natnet_ros2_s__rosidl_typesupport_introspection_c.cpython-310-x86_64-linux-gnu.so
[0.393s] -- Up-to-date symlink: /home/droneops/ros2_ws/install/natnet_ros2/local/lib/python3.10/dist-packages/natnet_ros2/srv/__init__.py
[0.393s] -- Up-to-date symlink: /home/droneops/ros2_ws/install/natnet_ros2/local/lib/python3.10/dist-packages/natnet_ros2/srv/_marker_poses.py
[0.393s] -- Up-to-date symlink: /home/droneops/ros2_ws/install/natnet_ros2/local/lib/python3.10/dist-packages/natnet_ros2/srv/_marker_poses_s.c
[0.393s] -- Up-to-date symlink: /home/droneops/ros2_ws/install/natnet_ros2/local/lib/python3.10/dist-packages/natnet_ros2/natnet_ros2_s__rosidl_typesupport_fastrtps_c.cpython-310-x86_64-linux-gnu.so
[0.393s] -- Up-to-date symlink: /home/droneops/ros2_ws/install/natnet_ros2/local/lib/python3.10/dist-packages/natnet_ros2/natnet_ros2_s__rosidl_typesupport_introspection_c.cpython-310-x86_64-linux-gnu.so
[0.394s] -- Up-to-date symlink: /home/droneops/ros2_ws/install/natnet_ros2/local/lib/python3.10/dist-packages/natnet_ros2/natnet_ros2_s__rosidl_typesupport_c.cpython-310-x86_64-linux-gnu.so
[0.394s] -- Up-to-date symlink: /home/droneops/ros2_ws/install/natnet_ros2/share/natnet_ros2/srv/MarkerPoses.idl
[0.394s] -- Up-to-date symlink: /home/droneops/ros2_ws/install/natnet_ros2/share/natnet_ros2/srv/MarkerPoses.srv
[0.394s] -- Up-to-date symlink: /home/droneops/ros2_ws/install/natnet_ros2/share/natnet_ros2/srv/MarkerPoses_Request.msg
[0.394s] -- Up-to-date symlink: /home/droneops/ros2_ws/install/natnet_ros2/share/natnet_ros2/srv/MarkerPoses_Response.msg
[0.394s] -- Up-to-date symlink: /home/droneops/ros2_ws/install/natnet_ros2/include/natnet_ros2/natnet_ros2.hpp
[0.394s] -- Up-to-date symlink: /home/droneops/ros2_ws/install/natnet_ros2/include/natnet_ros2/nn_filter.hpp
[0.395s] -- Up-to-date symlink: /home/droneops/ros2_ws/install/natnet_ros2/include/natnet_ros2/object_data.hpp
[0.395s] -- Up-to-date symlink: /home/droneops/ros2_ws/install/natnet_ros2/share/natnet_ros2/launch/gui_natnet_ros2.launch.py
[0.395s] -- Up-to-date symlink: /home/droneops/ros2_ws/install/natnet_ros2/share/natnet_ros2/launch/natnet_ros2.launch.py
[0.395s] -- Up-to-date symlink: /home/droneops/ros2_ws/install/natnet_ros2/share/natnet_ros2/config/conf_autogen.yaml
[0.395s] -- Up-to-date symlink: /home/droneops/ros2_ws/install/natnet_ros2/share/natnet_ros2/config/initiate.yaml
[0.395s] -- Up-to-date symlink: /home/droneops/ros2_ws/install/natnet_ros2/share/natnet_ros2/ui/helper.ui
[0.395s] -- Up-to-date symlink: /home/droneops/ros2_ws/install/natnet_ros2/share/natnet_ros2/ui/logo.png
[0.396s] -- Up-to-date symlink: /home/droneops/ros2_ws/install/natnet_ros2/share/natnet_ros2/ui/ros-logo.png
[0.396s] -- Up-to-date symlink: /home/droneops/ros2_ws/install/natnet_ros2/lib/natnet_ros2/natnet_ros2_node
[0.396s] -- Up-to-date symlink: /home/droneops/ros2_ws/install/natnet_ros2/bin/natnet_ros2_node
[0.396s] -- Up-to-date symlink: /home/droneops/ros2_ws/install/natnet_ros2/lib/natnet_ros2/marker_poses_server
[0.396s] -- Up-to-date symlink: /home/droneops/ros2_ws/install/natnet_ros2/bin/marker_poses_server
[0.397s] -- Up-to-date symlink: /home/droneops/ros2_ws/install/natnet_ros2/local/lib/python3.10/dist-packages/natnet_ros2_py-1.0.0-py3.10.egg-info/PKG-INFO
[0.397s] -- Up-to-date symlink: /home/droneops/ros2_ws/install/natnet_ros2/local/lib/python3.10/dist-packages/natnet_ros2_py-1.0.0-py3.10.egg-info/SOURCES.txt
[0.397s] -- Up-to-date symlink: /home/droneops/ros2_ws/install/natnet_ros2/local/lib/python3.10/dist-packages/natnet_ros2_py-1.0.0-py3.10.egg-info/dependency_links.txt
[0.397s] -- Up-to-date symlink: /home/droneops/ros2_ws/install/natnet_ros2/local/lib/python3.10/dist-packages/natnet_ros2_py-1.0.0-py3.10.egg-info/top_level.txt
[0.397s] -- Up-to-date symlink: /home/droneops/ros2_ws/install/natnet_ros2/local/lib/python3.10/dist-packages/natnet_ros2_py/__init__.py
[0.397s] -- Up-to-date symlink: /home/droneops/ros2_ws/install/natnet_ros2/local/lib/python3.10/dist-packages/natnet_ros2_py/node_module.py
[0.397s] -- Up-to-date symlink: /home/droneops/ros2_ws/install/natnet_ros2/lib/natnet_ros2/helper_node_r2.py
[0.398s] -- Up-to-date symlink: /home/droneops/ros2_ws/install/natnet_ros2/include/natnet_ros2/natnet_ros2.hpp
[0.398s] -- Up-to-date symlink: /home/droneops/ros2_ws/install/natnet_ros2/include/natnet_ros2/nn_filter.hpp
[0.398s] -- Up-to-date symlink: /home/droneops/ros2_ws/install/natnet_ros2/include/natnet_ros2/object_data.hpp
[0.398s] -- Up-to-date symlink: /home/droneops/ros2_ws/install/natnet_ros2/share/ament_index/resource_index/package_run_dependencies/natnet_ros2
[0.398s] -- Up-to-date symlink: /home/droneops/ros2_ws/install/natnet_ros2/share/ament_index/resource_index/parent_prefix_path/natnet_ros2
[0.398s] -- Up-to-date symlink: /home/droneops/ros2_ws/install/natnet_ros2/share/natnet_ros2/environment/ament_prefix_path.sh
[0.399s] -- Up-to-date symlink: /home/droneops/ros2_ws/install/natnet_ros2/share/natnet_ros2/environment/ament_prefix_path.dsv
[0.399s] -- Up-to-date symlink: /home/droneops/ros2_ws/install/natnet_ros2/share/natnet_ros2/environment/path.sh
[0.399s] -- Up-to-date symlink: /home/droneops/ros2_ws/install/natnet_ros2/share/natnet_ros2/environment/path.dsv
[0.399s] -- Up-to-date symlink: /home/droneops/ros2_ws/install/natnet_ros2/share/natnet_ros2/local_setup.bash
[0.399s] -- Up-to-date symlink: /home/droneops/ros2_ws/install/natnet_ros2/share/natnet_ros2/local_setup.sh
[0.399s] -- Up-to-date symlink: /home/droneops/ros2_ws/install/natnet_ros2/share/natnet_ros2/local_setup.zsh
[0.399s] -- Up-to-date symlink: /home/droneops/ros2_ws/install/natnet_ros2/share/natnet_ros2/local_setup.dsv
[0.400s] -- Symlinking: /home/droneops/ros2_ws/install/natnet_ros2/share/natnet_ros2/package.dsv
[0.412s] -- Up-to-date symlink: /home/droneops/ros2_ws/install/natnet_ros2/share/ament_index/resource_index/packages/natnet_ros2
[0.412s] -- Up-to-date symlink: /home/droneops/ros2_ws/install/natnet_ros2/share/natnet_ros2/cmake/rosidl_cmake-extras.cmake
[0.412s] -- Up-to-date symlink: /home/droneops/ros2_ws/install/natnet_ros2/share/natnet_ros2/cmake/ament_cmake_export_dependencies-extras.cmake
[0.412s] -- Up-to-date symlink: /home/droneops/ros2_ws/install/natnet_ros2/share/natnet_ros2/cmake/ament_cmake_export_include_directories-extras.cmake
[0.412s] -- Up-to-date symlink: /home/droneops/ros2_ws/install/natnet_ros2/share/natnet_ros2/cmake/ament_cmake_export_libraries-extras.cmake
[0.412s] -- Up-to-date symlink: /home/droneops/ros2_ws/install/natnet_ros2/share/natnet_ros2/cmake/ament_cmake_export_targets-extras.cmake
[0.413s] -- Up-to-date symlink: /home/droneops/ros2_ws/install/natnet_ros2/share/natnet_ros2/cmake/rosidl_cmake_export_typesupport_targets-extras.cmake
[0.413s] -- Up-to-date symlink: /home/droneops/ros2_ws/install/natnet_ros2/share/natnet_ros2/cmake/rosidl_cmake_export_typesupport_libraries-extras.cmake
[0.413s] -- Up-to-date symlink: /home/droneops/ros2_ws/install/natnet_ros2/share/natnet_ros2/cmake/natnet_ros2Config.cmake
[0.413s] -- Up-to-date symlink: /home/droneops/ros2_ws/install/natnet_ros2/share/natnet_ros2/cmake/natnet_ros2Config-version.cmake
[0.413s] -- Up-to-date symlink: /home/droneops/ros2_ws/install/natnet_ros2/share/natnet_ros2/package.xml
[0.413s] -- Up-to-date: /home/droneops/ros2_ws/install/natnet_ros2/lib/libnatnet_ros2__rosidl_generator_c.so
[0.414s] -- Up-to-date: /home/droneops/ros2_ws/install/natnet_ros2/lib/libnatnet_ros2__rosidl_typesupport_fastrtps_c.so
[0.414s] -- Up-to-date: /home/droneops/ros2_ws/install/natnet_ros2/lib/libnatnet_ros2__rosidl_typesupport_fastrtps_cpp.so
[0.414s] -- Up-to-date: /home/droneops/ros2_ws/install/natnet_ros2/lib/libnatnet_ros2__rosidl_typesupport_introspection_c.so
[0.414s] -- Up-to-date: /home/droneops/ros2_ws/install/natnet_ros2/lib/libnatnet_ros2__rosidl_typesupport_c.so
[0.414s] -- Up-to-date: /home/droneops/ros2_ws/install/natnet_ros2/lib/libnatnet_ros2__rosidl_typesupport_introspection_cpp.so
[0.415s] -- Up-to-date: /home/droneops/ros2_ws/install/natnet_ros2/lib/libnatnet_ros2__rosidl_typesupport_cpp.so
[0.445s] Listing '/home/droneops/ros2_ws/install/natnet_ros2/local/lib/python3.10/dist-packages/natnet_ros2'...
[0.445s] Listing '/home/droneops/ros2_ws/install/natnet_ros2/local/lib/python3.10/dist-packages/natnet_ros2/srv'...
[0.450s] -- Up-to-date: /home/droneops/ros2_ws/install/natnet_ros2/lib/libnatnet_ros2__rosidl_generator_py.so
[0.473s] Listing '/home/droneops/ros2_ws/install/natnet_ros2/local/lib/python3.10/dist-packages/natnet_ros2_py'...
[0.478s] -- Up-to-date: /home/droneops/ros2_ws/install/natnet_ros2/share/natnet_ros2/cmake/export_natnet_ros2__rosidl_generator_cExport.cmake
[0.478s] -- Up-to-date: /home/droneops/ros2_ws/install/natnet_ros2/share/natnet_ros2/cmake/export_natnet_ros2__rosidl_generator_cExport-noconfig.cmake
[0.478s] -- Up-to-date: /home/droneops/ros2_ws/install/natnet_ros2/share/natnet_ros2/cmake/export_natnet_ros2__rosidl_typesupport_fastrtps_cExport.cmake
[0.479s] -- Up-to-date: /home/droneops/ros2_ws/install/natnet_ros2/share/natnet_ros2/cmake/export_natnet_ros2__rosidl_typesupport_fastrtps_cExport-noconfig.cmake
[0.479s] -- Up-to-date: /home/droneops/ros2_ws/install/natnet_ros2/share/natnet_ros2/cmake/export_natnet_ros2__rosidl_generator_cppExport.cmake
[0.479s] -- Up-to-date: /home/droneops/ros2_ws/install/natnet_ros2/share/natnet_ros2/cmake/export_natnet_ros2__rosidl_typesupport_fastrtps_cppExport.cmake
[0.479s] -- Up-to-date: /home/droneops/ros2_ws/install/natnet_ros2/share/natnet_ros2/cmake/export_natnet_ros2__rosidl_typesupport_fastrtps_cppExport-noconfig.cmake
[0.479s] -- Up-to-date: /home/droneops/ros2_ws/install/natnet_ros2/share/natnet_ros2/cmake/natnet_ros2__rosidl_typesupport_introspection_cExport.cmake
[0.480s] -- Up-to-date: /home/droneops/ros2_ws/install/natnet_ros2/share/natnet_ros2/cmake/natnet_ros2__rosidl_typesupport_introspection_cExport-noconfig.cmake
[0.480s] -- Up-to-date: /home/droneops/ros2_ws/install/natnet_ros2/share/natnet_ros2/cmake/natnet_ros2__rosidl_typesupport_cExport.cmake
[0.480s] -- Up-to-date: /home/droneops/ros2_ws/install/natnet_ros2/share/natnet_ros2/cmake/natnet_ros2__rosidl_typesupport_cExport-noconfig.cmake
[0.480s] -- Up-to-date: /home/droneops/ros2_ws/install/natnet_ros2/share/natnet_ros2/cmake/natnet_ros2__rosidl_typesupport_introspection_cppExport.cmake
[0.480s] -- Up-to-date: /home/droneops/ros2_ws/install/natnet_ros2/share/natnet_ros2/cmake/natnet_ros2__rosidl_typesupport_introspection_cppExport-noconfig.cmake
[0.481s] -- Up-to-date: /home/droneops/ros2_ws/install/natnet_ros2/share/natnet_ros2/cmake/natnet_ros2__rosidl_typesupport_cppExport.cmake
[0.481s] -- Up-to-date: /home/droneops/ros2_ws/install/natnet_ros2/share/natnet_ros2/cmake/natnet_ros2__rosidl_typesupport_cppExport-noconfig.cmake
[0.481s] -- Up-to-date: /home/droneops/ros2_ws/install/natnet_ros2/share/natnet_ros2/cmake/export_natnet_ros2__rosidl_generator_pyExport.cmake
[0.481s] -- Up-to-date: /home/droneops/ros2_ws/install/natnet_ros2/share/natnet_ros2/cmake/export_natnet_ros2__rosidl_generator_pyExport-noconfig.cmake
[0.486s] Invoked command in '/home/droneops/ros2_ws/build/natnet_ros2' returned '0': CMAKE_PREFIX_PATH=/home/droneops/droneops/install/bridge_optitrack:/opt/ros/humble /usr/bin/cmake --install /home/droneops/ros2_ws/build/natnet_ros2
