[1.155s] Invoking command in '/home/droneops/ros2_ws/src/tello_control': PYTHONPATH=/home/droneops/ros2_ws/build/tello_control/prefix_override:/usr/lib/python3/dist-packages/colcon_core/task/python/colcon_distutils_commands:/home/droneops/ros2_ws/install/tello_control/lib/python3.10/site-packages:${PYTHONPATH} /usr/bin/python3 -W ignore:setup.py install is deprecated -W ignore:easy_install command is deprecated setup.py egg_info --egg-base ../../build/tello_control build --build-base /home/droneops/ros2_ws/build/tello_control/build install --record /home/droneops/ros2_ws/build/tello_control/install.log --single-version-externally-managed install_data
[1.340s] running egg_info
[1.340s] writing ../../build/tello_control/tello_control.egg-info/PKG-INFO
[1.346s] writing dependency_links to ../../build/tello_control/tello_control.egg-info/dependency_links.txt
[1.346s] writing entry points to ../../build/tello_control/tello_control.egg-info/entry_points.txt
[1.346s] writing requirements to ../../build/tello_control/tello_control.egg-info/requires.txt
[1.346s] writing top-level names to ../../build/tello_control/tello_control.egg-info/top_level.txt
[1.354s] reading manifest file '../../build/tello_control/tello_control.egg-info/SOURCES.txt'
[1.367s] writing manifest file '../../build/tello_control/tello_control.egg-info/SOURCES.txt'
[1.367s] running build
[1.368s] running build_py
[1.368s] running install
[1.369s] running install_lib
[1.378s] running install_data
[1.379s] running install_egg_info
[1.380s] removing '/home/droneops/ros2_ws/install/tello_control/lib/python3.10/site-packages/tello_control-0.0.0-py3.10.egg-info' (and everything under it)
[1.381s] Copying ../../build/tello_control/tello_control.egg-info to /home/droneops/ros2_ws/install/tello_control/lib/python3.10/site-packages/tello_control-0.0.0-py3.10.egg-info
[1.381s] running install_scripts
[1.398s] Installing cinematic_control script to /home/droneops/ros2_ws/install/tello_control/lib/tello_control
[1.411s] writing list of installed files to '/home/droneops/ros2_ws/build/tello_control/install.log'
[1.467s] Invoked command in '/home/droneops/ros2_ws/src/tello_control' returned '0': PYTHONPATH=/home/droneops/ros2_ws/build/tello_control/prefix_override:/usr/lib/python3/dist-packages/colcon_core/task/python/colcon_distutils_commands:/home/droneops/ros2_ws/install/tello_control/lib/python3.10/site-packages:${PYTHONPATH} /usr/bin/python3 -W ignore:setup.py install is deprecated -W ignore:easy_install command is deprecated setup.py egg_info --egg-base ../../build/tello_control build --build-base /home/droneops/ros2_ws/build/tello_control/build install --record /home/droneops/ros2_ws/build/tello_control/install.log --single-version-externally-managed install_data
