[0.048s] Invoking command in '/home/droneops/ros2_ws/build/natnet_ros2': CMAKE_PREFIX_PATH=/home/droneops/droneops/install/bridge_optitrack:/opt/ros/humble /usr/bin/cmake /home/droneops/ros2_ws/src/natnet_ros2 -DAMENT_CMAKE_SYMLINK_INSTALL=1 -DCMAKE_INSTALL_PREFIX=/home/droneops/ros2_ws/install/natnet_ros2
[0.906s] -- The C compiler identification is GNU 11.4.0
[1.332s] -- The CXX compiler identification is GNU 11.4.0
[1.372s] -- Detecting C compiler ABI info
[1.566s] -- Detecting C compiler ABI info - done
[1.583s] -- Check for working C compiler: /usr/bin/cc - skipped
[1.584s] -- Detecting C compile features
[1.593s] -- Detecting C compile features - done
[1.597s] -- Detecting CXX compiler ABI info
[1.715s] -- Detecting CXX compiler ABI info - done
[1.721s] -- Check for working CXX compiler: /usr/bin/c++ - skipped
[1.721s] -- Detecting CXX compile features
[1.722s] -- Detecting CXX compile features - done
[1.784s] -- Found ament_cmake: 1.3.12 (/opt/ros/humble/share/ament_cmake/cmake)
[2.006s] -- Found Python3: /usr/bin/python3 (found version "3.10.12") found components: Interpreter 
[2.099s] -- Override CMake install command with custom implementation using symlinks instead of copying resources
[2.177s] -- Found rclcpp: 16.0.14 (/opt/ros/humble/share/rclcpp/cmake)
[2.287s] -- Found rosidl_generator_c: 3.1.7 (/opt/ros/humble/share/rosidl_generator_c/cmake)
[2.302s] -- Found rosidl_adapter: 3.1.7 (/opt/ros/humble/share/rosidl_adapter/cmake)
[2.309s] -- Found rosidl_generator_cpp: 3.1.7 (/opt/ros/humble/share/rosidl_generator_cpp/cmake)
[2.326s] -- Using all available rosidl_typesupport_c: rosidl_typesupport_fastrtps_c;rosidl_typesupport_introspection_c
[2.354s] -- Using all available rosidl_typesupport_cpp: rosidl_typesupport_fastrtps_cpp;rosidl_typesupport_introspection_cpp
[2.415s] -- Found rmw_implementation_cmake: 6.1.2 (/opt/ros/humble/share/rmw_implementation_cmake/cmake)
[2.428s] -- Found rmw_fastrtps_cpp: 6.2.8 (/opt/ros/humble/share/rmw_fastrtps_cpp/cmake)
[2.669s] -- Found OpenSSL: /usr/lib/x86_64-linux-gnu/libcrypto.so (found version "3.0.2")  
[2.722s] -- Found FastRTPS: /opt/ros/humble/include  
[2.760s] -- Using RMW implementation 'rmw_fastrtps_cpp' as default
[2.819s] -- Looking for pthread.h
[3.033s] -- Looking for pthread.h - found
[3.034s] -- Performing Test CMAKE_HAVE_LIBC_PTHREAD
[3.174s] -- Performing Test CMAKE_HAVE_LIBC_PTHREAD - Success
[3.177s] -- Found Threads: TRUE  
[3.314s] -- Found rclcpp_lifecycle: 16.0.14 (/opt/ros/humble/share/rclcpp_lifecycle/cmake)
[3.380s] -- Found tf2: 0.25.16 (/opt/ros/humble/share/tf2/cmake)
[3.468s] -- Found tf2_ros: 0.25.16 (/opt/ros/humble/share/tf2_ros/cmake)
[3.670s] -- Found sensor_msgs: 4.9.0 (/opt/ros/humble/share/sensor_msgs/cmake)
[3.725s] -- Found rosidl_default_generators: 1.2.0 (/opt/ros/humble/share/rosidl_default_generators/cmake)
[3.769s] -- Found ament_cmake_auto: 1.3.12 (/opt/ros/humble/share/ament_cmake_auto/cmake)
[3.772s] -- Found rclpy: 3.3.17 (/opt/ros/humble/share/rclpy/cmake)
[4.177s] -- Found ament_cmake_ros: 0.10.0 (/opt/ros/humble/share/ament_cmake_ros/cmake)
[4.678s] -- Using all available rosidl_typesupport_c: rosidl_typesupport_fastrtps_c;rosidl_typesupport_introspection_c
[4.904s] -- Using all available rosidl_typesupport_cpp: rosidl_typesupport_fastrtps_cpp;rosidl_typesupport_introspection_cpp
[4.937s] -- Found PythonInterp: /usr/bin/python3 (found suitable version "3.10.12", minimum required is "3.6") 
[4.946s] -- Found python_cmake_module: 0.10.0 (/opt/ros/humble/share/python_cmake_module/cmake)
[5.028s] -- Found PythonLibs: /usr/lib/x86_64-linux-gnu/libpython3.10.so (found suitable version "3.10.12", minimum required is "3.5") 
[5.029s] -- Using PYTHON_EXECUTABLE: /usr/bin/python3
[5.029s] -- Using PYTHON_INCLUDE_DIRS: /usr/include/python3.10
[5.029s] -- Using PYTHON_LIBRARIES: /usr/lib/x86_64-linux-gnu/libpython3.10.so
[5.067s] -- Found PythonExtra: .so  
[5.196s] --2025-08-20 12:59:33--  https://s3.amazonaws.com/naturalpoint/software/NatNetSDKLinux/ubuntu/NatNet_SDK_4.0_ubuntu.tar
[5.230s] Resolving s3.amazonaws.com (s3.amazonaws.com)... 52.217.224.104, 16.182.75.16, 54.231.228.0, ...
[5.290s] Connecting to s3.amazonaws.com (s3.amazonaws.com)|52.217.224.104|:443... connected.
[5.546s] HTTP request sent, awaiting response... 200 OK
[5.546s] Length: 1935360 (1.8M) [application/x-tar]
[5.546s] Saving to: ‘NatNetSDK.tar’
[5.547s] 
[5.667s]      0K .......... .......... .......... .......... ..........  2%  832K 2s
[5.668s]     50K .......... .......... .......... .......... ..........  5%  800K 2s
[5.729s]    100K .......... .......... .......... .......... ..........  7%  823K 2s
[5.731s]    150K .......... .......... .......... .......... .......... 10% 24.7M 2s
[5.790s]    200K .......... .......... .......... .......... .......... 13%  842K 2s
[5.792s]    250K .......... .......... .......... .......... .......... 15% 23.7M 1s
[5.794s]    300K .......... .......... .......... .......... .......... 18% 37.1M 1s
[5.853s]    350K .......... .......... .......... .......... .......... 21%  844K 1s
[5.853s]    400K .......... .......... .......... .......... .......... 23%  101M 1s
[5.855s]    450K .......... .......... .......... .......... .......... 26% 34.5M 1s
[5.914s]    500K .......... .......... .......... .......... .......... 29%  847K 1s
[5.914s]    550K .......... .......... .......... .......... .......... 31%  114M 1s
[5.973s]    600K .......... .......... .......... .......... .......... 34%  857K 1s
[5.975s]    650K .......... .......... .......... .......... .......... 37% 21.3M 1s
[5.977s]    700K .......... .......... .......... .......... .......... 39% 26.7M 1s
[6.034s]    750K .......... .......... .......... .......... .......... 42%  875K 1s
[6.036s]    800K .......... .......... .......... .......... .......... 44% 20.6M 1s
[6.038s]    850K .......... .......... .......... .......... .......... 47% 25.5M 1s
[6.098s]    900K .......... .......... .......... .......... .......... 50%  844K 1s
[6.099s]    950K .......... .......... .......... .......... .......... 52% 30.2M 0s
[6.101s]   1000K .......... .......... .......... .......... .......... 55% 25.1M 0s
[6.101s]   1050K .......... .......... .......... .......... .......... 58%  102M 0s
[6.161s]   1100K .......... .......... .......... .......... .......... 60%  842K 0s
[6.161s]   1150K .......... .......... .......... .......... .......... 63% 93.5M 0s
[6.163s]   1200K .......... .......... .......... .......... .......... 66% 29.4M 0s
[6.223s]   1250K .......... .......... .......... .......... .......... 68%  840K 0s
[6.225s]   1300K .......... .......... .......... .......... .......... 71% 22.3M 0s
[6.226s]   1350K .......... .......... .......... .......... .......... 74% 26.2M 0s
[6.228s]   1400K .......... .......... .......... .......... .......... 76% 26.3M 0s
[6.286s]   1450K .......... .......... .......... .......... .......... 79%  863K 0s
[6.288s]   1500K .......... .......... .......... .......... .......... 82% 23.8M 0s
[6.290s]   1550K .......... .......... .......... .......... .......... 84% 27.5M 0s
[6.292s]   1600K .......... .......... .......... .......... .......... 87% 29.8M 0s
[6.350s]   1650K .......... .......... .......... .......... .......... 89%  866K 0s
[6.351s]   1700K .......... .......... .......... .......... .......... 92% 26.8M 0s
[6.353s]   1750K .......... .......... .......... .......... .......... 95% 26.6M 0s
[6.355s]   1800K .......... .......... .......... .......... .......... 97% 23.4M 0s
[6.413s]   1850K .......... .......... .......... ..........           100%  693K=0.9s
[6.413s] 
[6.413s] 2025-08-20 12:59:34 (2.13 MB/s) - ‘NatNetSDK.tar’ saved [1935360/1935360]
[6.414s] 
[6.442s] [0mCMake Deprecation Warning at /opt/ros/humble/share/rosidl_cmake/cmake/rosidl_target_interfaces.cmake:32 (message):
[6.442s]   Use rosidl_get_typesupport_target() and target_link_libraries() instead of
[6.442s]   rosidl_target_interfaces()
[6.443s] Call Stack (most recent call first):
[6.443s]   CMakeLists.txt:80 (rosidl_target_interfaces)
[6.443s] 
[6.443s] [0m
[6.452s] -- Found ament_cmake_copyright: 0.12.14 (/opt/ros/humble/share/ament_cmake_copyright/cmake)
[6.454s] -- Found ament_cmake_cppcheck: 0.12.14 (/opt/ros/humble/share/ament_cmake_cppcheck/cmake)
[6.464s] -- Found ament_cmake_cpplint: 0.12.14 (/opt/ros/humble/share/ament_cmake_cpplint/cmake)
[6.470s] -- Found ament_cmake_lint_cmake: 0.12.14 (/opt/ros/humble/share/ament_cmake_lint_cmake/cmake)
[6.481s] -- Found ament_cmake_xmllint: 0.12.14 (/opt/ros/humble/share/ament_cmake_xmllint/cmake)
[6.482s] -- Found ament_cmake_uncrustify: 0.12.14 (/opt/ros/humble/share/ament_cmake_uncrustify/cmake)
[6.484s] [0mIn this package, headers install destination is set to `include` by ament_auto_package. It is recommended to install `include/natnet_ros2` instead and will be the default behavior of ament_auto_package from ROS 2 Kilted Kaiju. On distributions before Kilted, ament_auto_package behaves the same way when you use USE_SCOPED_HEADER_INSTALL_DIR option.[0m
[6.531s] -- Configuring done
[6.588s] -- Generating done
[6.601s] -- Build files have been written to: /home/droneops/ros2_ws/build/natnet_ros2
[6.617s] Invoked command in '/home/droneops/ros2_ws/build/natnet_ros2' returned '0': CMAKE_PREFIX_PATH=/home/droneops/droneops/install/bridge_optitrack:/opt/ros/humble /usr/bin/cmake /home/droneops/ros2_ws/src/natnet_ros2 -DAMENT_CMAKE_SYMLINK_INSTALL=1 -DCMAKE_INSTALL_PREFIX=/home/droneops/ros2_ws/install/natnet_ros2
[6.622s] Invoking command in '/home/droneops/ros2_ws/build/natnet_ros2': CMAKE_PREFIX_PATH=/home/droneops/droneops/install/bridge_optitrack:/opt/ros/humble /usr/bin/cmake --build /home/droneops/ros2_ws/build/natnet_ros2 -- -j8 -l8
[6.688s] [  2%] [34m[1mGenerating C code for ROS interfaces[0m
[6.702s] [  5%] [34m[1mGenerating C++ code for ROS interfaces[0m
[6.704s] [  8%] [32mBuilding CXX object CMakeFiles/natnet_ros2_node.dir/src/nn_filter.cpp.o[0m
[6.707s] [  8%] Built target ament_cmake_python_symlink_natnet_ros2
[6.708s] [ 11%] [32mBuilding CXX object CMakeFiles/natnet_ros2_node.dir/src/natnet_ros2.cpp.o[0m
[6.712s] [ 11%] Built target ament_cmake_python_symlink_natnet_ros2_py
[6.933s] running egg_info
[6.933s] running egg_info
[6.934s] creating natnet_ros2.egg-info
[6.934s] creating natnet_ros2_py.egg-info
[6.934s] writing natnet_ros2.egg-info/PKG-INFO
[6.934s] writing natnet_ros2_py.egg-info/PKG-INFO
[6.935s] writing dependency_links to natnet_ros2.egg-info/dependency_links.txt
[6.935s] writing top-level names to natnet_ros2.egg-info/top_level.txt
[6.935s] writing dependency_links to natnet_ros2_py.egg-info/dependency_links.txt
[6.935s] writing manifest file 'natnet_ros2.egg-info/SOURCES.txt'
[6.935s] writing top-level names to natnet_ros2_py.egg-info/top_level.txt
[6.936s] writing manifest file 'natnet_ros2_py.egg-info/SOURCES.txt'
[6.950s] reading manifest file 'natnet_ros2.egg-info/SOURCES.txt'
[6.951s] writing manifest file 'natnet_ros2.egg-info/SOURCES.txt'
[6.952s] reading manifest file 'natnet_ros2_py.egg-info/SOURCES.txt'
[6.953s] writing manifest file 'natnet_ros2_py.egg-info/SOURCES.txt'
[6.971s] [ 11%] Built target natnet_ros2__cpp
[6.983s] [ 16%] [34m[1mGenerating C++ type support dispatch for ROS interfaces[0m
[6.983s] [ 16%] [34m[1mGenerating C++ type support for eProsima Fast-RTPS[0m
[6.985s] [ 19%] [34m[1mGenerating C++ introspection for ROS interfaces[0m
[6.992s] [ 19%] Built target ament_cmake_python_build_natnet_ros2_egg
[6.998s] [ 22%] [32mBuilding C object CMakeFiles/natnet_ros2__rosidl_generator_c.dir/rosidl_generator_c/natnet_ros2/srv/detail/marker_poses__functions.c.o[0m
[7.000s] [ 22%] Built target ament_cmake_python_build_natnet_ros2_py_egg
[7.203s] [ 25%] [32mBuilding CXX object CMakeFiles/natnet_ros2__rosidl_typesupport_introspection_cpp.dir/rosidl_typesupport_introspection_cpp/natnet_ros2/srv/detail/marker_poses__type_support.cpp.o[0m
[7.215s] [ 27%] [32mBuilding CXX object CMakeFiles/natnet_ros2__rosidl_typesupport_fastrtps_cpp.dir/rosidl_typesupport_fastrtps_cpp/natnet_ros2/srv/detail/dds_fastrtps/marker_poses__type_support.cpp.o[0m
[7.220s] [ 30%] [32mBuilding CXX object CMakeFiles/natnet_ros2__rosidl_typesupport_cpp.dir/rosidl_typesupport_cpp/natnet_ros2/srv/marker_poses__type_support.cpp.o[0m
[7.263s] [ 33%] [32m[1mLinking C shared library libnatnet_ros2__rosidl_generator_c.so[0m
[7.337s] [ 33%] Built target natnet_ros2__rosidl_generator_c
[7.344s] [ 38%] [34m[1mGenerating C type support dispatch for ROS interfaces[0m
[7.344s] [ 38%] [34m[1mGenerating C type support for eProsima Fast-RTPS[0m
[7.344s] [ 41%] [34m[1mGenerating C introspection for ROS interfaces[0m
[7.587s] [ 44%] [32mBuilding CXX object CMakeFiles/natnet_ros2__rosidl_typesupport_c.dir/rosidl_typesupport_c/natnet_ros2/srv/marker_poses__type_support.cpp.o[0m
[7.597s] [ 47%] [32mBuilding CXX object CMakeFiles/natnet_ros2__rosidl_typesupport_fastrtps_c.dir/rosidl_typesupport_fastrtps_c/natnet_ros2/srv/detail/marker_poses__type_support_c.cpp.o[0m
[7.689s] [ 50%] [32m[1mLinking CXX shared library libnatnet_ros2__rosidl_typesupport_c.so[0m
[7.690s] [ 52%] [32m[1mLinking CXX shared library libnatnet_ros2__rosidl_typesupport_cpp.so[0m
[7.718s] [ 55%] [32mBuilding C object CMakeFiles/natnet_ros2__rosidl_typesupport_introspection_c.dir/rosidl_typesupport_introspection_c/natnet_ros2/srv/detail/marker_poses__type_support.c.o[0m
[7.749s] [ 55%] Built target natnet_ros2__rosidl_typesupport_c
[7.749s] [ 55%] Built target natnet_ros2__rosidl_typesupport_cpp
[7.769s] [ 58%] [32m[1mLinking C shared library libnatnet_ros2__rosidl_typesupport_introspection_c.so[0m
[7.828s] [ 58%] Built target natnet_ros2__rosidl_typesupport_introspection_c
[7.858s] [ 61%] [32m[1mLinking CXX shared library libnatnet_ros2__rosidl_typesupport_introspection_cpp.so[0m
[7.913s] [ 63%] [32m[1mLinking CXX shared library libnatnet_ros2__rosidl_typesupport_fastrtps_c.so[0m
[7.921s] [ 63%] Built target natnet_ros2__rosidl_typesupport_introspection_cpp
[7.932s] [ 66%] [32m[1mLinking CXX shared library libnatnet_ros2__rosidl_typesupport_fastrtps_cpp.so[0m
[8.025s] [ 66%] Built target natnet_ros2__rosidl_typesupport_fastrtps_cpp
[8.030s] [ 66%] Built target natnet_ros2__rosidl_typesupport_fastrtps_c
[8.053s] [ 66%] Built target natnet_ros2
[8.072s] [ 69%] [32mBuilding CXX object CMakeFiles/marker_poses_server.dir/src/marker_poses_server.cpp.o[0m
[8.085s] [ 72%] [34m[1mGenerating Python code for ROS interfaces[0m
[8.408s] [ 72%] Built target natnet_ros2__py
[8.425s] [ 75%] [32mBuilding C object CMakeFiles/natnet_ros2__rosidl_generator_py.dir/rosidl_generator_py/natnet_ros2/srv/_marker_poses_s.c.o[0m
[8.776s] [ 77%] [32m[1mLinking C shared library rosidl_generator_py/natnet_ros2/libnatnet_ros2__rosidl_generator_py.so[0m
[8.838s] [ 77%] Built target natnet_ros2__rosidl_generator_py
[8.853s] [ 80%] [32mBuilding C object CMakeFiles/natnet_ros2__rosidl_typesupport_introspection_c__pyext.dir/rosidl_generator_py/natnet_ros2/_natnet_ros2_s.ep.rosidl_typesupport_introspection_c.c.o[0m
[8.864s] [ 83%] [32mBuilding C object CMakeFiles/natnet_ros2__rosidl_typesupport_fastrtps_c__pyext.dir/rosidl_generator_py/natnet_ros2/_natnet_ros2_s.ep.rosidl_typesupport_fastrtps_c.c.o[0m
[8.870s] [ 86%] [32mBuilding C object CMakeFiles/natnet_ros2__rosidl_typesupport_c__pyext.dir/rosidl_generator_py/natnet_ros2/_natnet_ros2_s.ep.rosidl_typesupport_c.c.o[0m
[8.952s] [ 88%] [32m[1mLinking C shared library rosidl_generator_py/natnet_ros2/natnet_ros2_s__rosidl_typesupport_c.cpython-310-x86_64-linux-gnu.so[0m
[8.969s] [ 91%] [32m[1mLinking C shared library rosidl_generator_py/natnet_ros2/natnet_ros2_s__rosidl_typesupport_introspection_c.cpython-310-x86_64-linux-gnu.so[0m
[8.979s] [ 94%] [32m[1mLinking C shared library rosidl_generator_py/natnet_ros2/natnet_ros2_s__rosidl_typesupport_fastrtps_c.cpython-310-x86_64-linux-gnu.so[0m
[8.984s] [ 94%] Built target natnet_ros2__rosidl_typesupport_c__pyext
[9.002s] [ 94%] Built target natnet_ros2__rosidl_typesupport_introspection_c__pyext
[9.007s] [ 94%] Built target natnet_ros2__rosidl_typesupport_fastrtps_c__pyext
[10.268s] [01m[K/home/droneops/ros2_ws/src/natnet_ros2/src/natnet_ros2.cpp:[m[K In member function ‘[01m[Kvoid NatNetNode::get_node_params()[m[K’:
[10.268s] [01m[K/home/droneops/ros2_ws/src/natnet_ros2/src/natnet_ros2.cpp:71:52:[m[K [01;35m[Kwarning: [m[Kconverting to ‘[01m[Kconst ParameterDescriptor[m[K’ {aka ‘[01m[Kconst rcl_interfaces::msg::ParameterDescriptor_<std::allocator<void> >[m[K’} from initializer list would use explicit constructor ‘[01m[Krcl_interfaces::msg::ParameterDescriptor_<ContainerAllocator>::ParameterDescriptor_(rosidl_runtime_cpp::MessageInitialization) [with ContainerAllocator = std::allocator<void>][m[K’
[10.268s]    71 |         [01;35m[Kdeclare_parameter<std::vector<std::string>>("object_names", {})[m[K;
[10.268s]       |         [01;35m[K~~~~~~~~~~~~~~~~~~~~~~~~~~~~~~~~~~~~~~~~~~~^~~~~~~~~~~~~~~~~~~~[m[K
[10.269s] [01m[K/home/droneops/ros2_ws/src/natnet_ros2/src/natnet_ros2.cpp:71:52:[m[K [01;36m[Knote: [m[Kin C++11 and above a default constructor can be explicit
[11.145s] [ 97%] [32m[1mLinking CXX executable marker_poses_server[0m
[11.667s] [ 97%] Built target marker_poses_server
[13.549s] [100%] [32m[1mLinking CXX executable natnet_ros2_node[0m
[13.866s] [100%] Built target natnet_ros2_node
[13.882s] Invoked command in '/home/droneops/ros2_ws/build/natnet_ros2' returned '0': CMAKE_PREFIX_PATH=/home/droneops/droneops/install/bridge_optitrack:/opt/ros/humble /usr/bin/cmake --build /home/droneops/ros2_ws/build/natnet_ros2 -- -j8 -l8
[13.901s] Invoking command in '/home/droneops/ros2_ws/build/natnet_ros2': CMAKE_PREFIX_PATH=/home/droneops/droneops/install/bridge_optitrack:/opt/ros/humble /usr/bin/cmake --install /home/droneops/ros2_ws/build/natnet_ros2
[13.909s] -- Install configuration: ""
[13.910s] -- Execute custom install script
[13.910s] -- Symlinking: /home/droneops/ros2_ws/install/natnet_ros2/share/ament_index/resource_index/rosidl_interfaces/natnet_ros2
[13.927s] -- Symlinking: /home/droneops/ros2_ws/install/natnet_ros2/include/natnet_ros2/natnet_ros2/msg/rosidl_generator_c__visibility_control.h
[13.938s] -- Symlinking: /home/droneops/ros2_ws/install/natnet_ros2/include/natnet_ros2/natnet_ros2/srv/detail/marker_poses__functions.h
[13.949s] -- Symlinking: /home/droneops/ros2_ws/install/natnet_ros2/include/natnet_ros2/natnet_ros2/srv/detail/marker_poses__struct.h
[13.960s] -- Symlinking: /home/droneops/ros2_ws/install/natnet_ros2/include/natnet_ros2/natnet_ros2/srv/detail/marker_poses__type_support.h
[13.971s] -- Symlinking: /home/droneops/ros2_ws/install/natnet_ros2/include/natnet_ros2/natnet_ros2/srv/marker_poses.h
[13.979s] -- Symlinking: /home/droneops/ros2_ws/install/natnet_ros2/share/natnet_ros2/environment/library_path.sh
[13.993s] -- Symlinking: /home/droneops/ros2_ws/install/natnet_ros2/share/natnet_ros2/environment/library_path.dsv
[14.009s] -- Symlinking: /home/droneops/ros2_ws/install/natnet_ros2/include/natnet_ros2/natnet_ros2/msg/rosidl_typesupport_fastrtps_c__visibility_control.h
[14.018s] -- Symlinking: /home/droneops/ros2_ws/install/natnet_ros2/include/natnet_ros2/natnet_ros2/srv/detail/marker_poses__rosidl_typesupport_fastrtps_c.h
[14.026s] -- Symlinking: /home/droneops/ros2_ws/install/natnet_ros2/include/natnet_ros2/natnet_ros2/msg/rosidl_generator_cpp__visibility_control.hpp
[14.033s] -- Symlinking: /home/droneops/ros2_ws/install/natnet_ros2/include/natnet_ros2/natnet_ros2/srv/detail/marker_poses__builder.hpp
[14.039s] -- Symlinking: /home/droneops/ros2_ws/install/natnet_ros2/include/natnet_ros2/natnet_ros2/srv/detail/marker_poses__struct.hpp
[14.047s] -- Symlinking: /home/droneops/ros2_ws/install/natnet_ros2/include/natnet_ros2/natnet_ros2/srv/detail/marker_poses__traits.hpp
[14.053s] -- Symlinking: /home/droneops/ros2_ws/install/natnet_ros2/include/natnet_ros2/natnet_ros2/srv/detail/marker_poses__type_support.hpp
[14.059s] -- Symlinking: /home/droneops/ros2_ws/install/natnet_ros2/include/natnet_ros2/natnet_ros2/srv/marker_poses.hpp
[14.067s] -- Symlinking: /home/droneops/ros2_ws/install/natnet_ros2/include/natnet_ros2/natnet_ros2/msg/rosidl_typesupport_fastrtps_cpp__visibility_control.h
[14.073s] -- Symlinking: /home/droneops/ros2_ws/install/natnet_ros2/include/natnet_ros2/natnet_ros2/srv/detail/marker_poses__rosidl_typesupport_fastrtps_cpp.hpp
[14.080s] -- Symlinking: /home/droneops/ros2_ws/install/natnet_ros2/include/natnet_ros2/natnet_ros2/msg/rosidl_typesupport_introspection_c__visibility_control.h
[14.092s] -- Symlinking: /home/droneops/ros2_ws/install/natnet_ros2/include/natnet_ros2/natnet_ros2/srv/detail/marker_poses__rosidl_typesupport_introspection_c.h
[14.106s] -- Symlinking: /home/droneops/ros2_ws/install/natnet_ros2/include/natnet_ros2/natnet_ros2/srv/detail/marker_poses__rosidl_typesupport_introspection_cpp.hpp
[14.119s] -- Symlinking: /home/droneops/ros2_ws/install/natnet_ros2/share/natnet_ros2/environment/pythonpath.sh
[14.131s] -- Symlinking: /home/droneops/ros2_ws/install/natnet_ros2/share/natnet_ros2/environment/pythonpath.dsv
[14.142s] -- Symlinking: /home/droneops/ros2_ws/install/natnet_ros2/local/lib/python3.10/dist-packages/natnet_ros2-1.0.0-py3.10.egg-info/PKG-INFO
[14.153s] -- Symlinking: /home/droneops/ros2_ws/install/natnet_ros2/local/lib/python3.10/dist-packages/natnet_ros2-1.0.0-py3.10.egg-info/SOURCES.txt
[14.164s] -- Symlinking: /home/droneops/ros2_ws/install/natnet_ros2/local/lib/python3.10/dist-packages/natnet_ros2-1.0.0-py3.10.egg-info/dependency_links.txt
[14.171s] -- Symlinking: /home/droneops/ros2_ws/install/natnet_ros2/local/lib/python3.10/dist-packages/natnet_ros2-1.0.0-py3.10.egg-info/top_level.txt
[14.179s] -- Symlinking: /home/droneops/ros2_ws/install/natnet_ros2/local/lib/python3.10/dist-packages/natnet_ros2/__init__.py
[14.186s] -- Symlinking: /home/droneops/ros2_ws/install/natnet_ros2/local/lib/python3.10/dist-packages/natnet_ros2/_natnet_ros2_s.ep.rosidl_typesupport_c.c
[14.200s] -- Symlinking: /home/droneops/ros2_ws/install/natnet_ros2/local/lib/python3.10/dist-packages/natnet_ros2/_natnet_ros2_s.ep.rosidl_typesupport_fastrtps_c.c
[14.210s] -- Symlinking: /home/droneops/ros2_ws/install/natnet_ros2/local/lib/python3.10/dist-packages/natnet_ros2/_natnet_ros2_s.ep.rosidl_typesupport_introspection_c.c
[14.218s] -- Symlinking: /home/droneops/ros2_ws/install/natnet_ros2/local/lib/python3.10/dist-packages/natnet_ros2/libnatnet_ros2__rosidl_generator_py.so
[14.228s] -- Symlinking: /home/droneops/ros2_ws/install/natnet_ros2/local/lib/python3.10/dist-packages/natnet_ros2/natnet_ros2_s__rosidl_typesupport_c.cpython-310-x86_64-linux-gnu.so
[14.238s] -- Symlinking: /home/droneops/ros2_ws/install/natnet_ros2/local/lib/python3.10/dist-packages/natnet_ros2/natnet_ros2_s__rosidl_typesupport_fastrtps_c.cpython-310-x86_64-linux-gnu.so
[14.251s] -- Symlinking: /home/droneops/ros2_ws/install/natnet_ros2/local/lib/python3.10/dist-packages/natnet_ros2/natnet_ros2_s__rosidl_typesupport_introspection_c.cpython-310-x86_64-linux-gnu.so
[14.263s] -- Symlinking: /home/droneops/ros2_ws/install/natnet_ros2/local/lib/python3.10/dist-packages/natnet_ros2/srv/__init__.py
[14.272s] -- Symlinking: /home/droneops/ros2_ws/install/natnet_ros2/local/lib/python3.10/dist-packages/natnet_ros2/srv/_marker_poses.py
[14.281s] -- Symlinking: /home/droneops/ros2_ws/install/natnet_ros2/local/lib/python3.10/dist-packages/natnet_ros2/srv/_marker_poses_s.c
[14.290s] -- Up-to-date symlink: /home/droneops/ros2_ws/install/natnet_ros2/local/lib/python3.10/dist-packages/natnet_ros2/natnet_ros2_s__rosidl_typesupport_fastrtps_c.cpython-310-x86_64-linux-gnu.so
[14.291s] -- Up-to-date symlink: /home/droneops/ros2_ws/install/natnet_ros2/local/lib/python3.10/dist-packages/natnet_ros2/natnet_ros2_s__rosidl_typesupport_introspection_c.cpython-310-x86_64-linux-gnu.so
[14.292s] -- Up-to-date symlink: /home/droneops/ros2_ws/install/natnet_ros2/local/lib/python3.10/dist-packages/natnet_ros2/natnet_ros2_s__rosidl_typesupport_c.cpython-310-x86_64-linux-gnu.so
[14.292s] -- Symlinking: /home/droneops/ros2_ws/install/natnet_ros2/share/natnet_ros2/srv/MarkerPoses.idl
[14.303s] -- Symlinking: /home/droneops/ros2_ws/install/natnet_ros2/share/natnet_ros2/srv/MarkerPoses.srv
[14.312s] -- Symlinking: /home/droneops/ros2_ws/install/natnet_ros2/share/natnet_ros2/srv/MarkerPoses_Request.msg
[14.324s] -- Symlinking: /home/droneops/ros2_ws/install/natnet_ros2/share/natnet_ros2/srv/MarkerPoses_Response.msg
[14.335s] -- Symlinking: /home/droneops/ros2_ws/install/natnet_ros2/include/natnet_ros2/natnet_ros2.hpp
[14.344s] -- Symlinking: /home/droneops/ros2_ws/install/natnet_ros2/include/natnet_ros2/nn_filter.hpp
[14.354s] -- Symlinking: /home/droneops/ros2_ws/install/natnet_ros2/include/natnet_ros2/object_data.hpp
[14.372s] -- Symlinking: /home/droneops/ros2_ws/install/natnet_ros2/share/natnet_ros2/launch/gui_natnet_ros2.launch.py
[14.384s] -- Symlinking: /home/droneops/ros2_ws/install/natnet_ros2/share/natnet_ros2/launch/natnet_ros2.launch.py
[14.394s] -- Symlinking: /home/droneops/ros2_ws/install/natnet_ros2/share/natnet_ros2/config/conf_autogen.yaml
[14.402s] -- Symlinking: /home/droneops/ros2_ws/install/natnet_ros2/share/natnet_ros2/config/initiate.yaml
[14.411s] -- Symlinking: /home/droneops/ros2_ws/install/natnet_ros2/share/natnet_ros2/ui/helper.ui
[14.419s] -- Symlinking: /home/droneops/ros2_ws/install/natnet_ros2/share/natnet_ros2/ui/logo.png
[14.426s] -- Symlinking: /home/droneops/ros2_ws/install/natnet_ros2/share/natnet_ros2/ui/ros-logo.png
[14.433s] -- Symlinking: /home/droneops/ros2_ws/install/natnet_ros2/lib/natnet_ros2/natnet_ros2_node
[14.440s] -- Symlinking: /home/droneops/ros2_ws/install/natnet_ros2/bin/natnet_ros2_node
[14.447s] -- Symlinking: /home/droneops/ros2_ws/install/natnet_ros2/lib/natnet_ros2/marker_poses_server
[14.454s] -- Symlinking: /home/droneops/ros2_ws/install/natnet_ros2/bin/marker_poses_server
[14.460s] -- Symlinking: /home/droneops/ros2_ws/install/natnet_ros2/local/lib/python3.10/dist-packages/natnet_ros2_py-1.0.0-py3.10.egg-info/PKG-INFO
[14.467s] -- Symlinking: /home/droneops/ros2_ws/install/natnet_ros2/local/lib/python3.10/dist-packages/natnet_ros2_py-1.0.0-py3.10.egg-info/SOURCES.txt
[14.473s] -- Symlinking: /home/droneops/ros2_ws/install/natnet_ros2/local/lib/python3.10/dist-packages/natnet_ros2_py-1.0.0-py3.10.egg-info/dependency_links.txt
[14.479s] -- Symlinking: /home/droneops/ros2_ws/install/natnet_ros2/local/lib/python3.10/dist-packages/natnet_ros2_py-1.0.0-py3.10.egg-info/top_level.txt
[14.487s] -- Symlinking: /home/droneops/ros2_ws/install/natnet_ros2/local/lib/python3.10/dist-packages/natnet_ros2_py/__init__.py
[14.494s] -- Symlinking: /home/droneops/ros2_ws/install/natnet_ros2/local/lib/python3.10/dist-packages/natnet_ros2_py/node_module.py
[14.500s] -- Symlinking: /home/droneops/ros2_ws/install/natnet_ros2/lib/natnet_ros2/helper_node_r2.py
[14.507s] -- Up-to-date symlink: /home/droneops/ros2_ws/install/natnet_ros2/include/natnet_ros2/natnet_ros2.hpp
[14.507s] -- Up-to-date symlink: /home/droneops/ros2_ws/install/natnet_ros2/include/natnet_ros2/nn_filter.hpp
[14.507s] -- Up-to-date symlink: /home/droneops/ros2_ws/install/natnet_ros2/include/natnet_ros2/object_data.hpp
[14.508s] -- Symlinking: /home/droneops/ros2_ws/install/natnet_ros2/share/ament_index/resource_index/package_run_dependencies/natnet_ros2
[14.514s] -- Symlinking: /home/droneops/ros2_ws/install/natnet_ros2/share/ament_index/resource_index/parent_prefix_path/natnet_ros2
[14.521s] -- Symlinking: /home/droneops/ros2_ws/install/natnet_ros2/share/natnet_ros2/environment/ament_prefix_path.sh
[14.527s] -- Symlinking: /home/droneops/ros2_ws/install/natnet_ros2/share/natnet_ros2/environment/ament_prefix_path.dsv
[14.535s] -- Symlinking: /home/droneops/ros2_ws/install/natnet_ros2/share/natnet_ros2/environment/path.sh
[14.542s] -- Symlinking: /home/droneops/ros2_ws/install/natnet_ros2/share/natnet_ros2/environment/path.dsv
[14.550s] -- Symlinking: /home/droneops/ros2_ws/install/natnet_ros2/share/natnet_ros2/local_setup.bash
[14.557s] -- Symlinking: /home/droneops/ros2_ws/install/natnet_ros2/share/natnet_ros2/local_setup.sh
[14.566s] -- Symlinking: /home/droneops/ros2_ws/install/natnet_ros2/share/natnet_ros2/local_setup.zsh
[14.574s] -- Symlinking: /home/droneops/ros2_ws/install/natnet_ros2/share/natnet_ros2/local_setup.dsv
[14.582s] -- Symlinking: /home/droneops/ros2_ws/install/natnet_ros2/share/natnet_ros2/package.dsv
[14.599s] -- Symlinking: /home/droneops/ros2_ws/install/natnet_ros2/share/ament_index/resource_index/packages/natnet_ros2
[14.611s] -- Symlinking: /home/droneops/ros2_ws/install/natnet_ros2/share/natnet_ros2/cmake/rosidl_cmake-extras.cmake
[14.620s] -- Symlinking: /home/droneops/ros2_ws/install/natnet_ros2/share/natnet_ros2/cmake/ament_cmake_export_dependencies-extras.cmake
[14.628s] -- Symlinking: /home/droneops/ros2_ws/install/natnet_ros2/share/natnet_ros2/cmake/ament_cmake_export_include_directories-extras.cmake
[14.636s] -- Symlinking: /home/droneops/ros2_ws/install/natnet_ros2/share/natnet_ros2/cmake/ament_cmake_export_libraries-extras.cmake
[14.644s] -- Symlinking: /home/droneops/ros2_ws/install/natnet_ros2/share/natnet_ros2/cmake/ament_cmake_export_targets-extras.cmake
[14.651s] -- Symlinking: /home/droneops/ros2_ws/install/natnet_ros2/share/natnet_ros2/cmake/rosidl_cmake_export_typesupport_targets-extras.cmake
[14.668s] -- Symlinking: /home/droneops/ros2_ws/install/natnet_ros2/share/natnet_ros2/cmake/rosidl_cmake_export_typesupport_libraries-extras.cmake
[14.680s] -- Symlinking: /home/droneops/ros2_ws/install/natnet_ros2/share/natnet_ros2/cmake/natnet_ros2Config.cmake
[14.690s] -- Symlinking: /home/droneops/ros2_ws/install/natnet_ros2/share/natnet_ros2/cmake/natnet_ros2Config-version.cmake
[14.698s] -- Symlinking: /home/droneops/ros2_ws/install/natnet_ros2/share/natnet_ros2/package.xml
[14.705s] -- Installing: /home/droneops/ros2_ws/install/natnet_ros2/lib/libnatnet_ros2__rosidl_generator_c.so
[14.706s] -- Set runtime path of "/home/droneops/ros2_ws/install/natnet_ros2/lib/libnatnet_ros2__rosidl_generator_c.so" to ""
[14.706s] -- Installing: /home/droneops/ros2_ws/install/natnet_ros2/lib/libnatnet_ros2__rosidl_typesupport_fastrtps_c.so
[14.707s] -- Set runtime path of "/home/droneops/ros2_ws/install/natnet_ros2/lib/libnatnet_ros2__rosidl_typesupport_fastrtps_c.so" to ""
[14.707s] -- Installing: /home/droneops/ros2_ws/install/natnet_ros2/lib/libnatnet_ros2__rosidl_typesupport_fastrtps_cpp.so
[14.708s] -- Set runtime path of "/home/droneops/ros2_ws/install/natnet_ros2/lib/libnatnet_ros2__rosidl_typesupport_fastrtps_cpp.so" to ""
[14.709s] -- Installing: /home/droneops/ros2_ws/install/natnet_ros2/lib/libnatnet_ros2__rosidl_typesupport_introspection_c.so
[14.709s] -- Set runtime path of "/home/droneops/ros2_ws/install/natnet_ros2/lib/libnatnet_ros2__rosidl_typesupport_introspection_c.so" to ""
[14.710s] -- Installing: /home/droneops/ros2_ws/install/natnet_ros2/lib/libnatnet_ros2__rosidl_typesupport_c.so
[14.710s] -- Set runtime path of "/home/droneops/ros2_ws/install/natnet_ros2/lib/libnatnet_ros2__rosidl_typesupport_c.so" to ""
[14.711s] -- Installing: /home/droneops/ros2_ws/install/natnet_ros2/lib/libnatnet_ros2__rosidl_typesupport_introspection_cpp.so
[14.711s] -- Set runtime path of "/home/droneops/ros2_ws/install/natnet_ros2/lib/libnatnet_ros2__rosidl_typesupport_introspection_cpp.so" to ""
[14.712s] -- Installing: /home/droneops/ros2_ws/install/natnet_ros2/lib/libnatnet_ros2__rosidl_typesupport_cpp.so
[14.712s] -- Set runtime path of "/home/droneops/ros2_ws/install/natnet_ros2/lib/libnatnet_ros2__rosidl_typesupport_cpp.so" to ""
[14.799s] Listing '/home/droneops/ros2_ws/install/natnet_ros2/local/lib/python3.10/dist-packages/natnet_ros2'...
[14.799s] Compiling '/home/droneops/ros2_ws/install/natnet_ros2/local/lib/python3.10/dist-packages/natnet_ros2/__init__.py'...
[14.799s] Listing '/home/droneops/ros2_ws/install/natnet_ros2/local/lib/python3.10/dist-packages/natnet_ros2/srv'...
[14.799s] Compiling '/home/droneops/ros2_ws/install/natnet_ros2/local/lib/python3.10/dist-packages/natnet_ros2/srv/__init__.py'...
[14.799s] Compiling '/home/droneops/ros2_ws/install/natnet_ros2/local/lib/python3.10/dist-packages/natnet_ros2/srv/_marker_poses.py'...
[14.805s] -- Installing: /home/droneops/ros2_ws/install/natnet_ros2/lib/libnatnet_ros2__rosidl_generator_py.so
[14.806s] -- Set runtime path of "/home/droneops/ros2_ws/install/natnet_ros2/lib/libnatnet_ros2__rosidl_generator_py.so" to ""
[14.850s] Listing '/home/droneops/ros2_ws/install/natnet_ros2/local/lib/python3.10/dist-packages/natnet_ros2_py'...
[14.850s] Compiling '/home/droneops/ros2_ws/install/natnet_ros2/local/lib/python3.10/dist-packages/natnet_ros2_py/__init__.py'...
[14.850s] Compiling '/home/droneops/ros2_ws/install/natnet_ros2/local/lib/python3.10/dist-packages/natnet_ros2_py/node_module.py'...
[14.854s] -- Installing: /home/droneops/ros2_ws/install/natnet_ros2/share/natnet_ros2/cmake/export_natnet_ros2__rosidl_generator_cExport.cmake
[14.855s] -- Installing: /home/droneops/ros2_ws/install/natnet_ros2/share/natnet_ros2/cmake/export_natnet_ros2__rosidl_generator_cExport-noconfig.cmake
[14.855s] -- Installing: /home/droneops/ros2_ws/install/natnet_ros2/share/natnet_ros2/cmake/export_natnet_ros2__rosidl_typesupport_fastrtps_cExport.cmake
[14.855s] -- Installing: /home/droneops/ros2_ws/install/natnet_ros2/share/natnet_ros2/cmake/export_natnet_ros2__rosidl_typesupport_fastrtps_cExport-noconfig.cmake
[14.855s] -- Installing: /home/droneops/ros2_ws/install/natnet_ros2/share/natnet_ros2/cmake/export_natnet_ros2__rosidl_generator_cppExport.cmake
[14.856s] -- Installing: /home/droneops/ros2_ws/install/natnet_ros2/share/natnet_ros2/cmake/export_natnet_ros2__rosidl_typesupport_fastrtps_cppExport.cmake
[14.856s] -- Installing: /home/droneops/ros2_ws/install/natnet_ros2/share/natnet_ros2/cmake/export_natnet_ros2__rosidl_typesupport_fastrtps_cppExport-noconfig.cmake
[14.857s] -- Installing: /home/droneops/ros2_ws/install/natnet_ros2/share/natnet_ros2/cmake/natnet_ros2__rosidl_typesupport_introspection_cExport.cmake
[14.857s] -- Installing: /home/droneops/ros2_ws/install/natnet_ros2/share/natnet_ros2/cmake/natnet_ros2__rosidl_typesupport_introspection_cExport-noconfig.cmake
[14.858s] -- Installing: /home/droneops/ros2_ws/install/natnet_ros2/share/natnet_ros2/cmake/natnet_ros2__rosidl_typesupport_cExport.cmake
[14.858s] -- Installing: /home/droneops/ros2_ws/install/natnet_ros2/share/natnet_ros2/cmake/natnet_ros2__rosidl_typesupport_cExport-noconfig.cmake
[14.858s] -- Installing: /home/droneops/ros2_ws/install/natnet_ros2/share/natnet_ros2/cmake/natnet_ros2__rosidl_typesupport_introspection_cppExport.cmake
[14.859s] -- Installing: /home/droneops/ros2_ws/install/natnet_ros2/share/natnet_ros2/cmake/natnet_ros2__rosidl_typesupport_introspection_cppExport-noconfig.cmake
[14.859s] -- Installing: /home/droneops/ros2_ws/install/natnet_ros2/share/natnet_ros2/cmake/natnet_ros2__rosidl_typesupport_cppExport.cmake
[14.860s] -- Installing: /home/droneops/ros2_ws/install/natnet_ros2/share/natnet_ros2/cmake/natnet_ros2__rosidl_typesupport_cppExport-noconfig.cmake
[14.860s] -- Installing: /home/droneops/ros2_ws/install/natnet_ros2/share/natnet_ros2/cmake/export_natnet_ros2__rosidl_generator_pyExport.cmake
[14.861s] -- Installing: /home/droneops/ros2_ws/install/natnet_ros2/share/natnet_ros2/cmake/export_natnet_ros2__rosidl_generator_pyExport-noconfig.cmake
[14.865s] Invoked command in '/home/droneops/ros2_ws/build/natnet_ros2' returned '0': CMAKE_PREFIX_PATH=/home/droneops/droneops/install/bridge_optitrack:/opt/ros/humble /usr/bin/cmake --install /home/droneops/ros2_ws/build/natnet_ros2
