[0.075s] Invoking command in '/home/droneops/ros2_ws/build/natnet_ros2': CMAKE_PREFIX_PATH=/home/droneops/droneops/install/bridge_optitrack:/opt/ros/humble /usr/bin/cmake --build /home/droneops/ros2_ws/build/natnet_ros2 -- -j8 -l8
[0.448s] [  2%] Built target natnet_ros2__cpp
[0.454s] [  2%] Built target ament_cmake_python_symlink_natnet_ros2
[0.460s] [  2%] Built target ament_cmake_python_symlink_natnet_ros2_py
[0.558s] [ 11%] Built target natnet_ros2__rosidl_generator_c
[0.573s] [ 27%] Built target natnet_ros2__rosidl_typesupport_introspection_cpp
[0.573s] [ 27%] Built target natnet_ros2__rosidl_typesupport_fastrtps_cpp
[0.574s] [ 36%] Built target natnet_ros2__rosidl_typesupport_cpp
[0.586s] [ 44%] Built target natnet_ros2__rosidl_typesupport_introspection_c
[0.595s] [ 52%] Built target natnet_ros2__rosidl_typesupport_c
[0.618s] [ 61%] Built target natnet_ros2__rosidl_typesupport_fastrtps_c
[0.631s] [ 69%] Built target natnet_ros2_node
[0.638s] [ 69%] Built target natnet_ros2
[0.655s] [ 72%] Built target natnet_ros2__py
[0.713s] running egg_info
[0.713s] running egg_info
[0.714s] writing natnet_ros2.egg-info/PKG-INFO
[0.714s] writing dependency_links to natnet_ros2.egg-info/dependency_links.txt
[0.714s] writing natnet_ros2_py.egg-info/PKG-INFO
[0.714s] writing top-level names to natnet_ros2.egg-info/top_level.txt
[0.714s] writing dependency_links to natnet_ros2_py.egg-info/dependency_links.txt
[0.715s] writing top-level names to natnet_ros2_py.egg-info/top_level.txt
[0.740s] [ 77%] Built target marker_poses_server
[0.743s] reading manifest file 'natnet_ros2_py.egg-info/SOURCES.txt'
[0.743s] reading manifest file 'natnet_ros2.egg-info/SOURCES.txt'
[0.744s] writing manifest file 'natnet_ros2_py.egg-info/SOURCES.txt'
[0.744s] writing manifest file 'natnet_ros2.egg-info/SOURCES.txt'
[0.781s] [ 77%] Built target ament_cmake_python_build_natnet_ros2_egg
[0.781s] [ 77%] Built target ament_cmake_python_build_natnet_ros2_py_egg
[0.795s] [ 83%] Built target natnet_ros2__rosidl_generator_py
[0.816s] [ 88%] Built target natnet_ros2__rosidl_typesupport_c__pyext
[0.818s] [ 94%] Built target natnet_ros2__rosidl_typesupport_introspection_c__pyext
[0.834s] [100%] Built target natnet_ros2__rosidl_typesupport_fastrtps_c__pyext
[0.843s] Invoked command in '/home/droneops/ros2_ws/build/natnet_ros2' returned '0': CMAKE_PREFIX_PATH=/home/droneops/droneops/install/bridge_optitrack:/opt/ros/humble /usr/bin/cmake --build /home/droneops/ros2_ws/build/natnet_ros2 -- -j8 -l8
[0.867s] Invoking command in '/home/droneops/ros2_ws/build/natnet_ros2': CMAKE_PREFIX_PATH=/home/droneops/droneops/install/bridge_optitrack:/opt/ros/humble /usr/bin/cmake --install /home/droneops/ros2_ws/build/natnet_ros2
[0.897s] -- Install configuration: ""
[0.914s] -- Execute custom install script
[0.914s] -- Up-to-date symlink: /home/droneops/ros2_ws/install/natnet_ros2/share/ament_index/resource_index/rosidl_interfaces/natnet_ros2
[0.943s] -- Up-to-date symlink: /home/droneops/ros2_ws/install/natnet_ros2/include/natnet_ros2/natnet_ros2/msg/rosidl_generator_c__visibility_control.h
[0.944s] -- Up-to-date symlink: /home/droneops/ros2_ws/install/natnet_ros2/include/natnet_ros2/natnet_ros2/srv/detail/marker_poses__functions.h
[0.944s] -- Up-to-date symlink: /home/droneops/ros2_ws/install/natnet_ros2/include/natnet_ros2/natnet_ros2/srv/detail/marker_poses__struct.h
[0.944s] -- Up-to-date symlink: /home/droneops/ros2_ws/install/natnet_ros2/include/natnet_ros2/natnet_ros2/srv/detail/marker_poses__type_support.h
[0.944s] -- Up-to-date symlink: /home/droneops/ros2_ws/install/natnet_ros2/include/natnet_ros2/natnet_ros2/srv/marker_poses.h
[0.944s] -- Up-to-date symlink: /home/droneops/ros2_ws/install/natnet_ros2/share/natnet_ros2/environment/library_path.sh
[0.944s] -- Up-to-date symlink: /home/droneops/ros2_ws/install/natnet_ros2/share/natnet_ros2/environment/library_path.dsv
[0.945s] -- Up-to-date symlink: /home/droneops/ros2_ws/install/natnet_ros2/include/natnet_ros2/natnet_ros2/msg/rosidl_typesupport_fastrtps_c__visibility_control.h
[0.945s] -- Up-to-date symlink: /home/droneops/ros2_ws/install/natnet_ros2/include/natnet_ros2/natnet_ros2/srv/detail/marker_poses__rosidl_typesupport_fastrtps_c.h
[0.945s] -- Up-to-date symlink: /home/droneops/ros2_ws/install/natnet_ros2/include/natnet_ros2/natnet_ros2/msg/rosidl_generator_cpp__visibility_control.hpp
[0.945s] -- Up-to-date symlink: /home/droneops/ros2_ws/install/natnet_ros2/include/natnet_ros2/natnet_ros2/srv/detail/marker_poses__builder.hpp
[0.945s] -- Up-to-date symlink: /home/droneops/ros2_ws/install/natnet_ros2/include/natnet_ros2/natnet_ros2/srv/detail/marker_poses__struct.hpp
[0.945s] -- Up-to-date symlink: /home/droneops/ros2_ws/install/natnet_ros2/include/natnet_ros2/natnet_ros2/srv/detail/marker_poses__traits.hpp
[0.946s] -- Up-to-date symlink: /home/droneops/ros2_ws/install/natnet_ros2/include/natnet_ros2/natnet_ros2/srv/detail/marker_poses__type_support.hpp
[0.946s] -- Up-to-date symlink: /home/droneops/ros2_ws/install/natnet_ros2/include/natnet_ros2/natnet_ros2/srv/marker_poses.hpp
[0.946s] -- Up-to-date symlink: /home/droneops/ros2_ws/install/natnet_ros2/include/natnet_ros2/natnet_ros2/msg/rosidl_typesupport_fastrtps_cpp__visibility_control.h
[0.946s] -- Up-to-date symlink: /home/droneops/ros2_ws/install/natnet_ros2/include/natnet_ros2/natnet_ros2/srv/detail/marker_poses__rosidl_typesupport_fastrtps_cpp.hpp
[0.946s] -- Up-to-date symlink: /home/droneops/ros2_ws/install/natnet_ros2/include/natnet_ros2/natnet_ros2/msg/rosidl_typesupport_introspection_c__visibility_control.h
[0.947s] -- Up-to-date symlink: /home/droneops/ros2_ws/install/natnet_ros2/include/natnet_ros2/natnet_ros2/srv/detail/marker_poses__rosidl_typesupport_introspection_c.h
[0.947s] -- Up-to-date symlink: /home/droneops/ros2_ws/install/natnet_ros2/include/natnet_ros2/natnet_ros2/srv/detail/marker_poses__rosidl_typesupport_introspection_cpp.hpp
[0.947s] -- Up-to-date symlink: /home/droneops/ros2_ws/install/natnet_ros2/share/natnet_ros2/environment/pythonpath.sh
[0.947s] -- Up-to-date symlink: /home/droneops/ros2_ws/install/natnet_ros2/share/natnet_ros2/environment/pythonpath.dsv
[0.947s] -- Up-to-date symlink: /home/droneops/ros2_ws/install/natnet_ros2/local/lib/python3.10/dist-packages/natnet_ros2-1.0.0-py3.10.egg-info/PKG-INFO
[0.948s] -- Up-to-date symlink: /home/droneops/ros2_ws/install/natnet_ros2/local/lib/python3.10/dist-packages/natnet_ros2-1.0.0-py3.10.egg-info/SOURCES.txt
[0.948s] -- Up-to-date symlink: /home/droneops/ros2_ws/install/natnet_ros2/local/lib/python3.10/dist-packages/natnet_ros2-1.0.0-py3.10.egg-info/dependency_links.txt
[0.948s] -- Up-to-date symlink: /home/droneops/ros2_ws/install/natnet_ros2/local/lib/python3.10/dist-packages/natnet_ros2-1.0.0-py3.10.egg-info/top_level.txt
[0.948s] -- Up-to-date symlink: /home/droneops/ros2_ws/install/natnet_ros2/local/lib/python3.10/dist-packages/natnet_ros2/__init__.py
[0.948s] -- Up-to-date symlink: /home/droneops/ros2_ws/install/natnet_ros2/local/lib/python3.10/dist-packages/natnet_ros2/_natnet_ros2_s.ep.rosidl_typesupport_c.c
[0.948s] -- Up-to-date symlink: /home/droneops/ros2_ws/install/natnet_ros2/local/lib/python3.10/dist-packages/natnet_ros2/_natnet_ros2_s.ep.rosidl_typesupport_fastrtps_c.c
[0.948s] -- Up-to-date symlink: /home/droneops/ros2_ws/install/natnet_ros2/local/lib/python3.10/dist-packages/natnet_ros2/_natnet_ros2_s.ep.rosidl_typesupport_introspection_c.c
[0.948s] -- Up-to-date symlink: /home/droneops/ros2_ws/install/natnet_ros2/local/lib/python3.10/dist-packages/natnet_ros2/libnatnet_ros2__rosidl_generator_py.so
[0.948s] -- Up-to-date symlink: /home/droneops/ros2_ws/install/natnet_ros2/local/lib/python3.10/dist-packages/natnet_ros2/natnet_ros2_s__rosidl_typesupport_c.cpython-310-x86_64-linux-gnu.so
[0.948s] -- Up-to-date symlink: /home/droneops/ros2_ws/install/natnet_ros2/local/lib/python3.10/dist-packages/natnet_ros2/natnet_ros2_s__rosidl_typesupport_fastrtps_c.cpython-310-x86_64-linux-gnu.so
[0.949s] -- Up-to-date symlink: /home/droneops/ros2_ws/install/natnet_ros2/local/lib/python3.10/dist-packages/natnet_ros2/natnet_ros2_s__rosidl_typesupport_introspection_c.cpython-310-x86_64-linux-gnu.so
[0.949s] -- Up-to-date symlink: /home/droneops/ros2_ws/install/natnet_ros2/local/lib/python3.10/dist-packages/natnet_ros2/srv/__init__.py
[0.949s] -- Up-to-date symlink: /home/droneops/ros2_ws/install/natnet_ros2/local/lib/python3.10/dist-packages/natnet_ros2/srv/_marker_poses.py
[0.949s] -- Up-to-date symlink: /home/droneops/ros2_ws/install/natnet_ros2/local/lib/python3.10/dist-packages/natnet_ros2/srv/_marker_poses_s.c
[0.954s] -- Up-to-date symlink: /home/droneops/ros2_ws/install/natnet_ros2/local/lib/python3.10/dist-packages/natnet_ros2/natnet_ros2_s__rosidl_typesupport_fastrtps_c.cpython-310-x86_64-linux-gnu.so
[0.961s] -- Up-to-date symlink: /home/droneops/ros2_ws/install/natnet_ros2/local/lib/python3.10/dist-packages/natnet_ros2/natnet_ros2_s__rosidl_typesupport_introspection_c.cpython-310-x86_64-linux-gnu.so
[0.962s] -- Up-to-date symlink: /home/droneops/ros2_ws/install/natnet_ros2/local/lib/python3.10/dist-packages/natnet_ros2/natnet_ros2_s__rosidl_typesupport_c.cpython-310-x86_64-linux-gnu.so
[0.963s] -- Up-to-date symlink: /home/droneops/ros2_ws/install/natnet_ros2/share/natnet_ros2/srv/MarkerPoses.idl
[0.963s] -- Up-to-date symlink: /home/droneops/ros2_ws/install/natnet_ros2/share/natnet_ros2/srv/MarkerPoses.srv
[0.963s] -- Up-to-date symlink: /home/droneops/ros2_ws/install/natnet_ros2/share/natnet_ros2/srv/MarkerPoses_Request.msg
[0.963s] -- Up-to-date symlink: /home/droneops/ros2_ws/install/natnet_ros2/share/natnet_ros2/srv/MarkerPoses_Response.msg
[0.965s] -- Up-to-date symlink: /home/droneops/ros2_ws/install/natnet_ros2/include/natnet_ros2/natnet_ros2.hpp
[0.965s] -- Up-to-date symlink: /home/droneops/ros2_ws/install/natnet_ros2/include/natnet_ros2/nn_filter.hpp
[0.965s] -- Up-to-date symlink: /home/droneops/ros2_ws/install/natnet_ros2/include/natnet_ros2/object_data.hpp
[0.965s] -- Up-to-date symlink: /home/droneops/ros2_ws/install/natnet_ros2/share/natnet_ros2/launch/gui_natnet_ros2.launch.py
[0.965s] -- Up-to-date symlink: /home/droneops/ros2_ws/install/natnet_ros2/share/natnet_ros2/launch/natnet_ros2.launch.py
[0.965s] -- Up-to-date symlink: /home/droneops/ros2_ws/install/natnet_ros2/share/natnet_ros2/config/conf_autogen.yaml
[0.965s] -- Up-to-date symlink: /home/droneops/ros2_ws/install/natnet_ros2/share/natnet_ros2/config/initiate.yaml
[0.965s] -- Up-to-date symlink: /home/droneops/ros2_ws/install/natnet_ros2/share/natnet_ros2/ui/helper.ui
[0.965s] -- Up-to-date symlink: /home/droneops/ros2_ws/install/natnet_ros2/share/natnet_ros2/ui/logo.png
[0.965s] -- Up-to-date symlink: /home/droneops/ros2_ws/install/natnet_ros2/share/natnet_ros2/ui/ros-logo.png
[0.965s] -- Up-to-date symlink: /home/droneops/ros2_ws/install/natnet_ros2/lib/natnet_ros2/natnet_ros2_node
[0.966s] -- Up-to-date symlink: /home/droneops/ros2_ws/install/natnet_ros2/bin/natnet_ros2_node
[0.966s] -- Up-to-date symlink: /home/droneops/ros2_ws/install/natnet_ros2/lib/natnet_ros2/marker_poses_server
[0.986s] -- Up-to-date symlink: /home/droneops/ros2_ws/install/natnet_ros2/bin/marker_poses_server
[0.987s] -- Up-to-date symlink: /home/droneops/ros2_ws/install/natnet_ros2/local/lib/python3.10/dist-packages/natnet_ros2_py-1.0.0-py3.10.egg-info/PKG-INFO
[0.987s] -- Up-to-date symlink: /home/droneops/ros2_ws/install/natnet_ros2/local/lib/python3.10/dist-packages/natnet_ros2_py-1.0.0-py3.10.egg-info/SOURCES.txt
[0.988s] -- Up-to-date symlink: /home/droneops/ros2_ws/install/natnet_ros2/local/lib/python3.10/dist-packages/natnet_ros2_py-1.0.0-py3.10.egg-info/dependency_links.txt
[0.988s] -- Up-to-date symlink: /home/droneops/ros2_ws/install/natnet_ros2/local/lib/python3.10/dist-packages/natnet_ros2_py-1.0.0-py3.10.egg-info/top_level.txt
[0.988s] -- Up-to-date symlink: /home/droneops/ros2_ws/install/natnet_ros2/local/lib/python3.10/dist-packages/natnet_ros2_py/__init__.py
[0.988s] -- Up-to-date symlink: /home/droneops/ros2_ws/install/natnet_ros2/local/lib/python3.10/dist-packages/natnet_ros2_py/node_module.py
[0.988s] -- Up-to-date symlink: /home/droneops/ros2_ws/install/natnet_ros2/lib/natnet_ros2/helper_node_r2.py
[0.989s] -- Up-to-date symlink: /home/droneops/ros2_ws/install/natnet_ros2/include/natnet_ros2/natnet_ros2.hpp
[0.989s] -- Up-to-date symlink: /home/droneops/ros2_ws/install/natnet_ros2/include/natnet_ros2/nn_filter.hpp
[0.989s] -- Up-to-date symlink: /home/droneops/ros2_ws/install/natnet_ros2/include/natnet_ros2/object_data.hpp
[0.990s] -- Up-to-date symlink: /home/droneops/ros2_ws/install/natnet_ros2/share/ament_index/resource_index/package_run_dependencies/natnet_ros2
[0.990s] -- Up-to-date symlink: /home/droneops/ros2_ws/install/natnet_ros2/share/ament_index/resource_index/parent_prefix_path/natnet_ros2
[0.991s] -- Up-to-date symlink: /home/droneops/ros2_ws/install/natnet_ros2/share/natnet_ros2/environment/ament_prefix_path.sh
[0.991s] -- Up-to-date symlink: /home/droneops/ros2_ws/install/natnet_ros2/share/natnet_ros2/environment/ament_prefix_path.dsv
[0.991s] -- Up-to-date symlink: /home/droneops/ros2_ws/install/natnet_ros2/share/natnet_ros2/environment/path.sh
[0.991s] -- Up-to-date symlink: /home/droneops/ros2_ws/install/natnet_ros2/share/natnet_ros2/environment/path.dsv
[0.991s] -- Up-to-date symlink: /home/droneops/ros2_ws/install/natnet_ros2/share/natnet_ros2/local_setup.bash
[0.992s] -- Up-to-date symlink: /home/droneops/ros2_ws/install/natnet_ros2/share/natnet_ros2/local_setup.sh
[0.992s] -- Up-to-date symlink: /home/droneops/ros2_ws/install/natnet_ros2/share/natnet_ros2/local_setup.zsh
[0.992s] -- Up-to-date symlink: /home/droneops/ros2_ws/install/natnet_ros2/share/natnet_ros2/local_setup.dsv
[0.992s] -- Symlinking: /home/droneops/ros2_ws/install/natnet_ros2/share/natnet_ros2/package.dsv
[1.002s] -- Up-to-date symlink: /home/droneops/ros2_ws/install/natnet_ros2/share/ament_index/resource_index/packages/natnet_ros2
[1.002s] -- Up-to-date symlink: /home/droneops/ros2_ws/install/natnet_ros2/share/natnet_ros2/cmake/rosidl_cmake-extras.cmake
[1.002s] -- Up-to-date symlink: /home/droneops/ros2_ws/install/natnet_ros2/share/natnet_ros2/cmake/ament_cmake_export_dependencies-extras.cmake
[1.002s] -- Up-to-date symlink: /home/droneops/ros2_ws/install/natnet_ros2/share/natnet_ros2/cmake/ament_cmake_export_include_directories-extras.cmake
[1.002s] -- Up-to-date symlink: /home/droneops/ros2_ws/install/natnet_ros2/share/natnet_ros2/cmake/ament_cmake_export_libraries-extras.cmake
[1.002s] -- Up-to-date symlink: /home/droneops/ros2_ws/install/natnet_ros2/share/natnet_ros2/cmake/ament_cmake_export_targets-extras.cmake
[1.003s] -- Up-to-date symlink: /home/droneops/ros2_ws/install/natnet_ros2/share/natnet_ros2/cmake/rosidl_cmake_export_typesupport_targets-extras.cmake
[1.003s] -- Up-to-date symlink: /home/droneops/ros2_ws/install/natnet_ros2/share/natnet_ros2/cmake/rosidl_cmake_export_typesupport_libraries-extras.cmake
[1.003s] -- Up-to-date symlink: /home/droneops/ros2_ws/install/natnet_ros2/share/natnet_ros2/cmake/natnet_ros2Config.cmake
[1.003s] -- Up-to-date symlink: /home/droneops/ros2_ws/install/natnet_ros2/share/natnet_ros2/cmake/natnet_ros2Config-version.cmake
[1.003s] -- Up-to-date symlink: /home/droneops/ros2_ws/install/natnet_ros2/share/natnet_ros2/package.xml
[1.004s] -- Up-to-date: /home/droneops/ros2_ws/install/natnet_ros2/lib/libnatnet_ros2__rosidl_generator_c.so
[1.004s] -- Up-to-date: /home/droneops/ros2_ws/install/natnet_ros2/lib/libnatnet_ros2__rosidl_typesupport_fastrtps_c.so
[1.004s] -- Up-to-date: /home/droneops/ros2_ws/install/natnet_ros2/lib/libnatnet_ros2__rosidl_typesupport_fastrtps_cpp.so
[1.005s] -- Up-to-date: /home/droneops/ros2_ws/install/natnet_ros2/lib/libnatnet_ros2__rosidl_typesupport_introspection_c.so
[1.005s] -- Up-to-date: /home/droneops/ros2_ws/install/natnet_ros2/lib/libnatnet_ros2__rosidl_typesupport_c.so
[1.005s] -- Up-to-date: /home/droneops/ros2_ws/install/natnet_ros2/lib/libnatnet_ros2__rosidl_typesupport_introspection_cpp.so
[1.006s] -- Up-to-date: /home/droneops/ros2_ws/install/natnet_ros2/lib/libnatnet_ros2__rosidl_typesupport_cpp.so
[1.050s] Listing '/home/droneops/ros2_ws/install/natnet_ros2/local/lib/python3.10/dist-packages/natnet_ros2'...
[1.050s] Listing '/home/droneops/ros2_ws/install/natnet_ros2/local/lib/python3.10/dist-packages/natnet_ros2/srv'...
[1.055s] -- Up-to-date: /home/droneops/ros2_ws/install/natnet_ros2/lib/libnatnet_ros2__rosidl_generator_py.so
[1.079s] Listing '/home/droneops/ros2_ws/install/natnet_ros2/local/lib/python3.10/dist-packages/natnet_ros2_py'...
[1.085s] -- Up-to-date: /home/droneops/ros2_ws/install/natnet_ros2/share/natnet_ros2/cmake/export_natnet_ros2__rosidl_generator_cExport.cmake
[1.085s] -- Up-to-date: /home/droneops/ros2_ws/install/natnet_ros2/share/natnet_ros2/cmake/export_natnet_ros2__rosidl_generator_cExport-noconfig.cmake
[1.085s] -- Up-to-date: /home/droneops/ros2_ws/install/natnet_ros2/share/natnet_ros2/cmake/export_natnet_ros2__rosidl_typesupport_fastrtps_cExport.cmake
[1.085s] -- Up-to-date: /home/droneops/ros2_ws/install/natnet_ros2/share/natnet_ros2/cmake/export_natnet_ros2__rosidl_typesupport_fastrtps_cExport-noconfig.cmake
[1.085s] -- Up-to-date: /home/droneops/ros2_ws/install/natnet_ros2/share/natnet_ros2/cmake/export_natnet_ros2__rosidl_generator_cppExport.cmake
[1.086s] -- Up-to-date: /home/droneops/ros2_ws/install/natnet_ros2/share/natnet_ros2/cmake/export_natnet_ros2__rosidl_typesupport_fastrtps_cppExport.cmake
[1.086s] -- Up-to-date: /home/droneops/ros2_ws/install/natnet_ros2/share/natnet_ros2/cmake/export_natnet_ros2__rosidl_typesupport_fastrtps_cppExport-noconfig.cmake
[1.086s] -- Up-to-date: /home/droneops/ros2_ws/install/natnet_ros2/share/natnet_ros2/cmake/natnet_ros2__rosidl_typesupport_introspection_cExport.cmake
[1.086s] -- Up-to-date: /home/droneops/ros2_ws/install/natnet_ros2/share/natnet_ros2/cmake/natnet_ros2__rosidl_typesupport_introspection_cExport-noconfig.cmake
[1.086s] -- Up-to-date: /home/droneops/ros2_ws/install/natnet_ros2/share/natnet_ros2/cmake/natnet_ros2__rosidl_typesupport_cExport.cmake
[1.086s] -- Up-to-date: /home/droneops/ros2_ws/install/natnet_ros2/share/natnet_ros2/cmake/natnet_ros2__rosidl_typesupport_cExport-noconfig.cmake
[1.086s] -- Up-to-date: /home/droneops/ros2_ws/install/natnet_ros2/share/natnet_ros2/cmake/natnet_ros2__rosidl_typesupport_introspection_cppExport.cmake
[1.087s] -- Up-to-date: /home/droneops/ros2_ws/install/natnet_ros2/share/natnet_ros2/cmake/natnet_ros2__rosidl_typesupport_introspection_cppExport-noconfig.cmake
[1.087s] -- Up-to-date: /home/droneops/ros2_ws/install/natnet_ros2/share/natnet_ros2/cmake/natnet_ros2__rosidl_typesupport_cppExport.cmake
[1.087s] -- Up-to-date: /home/droneops/ros2_ws/install/natnet_ros2/share/natnet_ros2/cmake/natnet_ros2__rosidl_typesupport_cppExport-noconfig.cmake
[1.087s] -- Up-to-date: /home/droneops/ros2_ws/install/natnet_ros2/share/natnet_ros2/cmake/export_natnet_ros2__rosidl_generator_pyExport.cmake
[1.087s] -- Up-to-date: /home/droneops/ros2_ws/install/natnet_ros2/share/natnet_ros2/cmake/export_natnet_ros2__rosidl_generator_pyExport-noconfig.cmake
[1.090s] Invoked command in '/home/droneops/ros2_ws/build/natnet_ros2' returned '0': CMAKE_PREFIX_PATH=/home/droneops/droneops/install/bridge_optitrack:/opt/ros/humble /usr/bin/cmake --install /home/droneops/ros2_ws/build/natnet_ros2
