[0.588s] Invoking command in '/home/droneops/ros2_ws/src/tello_control': PYTHONPATH=/home/droneops/ros2_ws/build/tello_control/prefix_override:/usr/lib/python3/dist-packages/colcon_core/task/python/colcon_distutils_commands:/home/droneops/ros2_ws/install/tello_control/lib/python3.10/site-packages:${PYTHONPATH} /usr/bin/python3 -W ignore:setup.py install is deprecated -W ignore:easy_install command is deprecated setup.py egg_info --egg-base ../../build/tello_control build --build-base /home/droneops/ros2_ws/build/tello_control/build install --record /home/droneops/ros2_ws/build/tello_control/install.log --single-version-externally-managed install_data
[0.776s] running egg_info
[0.776s] writing ../../build/tello_control/tello_control.egg-info/PKG-INFO
[0.776s] writing dependency_links to ../../build/tello_control/tello_control.egg-info/dependency_links.txt
[0.776s] writing entry points to ../../build/tello_control/tello_control.egg-info/entry_points.txt
[0.776s] writing requirements to ../../build/tello_control/tello_control.egg-info/requires.txt
[0.777s] writing top-level names to ../../build/tello_control/tello_control.egg-info/top_level.txt
[0.778s] reading manifest file '../../build/tello_control/tello_control.egg-info/SOURCES.txt'
[0.778s] writing manifest file '../../build/tello_control/tello_control.egg-info/SOURCES.txt'
[0.779s] running build
[0.779s] running build_py
[0.779s] copying tello_control/tello_data.py -> /home/droneops/ros2_ws/build/tello_control/build/lib/tello_control
[0.779s] running install
[0.779s] running install_lib
[0.780s] copying /home/droneops/ros2_ws/build/tello_control/build/lib/tello_control/tello_data.py -> /home/droneops/ros2_ws/install/tello_control/lib/python3.10/site-packages/tello_control
[0.780s] byte-compiling /home/droneops/ros2_ws/install/tello_control/lib/python3.10/site-packages/tello_control/tello_data.py to tello_data.cpython-310.pyc
[0.781s] running install_data
[0.781s] running install_egg_info
[0.783s] removing '/home/droneops/ros2_ws/install/tello_control/lib/python3.10/site-packages/tello_control-0.0.0-py3.10.egg-info' (and everything under it)
[0.783s] Copying ../../build/tello_control/tello_control.egg-info to /home/droneops/ros2_ws/install/tello_control/lib/python3.10/site-packages/tello_control-0.0.0-py3.10.egg-info
[0.784s] running install_scripts
[0.814s] Installing tello_data script to /home/droneops/ros2_ws/install/tello_control/lib/tello_control
[0.814s] Installing tello_init script to /home/droneops/ros2_ws/install/tello_control/lib/tello_control
[0.814s] writing list of installed files to '/home/droneops/ros2_ws/build/tello_control/install.log'
[0.846s] Invoked command in '/home/droneops/ros2_ws/src/tello_control' returned '0': PYTHONPATH=/home/droneops/ros2_ws/build/tello_control/prefix_override:/usr/lib/python3/dist-packages/colcon_core/task/python/colcon_distutils_commands:/home/droneops/ros2_ws/install/tello_control/lib/python3.10/site-packages:${PYTHONPATH} /usr/bin/python3 -W ignore:setup.py install is deprecated -W ignore:easy_install command is deprecated setup.py egg_info --egg-base ../../build/tello_control build --build-base /home/droneops/ros2_ws/build/tello_control/build install --record /home/droneops/ros2_ws/build/tello_control/install.log --single-version-externally-managed install_data
