[  8%] Built target natnet_ros2__rosidl_generator_c
[ 11%] Built target natnet_ros2__cpp
[ 11%] Built target ament_cmake_python_symlink_natnet_ros2_py
[ 11%] Built target ament_cmake_python_symlink_natnet_ros2
[ 19%] Built target natnet_ros2_node
[ 27%] Built target natnet_ros2__rosidl_typesupport_fastrtps_c
[ 36%] Built target natnet_ros2__rosidl_typesupport_c
[ 44%] Built target natnet_ros2__rosidl_typesupport_introspection_c
[ 52%] Built target natnet_ros2__rosidl_typesupport_cpp
[ 61%] Built target natnet_ros2__rosidl_typesupport_fastrtps_cpp
[ 69%] Built target natnet_ros2__rosidl_typesupport_introspection_cpp
[ 69%] Built target natnet_ros2
[ 72%] Built target natnet_ros2__py
[ 77%] Built target marker_poses_server
[ 83%] Built target natnet_ros2__rosidl_generator_py
[ 88%] Built target natnet_ros2__rosidl_typesupport_fastrtps_c__pyext
[ 94%] Built target natnet_ros2__rosidl_typesupport_introspection_c__pyext
[100%] Built target natnet_ros2__rosidl_typesupport_c__pyext
running egg_info
writing natnet_ros2.egg-info/PKG-INFO
writing dependency_links to natnet_ros2.egg-info/dependency_links.txt
writing top-level names to natnet_ros2.egg-info/top_level.txt
reading manifest file 'natnet_ros2.egg-info/SOURCES.txt'
writing manifest file 'natnet_ros2.egg-info/SOURCES.txt'
running egg_info
writing natnet_ros2_py.egg-info/PKG-INFO
writing dependency_links to natnet_ros2_py.egg-info/dependency_links.txt
writing top-level names to natnet_ros2_py.egg-info/top_level.txt
reading manifest file 'natnet_ros2_py.egg-info/SOURCES.txt'
writing manifest file 'natnet_ros2_py.egg-info/SOURCES.txt'
[100%] Built target ament_cmake_python_build_natnet_ros2_egg
[100%] Built target ament_cmake_python_build_natnet_ros2_py_egg
-- Install configuration: ""
-- Execute custom install script
-- Up-to-date symlink: /home/droneops/ros2_ws/install/natnet_ros2/share/ament_index/resource_index/rosidl_interfaces/natnet_ros2
-- Up-to-date symlink: /home/droneops/ros2_ws/install/natnet_ros2/include/natnet_ros2/natnet_ros2/msg/rosidl_generator_c__visibility_control.h
-- Up-to-date symlink: /home/droneops/ros2_ws/install/natnet_ros2/include/natnet_ros2/natnet_ros2/srv/detail/marker_poses__functions.h
-- Up-to-date symlink: /home/droneops/ros2_ws/install/natnet_ros2/include/natnet_ros2/natnet_ros2/srv/detail/marker_poses__struct.h
-- Up-to-date symlink: /home/droneops/ros2_ws/install/natnet_ros2/include/natnet_ros2/natnet_ros2/srv/detail/marker_poses__type_support.h
-- Up-to-date symlink: /home/droneops/ros2_ws/install/natnet_ros2/include/natnet_ros2/natnet_ros2/srv/marker_poses.h
-- Up-to-date symlink: /home/droneops/ros2_ws/install/natnet_ros2/share/natnet_ros2/environment/library_path.sh
-- Up-to-date symlink: /home/droneops/ros2_ws/install/natnet_ros2/share/natnet_ros2/environment/library_path.dsv
-- Up-to-date symlink: /home/droneops/ros2_ws/install/natnet_ros2/include/natnet_ros2/natnet_ros2/msg/rosidl_typesupport_fastrtps_c__visibility_control.h
-- Up-to-date symlink: /home/droneops/ros2_ws/install/natnet_ros2/include/natnet_ros2/natnet_ros2/srv/detail/marker_poses__rosidl_typesupport_fastrtps_c.h
-- Up-to-date symlink: /home/droneops/ros2_ws/install/natnet_ros2/include/natnet_ros2/natnet_ros2/msg/rosidl_generator_cpp__visibility_control.hpp
-- Up-to-date symlink: /home/droneops/ros2_ws/install/natnet_ros2/include/natnet_ros2/natnet_ros2/srv/detail/marker_poses__builder.hpp
-- Up-to-date symlink: /home/droneops/ros2_ws/install/natnet_ros2/include/natnet_ros2/natnet_ros2/srv/detail/marker_poses__struct.hpp
-- Up-to-date symlink: /home/droneops/ros2_ws/install/natnet_ros2/include/natnet_ros2/natnet_ros2/srv/detail/marker_poses__traits.hpp
-- Up-to-date symlink: /home/droneops/ros2_ws/install/natnet_ros2/include/natnet_ros2/natnet_ros2/srv/detail/marker_poses__type_support.hpp
-- Up-to-date symlink: /home/droneops/ros2_ws/install/natnet_ros2/include/natnet_ros2/natnet_ros2/srv/marker_poses.hpp
-- Up-to-date symlink: /home/droneops/ros2_ws/install/natnet_ros2/include/natnet_ros2/natnet_ros2/msg/rosidl_typesupport_fastrtps_cpp__visibility_control.h
-- Up-to-date symlink: /home/droneops/ros2_ws/install/natnet_ros2/include/natnet_ros2/natnet_ros2/srv/detail/marker_poses__rosidl_typesupport_fastrtps_cpp.hpp
-- Up-to-date symlink: /home/droneops/ros2_ws/install/natnet_ros2/include/natnet_ros2/natnet_ros2/msg/rosidl_typesupport_introspection_c__visibility_control.h
-- Up-to-date symlink: /home/droneops/ros2_ws/install/natnet_ros2/include/natnet_ros2/natnet_ros2/srv/detail/marker_poses__rosidl_typesupport_introspection_c.h
-- Up-to-date symlink: /home/droneops/ros2_ws/install/natnet_ros2/include/natnet_ros2/natnet_ros2/srv/detail/marker_poses__rosidl_typesupport_introspection_cpp.hpp
-- Up-to-date symlink: /home/droneops/ros2_ws/install/natnet_ros2/share/natnet_ros2/environment/pythonpath.sh
-- Up-to-date symlink: /home/droneops/ros2_ws/install/natnet_ros2/share/natnet_ros2/environment/pythonpath.dsv
-- Up-to-date symlink: /home/droneops/ros2_ws/install/natnet_ros2/local/lib/python3.10/dist-packages/natnet_ros2-1.0.0-py3.10.egg-info/PKG-INFO
-- Up-to-date symlink: /home/droneops/ros2_ws/install/natnet_ros2/local/lib/python3.10/dist-packages/natnet_ros2-1.0.0-py3.10.egg-info/SOURCES.txt
-- Up-to-date symlink: /home/droneops/ros2_ws/install/natnet_ros2/local/lib/python3.10/dist-packages/natnet_ros2-1.0.0-py3.10.egg-info/dependency_links.txt
-- Up-to-date symlink: /home/droneops/ros2_ws/install/natnet_ros2/local/lib/python3.10/dist-packages/natnet_ros2-1.0.0-py3.10.egg-info/top_level.txt
-- Up-to-date symlink: /home/droneops/ros2_ws/install/natnet_ros2/local/lib/python3.10/dist-packages/natnet_ros2/__init__.py
-- Up-to-date symlink: /home/droneops/ros2_ws/install/natnet_ros2/local/lib/python3.10/dist-packages/natnet_ros2/_natnet_ros2_s.ep.rosidl_typesupport_c.c
-- Up-to-date symlink: /home/droneops/ros2_ws/install/natnet_ros2/local/lib/python3.10/dist-packages/natnet_ros2/_natnet_ros2_s.ep.rosidl_typesupport_fastrtps_c.c
-- Up-to-date symlink: /home/droneops/ros2_ws/install/natnet_ros2/local/lib/python3.10/dist-packages/natnet_ros2/_natnet_ros2_s.ep.rosidl_typesupport_introspection_c.c
-- Up-to-date symlink: /home/droneops/ros2_ws/install/natnet_ros2/local/lib/python3.10/dist-packages/natnet_ros2/libnatnet_ros2__rosidl_generator_py.so
-- Up-to-date symlink: /home/droneops/ros2_ws/install/natnet_ros2/local/lib/python3.10/dist-packages/natnet_ros2/natnet_ros2_s__rosidl_typesupport_c.cpython-310-x86_64-linux-gnu.so
-- Up-to-date symlink: /home/droneops/ros2_ws/install/natnet_ros2/local/lib/python3.10/dist-packages/natnet_ros2/natnet_ros2_s__rosidl_typesupport_fastrtps_c.cpython-310-x86_64-linux-gnu.so
-- Up-to-date symlink: /home/droneops/ros2_ws/install/natnet_ros2/local/lib/python3.10/dist-packages/natnet_ros2/natnet_ros2_s__rosidl_typesupport_introspection_c.cpython-310-x86_64-linux-gnu.so
-- Up-to-date symlink: /home/droneops/ros2_ws/install/natnet_ros2/local/lib/python3.10/dist-packages/natnet_ros2/srv/__init__.py
-- Up-to-date symlink: /home/droneops/ros2_ws/install/natnet_ros2/local/lib/python3.10/dist-packages/natnet_ros2/srv/_marker_poses.py
-- Up-to-date symlink: /home/droneops/ros2_ws/install/natnet_ros2/local/lib/python3.10/dist-packages/natnet_ros2/srv/_marker_poses_s.c
-- Up-to-date symlink: /home/droneops/ros2_ws/install/natnet_ros2/local/lib/python3.10/dist-packages/natnet_ros2/natnet_ros2_s__rosidl_typesupport_fastrtps_c.cpython-310-x86_64-linux-gnu.so
-- Up-to-date symlink: /home/droneops/ros2_ws/install/natnet_ros2/local/lib/python3.10/dist-packages/natnet_ros2/natnet_ros2_s__rosidl_typesupport_introspection_c.cpython-310-x86_64-linux-gnu.so
-- Up-to-date symlink: /home/droneops/ros2_ws/install/natnet_ros2/local/lib/python3.10/dist-packages/natnet_ros2/natnet_ros2_s__rosidl_typesupport_c.cpython-310-x86_64-linux-gnu.so
-- Up-to-date symlink: /home/droneops/ros2_ws/install/natnet_ros2/share/natnet_ros2/srv/MarkerPoses.idl
-- Up-to-date symlink: /home/droneops/ros2_ws/install/natnet_ros2/share/natnet_ros2/srv/MarkerPoses.srv
-- Up-to-date symlink: /home/droneops/ros2_ws/install/natnet_ros2/share/natnet_ros2/srv/MarkerPoses_Request.msg
-- Up-to-date symlink: /home/droneops/ros2_ws/install/natnet_ros2/share/natnet_ros2/srv/MarkerPoses_Response.msg
-- Up-to-date symlink: /home/droneops/ros2_ws/install/natnet_ros2/include/natnet_ros2/natnet_ros2.hpp
-- Up-to-date symlink: /home/droneops/ros2_ws/install/natnet_ros2/include/natnet_ros2/nn_filter.hpp
-- Up-to-date symlink: /home/droneops/ros2_ws/install/natnet_ros2/include/natnet_ros2/object_data.hpp
-- Up-to-date symlink: /home/droneops/ros2_ws/install/natnet_ros2/share/natnet_ros2/launch/gui_natnet_ros2.launch.py
-- Up-to-date symlink: /home/droneops/ros2_ws/install/natnet_ros2/share/natnet_ros2/launch/natnet_ros2.launch.py
-- Up-to-date symlink: /home/droneops/ros2_ws/install/natnet_ros2/share/natnet_ros2/config/conf_autogen.yaml
-- Up-to-date symlink: /home/droneops/ros2_ws/install/natnet_ros2/share/natnet_ros2/config/initiate.yaml
-- Up-to-date symlink: /home/droneops/ros2_ws/install/natnet_ros2/share/natnet_ros2/ui/helper.ui
-- Up-to-date symlink: /home/droneops/ros2_ws/install/natnet_ros2/share/natnet_ros2/ui/logo.png
-- Up-to-date symlink: /home/droneops/ros2_ws/install/natnet_ros2/share/natnet_ros2/ui/ros-logo.png
-- Up-to-date symlink: /home/droneops/ros2_ws/install/natnet_ros2/lib/natnet_ros2/natnet_ros2_node
-- Up-to-date symlink: /home/droneops/ros2_ws/install/natnet_ros2/bin/natnet_ros2_node
-- Up-to-date symlink: /home/droneops/ros2_ws/install/natnet_ros2/lib/natnet_ros2/marker_poses_server
-- Up-to-date symlink: /home/droneops/ros2_ws/install/natnet_ros2/bin/marker_poses_server
-- Up-to-date symlink: /home/droneops/ros2_ws/install/natnet_ros2/local/lib/python3.10/dist-packages/natnet_ros2_py-1.0.0-py3.10.egg-info/PKG-INFO
-- Up-to-date symlink: /home/droneops/ros2_ws/install/natnet_ros2/local/lib/python3.10/dist-packages/natnet_ros2_py-1.0.0-py3.10.egg-info/SOURCES.txt
-- Up-to-date symlink: /home/droneops/ros2_ws/install/natnet_ros2/local/lib/python3.10/dist-packages/natnet_ros2_py-1.0.0-py3.10.egg-info/dependency_links.txt
-- Up-to-date symlink: /home/droneops/ros2_ws/install/natnet_ros2/local/lib/python3.10/dist-packages/natnet_ros2_py-1.0.0-py3.10.egg-info/top_level.txt
-- Up-to-date symlink: /home/droneops/ros2_ws/install/natnet_ros2/local/lib/python3.10/dist-packages/natnet_ros2_py/__init__.py
-- Up-to-date symlink: /home/droneops/ros2_ws/install/natnet_ros2/local/lib/python3.10/dist-packages/natnet_ros2_py/node_module.py
-- Up-to-date symlink: /home/droneops/ros2_ws/install/natnet_ros2/lib/natnet_ros2/helper_node_r2.py
-- Up-to-date symlink: /home/droneops/ros2_ws/install/natnet_ros2/include/natnet_ros2/natnet_ros2.hpp
-- Up-to-date symlink: /home/droneops/ros2_ws/install/natnet_ros2/include/natnet_ros2/nn_filter.hpp
-- Up-to-date symlink: /home/droneops/ros2_ws/install/natnet_ros2/include/natnet_ros2/object_data.hpp
-- Up-to-date symlink: /home/droneops/ros2_ws/install/natnet_ros2/share/ament_index/resource_index/package_run_dependencies/natnet_ros2
-- Up-to-date symlink: /home/droneops/ros2_ws/install/natnet_ros2/share/ament_index/resource_index/parent_prefix_path/natnet_ros2
-- Up-to-date symlink: /home/droneops/ros2_ws/install/natnet_ros2/share/natnet_ros2/environment/ament_prefix_path.sh
-- Up-to-date symlink: /home/droneops/ros2_ws/install/natnet_ros2/share/natnet_ros2/environment/ament_prefix_path.dsv
-- Up-to-date symlink: /home/droneops/ros2_ws/install/natnet_ros2/share/natnet_ros2/environment/path.sh
-- Up-to-date symlink: /home/droneops/ros2_ws/install/natnet_ros2/share/natnet_ros2/environment/path.dsv
-- Up-to-date symlink: /home/droneops/ros2_ws/install/natnet_ros2/share/natnet_ros2/local_setup.bash
-- Up-to-date symlink: /home/droneops/ros2_ws/install/natnet_ros2/share/natnet_ros2/local_setup.sh
-- Up-to-date symlink: /home/droneops/ros2_ws/install/natnet_ros2/share/natnet_ros2/local_setup.zsh
-- Up-to-date symlink: /home/droneops/ros2_ws/install/natnet_ros2/share/natnet_ros2/local_setup.dsv
-- Symlinking: /home/droneops/ros2_ws/install/natnet_ros2/share/natnet_ros2/package.dsv
-- Up-to-date symlink: /home/droneops/ros2_ws/install/natnet_ros2/share/ament_index/resource_index/packages/natnet_ros2
-- Up-to-date symlink: /home/droneops/ros2_ws/install/natnet_ros2/share/natnet_ros2/cmake/rosidl_cmake-extras.cmake
-- Up-to-date symlink: /home/droneops/ros2_ws/install/natnet_ros2/share/natnet_ros2/cmake/ament_cmake_export_dependencies-extras.cmake
-- Up-to-date symlink: /home/droneops/ros2_ws/install/natnet_ros2/share/natnet_ros2/cmake/ament_cmake_export_include_directories-extras.cmake
-- Up-to-date symlink: /home/droneops/ros2_ws/install/natnet_ros2/share/natnet_ros2/cmake/ament_cmake_export_libraries-extras.cmake
-- Up-to-date symlink: /home/droneops/ros2_ws/install/natnet_ros2/share/natnet_ros2/cmake/ament_cmake_export_targets-extras.cmake
-- Up-to-date symlink: /home/droneops/ros2_ws/install/natnet_ros2/share/natnet_ros2/cmake/rosidl_cmake_export_typesupport_targets-extras.cmake
-- Up-to-date symlink: /home/droneops/ros2_ws/install/natnet_ros2/share/natnet_ros2/cmake/rosidl_cmake_export_typesupport_libraries-extras.cmake
-- Up-to-date symlink: /home/droneops/ros2_ws/install/natnet_ros2/share/natnet_ros2/cmake/natnet_ros2Config.cmake
-- Up-to-date symlink: /home/droneops/ros2_ws/install/natnet_ros2/share/natnet_ros2/cmake/natnet_ros2Config-version.cmake
-- Up-to-date symlink: /home/droneops/ros2_ws/install/natnet_ros2/share/natnet_ros2/package.xml
-- Up-to-date: /home/droneops/ros2_ws/install/natnet_ros2/lib/libnatnet_ros2__rosidl_generator_c.so
-- Up-to-date: /home/droneops/ros2_ws/install/natnet_ros2/lib/libnatnet_ros2__rosidl_typesupport_fastrtps_c.so
-- Up-to-date: /home/droneops/ros2_ws/install/natnet_ros2/lib/libnatnet_ros2__rosidl_typesupport_fastrtps_cpp.so
-- Up-to-date: /home/droneops/ros2_ws/install/natnet_ros2/lib/libnatnet_ros2__rosidl_typesupport_introspection_c.so
-- Up-to-date: /home/droneops/ros2_ws/install/natnet_ros2/lib/libnatnet_ros2__rosidl_typesupport_c.so
-- Up-to-date: /home/droneops/ros2_ws/install/natnet_ros2/lib/libnatnet_ros2__rosidl_typesupport_introspection_cpp.so
-- Up-to-date: /home/droneops/ros2_ws/install/natnet_ros2/lib/libnatnet_ros2__rosidl_typesupport_cpp.so
Listing '/home/droneops/ros2_ws/install/natnet_ros2/local/lib/python3.10/dist-packages/natnet_ros2'...
Listing '/home/droneops/ros2_ws/install/natnet_ros2/local/lib/python3.10/dist-packages/natnet_ros2/srv'...
-- Up-to-date: /home/droneops/ros2_ws/install/natnet_ros2/lib/libnatnet_ros2__rosidl_generator_py.so
Listing '/home/droneops/ros2_ws/install/natnet_ros2/local/lib/python3.10/dist-packages/natnet_ros2_py'...
-- Up-to-date: /home/droneops/ros2_ws/install/natnet_ros2/share/natnet_ros2/cmake/export_natnet_ros2__rosidl_generator_cExport.cmake
-- Up-to-date: /home/droneops/ros2_ws/install/natnet_ros2/share/natnet_ros2/cmake/export_natnet_ros2__rosidl_generator_cExport-noconfig.cmake
-- Up-to-date: /home/droneops/ros2_ws/install/natnet_ros2/share/natnet_ros2/cmake/export_natnet_ros2__rosidl_typesupport_fastrtps_cExport.cmake
-- Up-to-date: /home/droneops/ros2_ws/install/natnet_ros2/share/natnet_ros2/cmake/export_natnet_ros2__rosidl_typesupport_fastrtps_cExport-noconfig.cmake
-- Up-to-date: /home/droneops/ros2_ws/install/natnet_ros2/share/natnet_ros2/cmake/export_natnet_ros2__rosidl_generator_cppExport.cmake
-- Up-to-date: /home/droneops/ros2_ws/install/natnet_ros2/share/natnet_ros2/cmake/export_natnet_ros2__rosidl_typesupport_fastrtps_cppExport.cmake
-- Up-to-date: /home/droneops/ros2_ws/install/natnet_ros2/share/natnet_ros2/cmake/export_natnet_ros2__rosidl_typesupport_fastrtps_cppExport-noconfig.cmake
-- Up-to-date: /home/droneops/ros2_ws/install/natnet_ros2/share/natnet_ros2/cmake/natnet_ros2__rosidl_typesupport_introspection_cExport.cmake
-- Up-to-date: /home/droneops/ros2_ws/install/natnet_ros2/share/natnet_ros2/cmake/natnet_ros2__rosidl_typesupport_introspection_cExport-noconfig.cmake
-- Up-to-date: /home/droneops/ros2_ws/install/natnet_ros2/share/natnet_ros2/cmake/natnet_ros2__rosidl_typesupport_cExport.cmake
-- Up-to-date: /home/droneops/ros2_ws/install/natnet_ros2/share/natnet_ros2/cmake/natnet_ros2__rosidl_typesupport_cExport-noconfig.cmake
-- Up-to-date: /home/droneops/ros2_ws/install/natnet_ros2/share/natnet_ros2/cmake/natnet_ros2__rosidl_typesupport_introspection_cppExport.cmake
-- Up-to-date: /home/droneops/ros2_ws/install/natnet_ros2/share/natnet_ros2/cmake/natnet_ros2__rosidl_typesupport_introspection_cppExport-noconfig.cmake
-- Up-to-date: /home/droneops/ros2_ws/install/natnet_ros2/share/natnet_ros2/cmake/natnet_ros2__rosidl_typesupport_cppExport.cmake
-- Up-to-date: /home/droneops/ros2_ws/install/natnet_ros2/share/natnet_ros2/cmake/natnet_ros2__rosidl_typesupport_cppExport-noconfig.cmake
-- Up-to-date: /home/droneops/ros2_ws/install/natnet_ros2/share/natnet_ros2/cmake/export_natnet_ros2__rosidl_generator_pyExport.cmake
-- Up-to-date: /home/droneops/ros2_ws/install/natnet_ros2/share/natnet_ros2/cmake/export_natnet_ros2__rosidl_generator_pyExport-noconfig.cmake
