[0.627s] Invoking command in '/home/droneops/ros2_ws/src/tello_control': PYTHONPATH=/home/droneops/ros2_ws/build/tello_control/prefix_override:/usr/lib/python3/dist-packages/colcon_core/task/python/colcon_distutils_commands:/home/droneops/ros2_ws/install/tello_control/lib/python3.10/site-packages:${PYTHONPATH} /usr/bin/python3 -W ignore:setup.py install is deprecated -W ignore:easy_install command is deprecated setup.py egg_info --egg-base ../../build/tello_control build --build-base /home/droneops/ros2_ws/build/tello_control/build install --record /home/droneops/ros2_ws/build/tello_control/install.log --single-version-externally-managed install_data
[0.796s] running egg_info
[0.796s] writing ../../build/tello_control/tello_control.egg-info/PKG-INFO
[0.796s] writing dependency_links to ../../build/tello_control/tello_control.egg-info/dependency_links.txt
[0.796s] writing entry points to ../../build/tello_control/tello_control.egg-info/entry_points.txt
[0.797s] writing requirements to ../../build/tello_control/tello_control.egg-info/requires.txt
[0.797s] writing top-level names to ../../build/tello_control/tello_control.egg-info/top_level.txt
[0.797s] reading manifest file '../../build/tello_control/tello_control.egg-info/SOURCES.txt'
[0.798s] writing manifest file '../../build/tello_control/tello_control.egg-info/SOURCES.txt'
[0.798s] running build
[0.799s] running build_py
[0.799s] copying tello_control/cinematic_control.py -> /home/droneops/ros2_ws/build/tello_control/build/lib/tello_control
[0.799s] running install
[0.800s] running install_lib
[0.800s] copying /home/droneops/ros2_ws/build/tello_control/build/lib/tello_control/cinematic_control.py -> /home/droneops/ros2_ws/install/tello_control/lib/python3.10/site-packages/tello_control
[0.800s] byte-compiling /home/droneops/ros2_ws/install/tello_control/lib/python3.10/site-packages/tello_control/cinematic_control.py to cinematic_control.cpython-310.pyc
[0.801s] running install_data
[0.801s] running install_egg_info
[0.803s] removing '/home/droneops/ros2_ws/install/tello_control/lib/python3.10/site-packages/tello_control-0.0.0-py3.10.egg-info' (and everything under it)
[0.803s] Copying ../../build/tello_control/tello_control.egg-info to /home/droneops/ros2_ws/install/tello_control/lib/python3.10/site-packages/tello_control-0.0.0-py3.10.egg-info
[0.803s] running install_scripts
[0.818s] Installing cinematic_control script to /home/droneops/ros2_ws/install/tello_control/lib/tello_control
[0.819s] writing list of installed files to '/home/droneops/ros2_ws/build/tello_control/install.log'
[0.844s] Invoked command in '/home/droneops/ros2_ws/src/tello_control' returned '0': PYTHONPATH=/home/droneops/ros2_ws/build/tello_control/prefix_override:/usr/lib/python3/dist-packages/colcon_core/task/python/colcon_distutils_commands:/home/droneops/ros2_ws/install/tello_control/lib/python3.10/site-packages:${PYTHONPATH} /usr/bin/python3 -W ignore:setup.py install is deprecated -W ignore:easy_install command is deprecated setup.py egg_info --egg-base ../../build/tello_control build --build-base /home/droneops/ros2_ws/build/tello_control/build install --record /home/droneops/ros2_ws/build/tello_control/install.log --single-version-externally-managed install_data
