running egg_info
writing ../../build/tello_control/tello_control.egg-info/PKG-INFO
writing dependency_links to ../../build/tello_control/tello_control.egg-info/dependency_links.txt
writing entry points to ../../build/tello_control/tello_control.egg-info/entry_points.txt
writing requirements to ../../build/tello_control/tello_control.egg-info/requires.txt
writing top-level names to ../../build/tello_control/tello_control.egg-info/top_level.txt
reading manifest file '../../build/tello_control/tello_control.egg-info/SOURCES.txt'
writing manifest file '../../build/tello_control/tello_control.egg-info/SOURCES.txt'
running build
running build_py
copying tello_control/cinematic_control.py -> /home/droneops/ros2_ws/build/tello_control/build/lib/tello_control
running install
running install_lib
copying /home/droneops/ros2_ws/build/tello_control/build/lib/tello_control/cinematic_control.py -> /home/droneops/ros2_ws/install/tello_control/lib/python3.10/site-packages/tello_control
byte-compiling /home/droneops/ros2_ws/install/tello_control/lib/python3.10/site-packages/tello_control/cinematic_control.py to cinematic_control.cpython-310.pyc
running install_data
running install_egg_info
removing '/home/droneops/ros2_ws/install/tello_control/lib/python3.10/site-packages/tello_control-0.0.0-py3.10.egg-info' (and everything under it)
Copying ../../build/tello_control/tello_control.egg-info to /home/droneops/ros2_ws/install/tello_control/lib/python3.10/site-packages/tello_control-0.0.0-py3.10.egg-info
running install_scripts
Installing tello_data script to /home/droneops/ros2_ws/install/tello_control/lib/tello_control
Installing tello_init script to /home/droneops/ros2_ws/install/tello_control/lib/tello_control
writing list of installed files to '/home/droneops/ros2_ws/build/tello_control/install.log'
