[  2%] Built target natnet_ros2__cpp
[  2%] Built target ament_cmake_python_symlink_natnet_ros2_py
[  2%] Built target ament_cmake_python_symlink_natnet_ros2
[  5%] [32mBuilding C object CMakeFiles/natnet_ros2__rosidl_generator_c.dir/rosidl_generator_c/natnet_ros2/srv/detail/marker_poses__functions.c.o[0m
[  8%] [32mBuilding CXX object CMakeFiles/natnet_ros2__rosidl_typesupport_fastrtps_cpp.dir/rosidl_typesupport_fastrtps_cpp/natnet_ros2/srv/detail/dds_fastrtps/marker_poses__type_support.cpp.o[0m
[ 11%] [32mBuilding CXX object CMakeFiles/natnet_ros2__rosidl_typesupport_introspection_cpp.dir/rosidl_typesupport_introspection_cpp/natnet_ros2/srv/detail/marker_poses__type_support.cpp.o[0m
[ 13%] [32mBuilding CXX object CMakeFiles/natnet_ros2__rosidl_typesupport_cpp.dir/rosidl_typesupport_cpp/natnet_ros2/srv/marker_poses__type_support.cpp.o[0m
[ 16%] [32mBuilding CXX object CMakeFiles/natnet_ros2_node.dir/src/nn_filter.cpp.o[0m
[ 19%] [32mBuilding CXX object CMakeFiles/natnet_ros2_node.dir/src/natnet_ros2.cpp.o[0m
[ 22%] [32m[1mLinking C shared library libnatnet_ros2__rosidl_generator_c.so[0m
[ 25%] Built target natnet_ros2__rosidl_generator_c
running egg_info
writing natnet_ros2.egg-info/PKG-INFO
writing dependency_links to natnet_ros2.egg-info/dependency_links.txt
writing top-level names to natnet_ros2.egg-info/top_level.txt
reading manifest file 'natnet_ros2.egg-info/SOURCES.txt'
[ 27%] [32mBuilding CXX object CMakeFiles/natnet_ros2__rosidl_typesupport_fastrtps_c.dir/rosidl_typesupport_fastrtps_c/natnet_ros2/srv/detail/marker_poses__type_support_c.cpp.o[0m
writing manifest file 'natnet_ros2.egg-info/SOURCES.txt'
running egg_info
writing natnet_ros2_py.egg-info/PKG-INFO
writing dependency_links to natnet_ros2_py.egg-info/dependency_links.txt
writing top-level names to natnet_ros2_py.egg-info/top_level.txt
reading manifest file 'natnet_ros2_py.egg-info/SOURCES.txt'
writing manifest file 'natnet_ros2_py.egg-info/SOURCES.txt'
[ 27%] Built target ament_cmake_python_build_natnet_ros2_py_egg
[ 27%] Built target ament_cmake_python_build_natnet_ros2_egg
[ 30%] [32mBuilding C object CMakeFiles/natnet_ros2__rosidl_typesupport_introspection_c.dir/rosidl_typesupport_introspection_c/natnet_ros2/srv/detail/marker_poses__type_support.c.o[0m
[ 33%] [32m[1mLinking CXX shared library libnatnet_ros2__rosidl_typesupport_cpp.so[0m
[ 36%] [32mBuilding CXX object CMakeFiles/natnet_ros2__rosidl_typesupport_c.dir/rosidl_typesupport_c/natnet_ros2/srv/marker_poses__type_support.cpp.o[0m
[ 38%] [32m[1mLinking C shared library libnatnet_ros2__rosidl_typesupport_introspection_c.so[0m
[ 41%] [32m[1mLinking CXX shared library libnatnet_ros2__rosidl_typesupport_c.so[0m
[ 44%] Built target natnet_ros2__rosidl_typesupport_cpp
[ 47%] Built target natnet_ros2__rosidl_typesupport_introspection_c
[ 50%] Built target natnet_ros2__rosidl_typesupport_c
[ 52%] [32m[1mLinking CXX shared library libnatnet_ros2__rosidl_typesupport_introspection_cpp.so[0m
[ 55%] [32m[1mLinking CXX shared library libnatnet_ros2__rosidl_typesupport_fastrtps_cpp.so[0m
[ 58%] Built target natnet_ros2__rosidl_typesupport_fastrtps_cpp
[ 61%] Built target natnet_ros2__rosidl_typesupport_introspection_cpp
[ 63%] [32m[1mLinking CXX shared library libnatnet_ros2__rosidl_typesupport_fastrtps_c.so[0m
[ 66%] Built target natnet_ros2__rosidl_typesupport_fastrtps_c
[ 66%] Built target natnet_ros2
[ 69%] [32mBuilding CXX object CMakeFiles/marker_poses_server.dir/src/marker_poses_server.cpp.o[0m
[ 72%] Built target natnet_ros2__py
[ 75%] [32mBuilding C object CMakeFiles/natnet_ros2__rosidl_generator_py.dir/rosidl_generator_py/natnet_ros2/srv/_marker_poses_s.c.o[0m
[ 77%] [32m[1mLinking C shared library rosidl_generator_py/natnet_ros2/libnatnet_ros2__rosidl_generator_py.so[0m
[ 77%] Built target natnet_ros2__rosidl_generator_py
[ 80%] [32mBuilding C object CMakeFiles/natnet_ros2__rosidl_typesupport_fastrtps_c__pyext.dir/rosidl_generator_py/natnet_ros2/_natnet_ros2_s.ep.rosidl_typesupport_fastrtps_c.c.o[0m
[ 83%] [32mBuilding C object CMakeFiles/natnet_ros2__rosidl_typesupport_c__pyext.dir/rosidl_generator_py/natnet_ros2/_natnet_ros2_s.ep.rosidl_typesupport_c.c.o[0m
[ 86%] [32mBuilding C object CMakeFiles/natnet_ros2__rosidl_typesupport_introspection_c__pyext.dir/rosidl_generator_py/natnet_ros2/_natnet_ros2_s.ep.rosidl_typesupport_introspection_c.c.o[0m
[ 88%] [32m[1mLinking C shared library rosidl_generator_py/natnet_ros2/natnet_ros2_s__rosidl_typesupport_c.cpython-310-x86_64-linux-gnu.so[0m
[ 91%] [32m[1mLinking C shared library rosidl_generator_py/natnet_ros2/natnet_ros2_s__rosidl_typesupport_fastrtps_c.cpython-310-x86_64-linux-gnu.so[0m
[ 91%] Built target natnet_ros2__rosidl_typesupport_c__pyext
[ 91%] Built target natnet_ros2__rosidl_typesupport_fastrtps_c__pyext
[ 94%] [32m[1mLinking C shared library rosidl_generator_py/natnet_ros2/natnet_ros2_s__rosidl_typesupport_introspection_c.cpython-310-x86_64-linux-gnu.so[0m
[ 94%] Built target natnet_ros2__rosidl_typesupport_introspection_c__pyext
[01m[K/home/droneops/ros2_ws/src/natnet_ros2/src/natnet_ros2.cpp:[m[K In member function '[01m[Kvoid NatNetNode::get_node_params()[m[K':
[01m[K/home/droneops/ros2_ws/src/natnet_ros2/src/natnet_ros2.cpp:71:52:[m[K [01;35m[Kwarning: [m[Kconverting to '[01m[Kconst ParameterDescriptor[m[K' {aka '[01m[Kconst rcl_interfaces::msg::ParameterDescriptor_<std::allocator<void> >[m[K'} from initializer list would use explicit constructor '[01m[Krcl_interfaces::msg::ParameterDescriptor_<ContainerAllocator>::ParameterDescriptor_(rosidl_runtime_cpp::MessageInitialization) [with ContainerAllocator = std::allocator<void>][m[K'
   71 |         [01;35m[Kdeclare_parameter<std::vector<std::string>>("object_names", {})[m[K;
      |         [01;35m[K~~~~~~~~~~~~~~~~~~~~~~~~~~~~~~~~~~~~~~~~~~~^~~~~~~~~~~~~~~~~~~~[m[K
[01m[K/home/droneops/ros2_ws/src/natnet_ros2/src/natnet_ros2.cpp:71:52:[m[K [01;36m[Knote: [m[Kin C++11 and above a default constructor can be explicit
[ 97%] [32m[1mLinking CXX executable marker_poses_server[0m
[ 97%] Built target marker_poses_server
[100%] [32m[1mLinking CXX executable natnet_ros2_node[0m
[100%] Built target natnet_ros2_node
-- Install configuration: ""
-- Execute custom install script
-- Up-to-date symlink: /home/droneops/ros2_ws/install/natnet_ros2/share/ament_index/resource_index/rosidl_interfaces/natnet_ros2
-- Up-to-date symlink: /home/droneops/ros2_ws/install/natnet_ros2/include/natnet_ros2/natnet_ros2/msg/rosidl_generator_c__visibility_control.h
-- Up-to-date symlink: /home/droneops/ros2_ws/install/natnet_ros2/include/natnet_ros2/natnet_ros2/srv/detail/marker_poses__functions.h
-- Up-to-date symlink: /home/droneops/ros2_ws/install/natnet_ros2/include/natnet_ros2/natnet_ros2/srv/detail/marker_poses__struct.h
-- Up-to-date symlink: /home/droneops/ros2_ws/install/natnet_ros2/include/natnet_ros2/natnet_ros2/srv/detail/marker_poses__type_support.h
-- Up-to-date symlink: /home/droneops/ros2_ws/install/natnet_ros2/include/natnet_ros2/natnet_ros2/srv/marker_poses.h
-- Up-to-date symlink: /home/droneops/ros2_ws/install/natnet_ros2/share/natnet_ros2/environment/library_path.sh
-- Up-to-date symlink: /home/droneops/ros2_ws/install/natnet_ros2/share/natnet_ros2/environment/library_path.dsv
-- Up-to-date symlink: /home/droneops/ros2_ws/install/natnet_ros2/include/natnet_ros2/natnet_ros2/msg/rosidl_typesupport_fastrtps_c__visibility_control.h
-- Up-to-date symlink: /home/droneops/ros2_ws/install/natnet_ros2/include/natnet_ros2/natnet_ros2/srv/detail/marker_poses__rosidl_typesupport_fastrtps_c.h
-- Up-to-date symlink: /home/droneops/ros2_ws/install/natnet_ros2/include/natnet_ros2/natnet_ros2/msg/rosidl_generator_cpp__visibility_control.hpp
-- Up-to-date symlink: /home/droneops/ros2_ws/install/natnet_ros2/include/natnet_ros2/natnet_ros2/srv/detail/marker_poses__builder.hpp
-- Up-to-date symlink: /home/droneops/ros2_ws/install/natnet_ros2/include/natnet_ros2/natnet_ros2/srv/detail/marker_poses__struct.hpp
-- Up-to-date symlink: /home/droneops/ros2_ws/install/natnet_ros2/include/natnet_ros2/natnet_ros2/srv/detail/marker_poses__traits.hpp
-- Up-to-date symlink: /home/droneops/ros2_ws/install/natnet_ros2/include/natnet_ros2/natnet_ros2/srv/detail/marker_poses__type_support.hpp
-- Up-to-date symlink: /home/droneops/ros2_ws/install/natnet_ros2/include/natnet_ros2/natnet_ros2/srv/marker_poses.hpp
-- Up-to-date symlink: /home/droneops/ros2_ws/install/natnet_ros2/include/natnet_ros2/natnet_ros2/msg/rosidl_typesupport_fastrtps_cpp__visibility_control.h
-- Up-to-date symlink: /home/droneops/ros2_ws/install/natnet_ros2/include/natnet_ros2/natnet_ros2/srv/detail/marker_poses__rosidl_typesupport_fastrtps_cpp.hpp
-- Up-to-date symlink: /home/droneops/ros2_ws/install/natnet_ros2/include/natnet_ros2/natnet_ros2/msg/rosidl_typesupport_introspection_c__visibility_control.h
-- Up-to-date symlink: /home/droneops/ros2_ws/install/natnet_ros2/include/natnet_ros2/natnet_ros2/srv/detail/marker_poses__rosidl_typesupport_introspection_c.h
-- Up-to-date symlink: /home/droneops/ros2_ws/install/natnet_ros2/include/natnet_ros2/natnet_ros2/srv/detail/marker_poses__rosidl_typesupport_introspection_cpp.hpp
-- Up-to-date symlink: /home/droneops/ros2_ws/install/natnet_ros2/share/natnet_ros2/environment/pythonpath.sh
-- Up-to-date symlink: /home/droneops/ros2_ws/install/natnet_ros2/share/natnet_ros2/environment/pythonpath.dsv
-- Up-to-date symlink: /home/droneops/ros2_ws/install/natnet_ros2/local/lib/python3.10/dist-packages/natnet_ros2-1.0.0-py3.10.egg-info/PKG-INFO
-- Up-to-date symlink: /home/droneops/ros2_ws/install/natnet_ros2/local/lib/python3.10/dist-packages/natnet_ros2-1.0.0-py3.10.egg-info/SOURCES.txt
-- Up-to-date symlink: /home/droneops/ros2_ws/install/natnet_ros2/local/lib/python3.10/dist-packages/natnet_ros2-1.0.0-py3.10.egg-info/dependency_links.txt
-- Up-to-date symlink: /home/droneops/ros2_ws/install/natnet_ros2/local/lib/python3.10/dist-packages/natnet_ros2-1.0.0-py3.10.egg-info/top_level.txt
-- Up-to-date symlink: /home/droneops/ros2_ws/install/natnet_ros2/local/lib/python3.10/dist-packages/natnet_ros2/__init__.py
-- Up-to-date symlink: /home/droneops/ros2_ws/install/natnet_ros2/local/lib/python3.10/dist-packages/natnet_ros2/_natnet_ros2_s.ep.rosidl_typesupport_c.c
-- Up-to-date symlink: /home/droneops/ros2_ws/install/natnet_ros2/local/lib/python3.10/dist-packages/natnet_ros2/_natnet_ros2_s.ep.rosidl_typesupport_fastrtps_c.c
-- Up-to-date symlink: /home/droneops/ros2_ws/install/natnet_ros2/local/lib/python3.10/dist-packages/natnet_ros2/_natnet_ros2_s.ep.rosidl_typesupport_introspection_c.c
-- Up-to-date symlink: /home/droneops/ros2_ws/install/natnet_ros2/local/lib/python3.10/dist-packages/natnet_ros2/libnatnet_ros2__rosidl_generator_py.so
-- Up-to-date symlink: /home/droneops/ros2_ws/install/natnet_ros2/local/lib/python3.10/dist-packages/natnet_ros2/natnet_ros2_s__rosidl_typesupport_c.cpython-310-x86_64-linux-gnu.so
-- Up-to-date symlink: /home/droneops/ros2_ws/install/natnet_ros2/local/lib/python3.10/dist-packages/natnet_ros2/natnet_ros2_s__rosidl_typesupport_fastrtps_c.cpython-310-x86_64-linux-gnu.so
-- Up-to-date symlink: /home/droneops/ros2_ws/install/natnet_ros2/local/lib/python3.10/dist-packages/natnet_ros2/natnet_ros2_s__rosidl_typesupport_introspection_c.cpython-310-x86_64-linux-gnu.so
-- Up-to-date symlink: /home/droneops/ros2_ws/install/natnet_ros2/local/lib/python3.10/dist-packages/natnet_ros2/srv/__init__.py
-- Up-to-date symlink: /home/droneops/ros2_ws/install/natnet_ros2/local/lib/python3.10/dist-packages/natnet_ros2/srv/_marker_poses.py
-- Up-to-date symlink: /home/droneops/ros2_ws/install/natnet_ros2/local/lib/python3.10/dist-packages/natnet_ros2/srv/_marker_poses_s.c
-- Up-to-date symlink: /home/droneops/ros2_ws/install/natnet_ros2/local/lib/python3.10/dist-packages/natnet_ros2/natnet_ros2_s__rosidl_typesupport_fastrtps_c.cpython-310-x86_64-linux-gnu.so
-- Up-to-date symlink: /home/droneops/ros2_ws/install/natnet_ros2/local/lib/python3.10/dist-packages/natnet_ros2/natnet_ros2_s__rosidl_typesupport_introspection_c.cpython-310-x86_64-linux-gnu.so
-- Up-to-date symlink: /home/droneops/ros2_ws/install/natnet_ros2/local/lib/python3.10/dist-packages/natnet_ros2/natnet_ros2_s__rosidl_typesupport_c.cpython-310-x86_64-linux-gnu.so
-- Up-to-date symlink: /home/droneops/ros2_ws/install/natnet_ros2/share/natnet_ros2/srv/MarkerPoses.idl
-- Up-to-date symlink: /home/droneops/ros2_ws/install/natnet_ros2/share/natnet_ros2/srv/MarkerPoses.srv
-- Up-to-date symlink: /home/droneops/ros2_ws/install/natnet_ros2/share/natnet_ros2/srv/MarkerPoses_Request.msg
-- Up-to-date symlink: /home/droneops/ros2_ws/install/natnet_ros2/share/natnet_ros2/srv/MarkerPoses_Response.msg
-- Up-to-date symlink: /home/droneops/ros2_ws/install/natnet_ros2/include/natnet_ros2/natnet_ros2.hpp
-- Up-to-date symlink: /home/droneops/ros2_ws/install/natnet_ros2/include/natnet_ros2/nn_filter.hpp
-- Up-to-date symlink: /home/droneops/ros2_ws/install/natnet_ros2/include/natnet_ros2/object_data.hpp
-- Up-to-date symlink: /home/droneops/ros2_ws/install/natnet_ros2/share/natnet_ros2/launch/gui_natnet_ros2.launch.py
-- Up-to-date symlink: /home/droneops/ros2_ws/install/natnet_ros2/share/natnet_ros2/launch/natnet_ros2.launch.py
-- Up-to-date symlink: /home/droneops/ros2_ws/install/natnet_ros2/share/natnet_ros2/config/conf_autogen.yaml
-- Up-to-date symlink: /home/droneops/ros2_ws/install/natnet_ros2/share/natnet_ros2/config/initiate.yaml
-- Up-to-date symlink: /home/droneops/ros2_ws/install/natnet_ros2/share/natnet_ros2/ui/helper.ui
-- Up-to-date symlink: /home/droneops/ros2_ws/install/natnet_ros2/share/natnet_ros2/ui/logo.png
-- Up-to-date symlink: /home/droneops/ros2_ws/install/natnet_ros2/share/natnet_ros2/ui/ros-logo.png
-- Up-to-date symlink: /home/droneops/ros2_ws/install/natnet_ros2/lib/natnet_ros2/natnet_ros2_node
-- Up-to-date symlink: /home/droneops/ros2_ws/install/natnet_ros2/bin/natnet_ros2_node
-- Up-to-date symlink: /home/droneops/ros2_ws/install/natnet_ros2/lib/natnet_ros2/marker_poses_server
-- Up-to-date symlink: /home/droneops/ros2_ws/install/natnet_ros2/bin/marker_poses_server
-- Up-to-date symlink: /home/droneops/ros2_ws/install/natnet_ros2/local/lib/python3.10/dist-packages/natnet_ros2_py-1.0.0-py3.10.egg-info/PKG-INFO
-- Up-to-date symlink: /home/droneops/ros2_ws/install/natnet_ros2/local/lib/python3.10/dist-packages/natnet_ros2_py-1.0.0-py3.10.egg-info/SOURCES.txt
-- Up-to-date symlink: /home/droneops/ros2_ws/install/natnet_ros2/local/lib/python3.10/dist-packages/natnet_ros2_py-1.0.0-py3.10.egg-info/dependency_links.txt
-- Up-to-date symlink: /home/droneops/ros2_ws/install/natnet_ros2/local/lib/python3.10/dist-packages/natnet_ros2_py-1.0.0-py3.10.egg-info/top_level.txt
-- Up-to-date symlink: /home/droneops/ros2_ws/install/natnet_ros2/local/lib/python3.10/dist-packages/natnet_ros2_py/__init__.py
-- Up-to-date symlink: /home/droneops/ros2_ws/install/natnet_ros2/local/lib/python3.10/dist-packages/natnet_ros2_py/node_module.py
-- Up-to-date symlink: /home/droneops/ros2_ws/install/natnet_ros2/lib/natnet_ros2/helper_node_r2.py
-- Up-to-date symlink: /home/droneops/ros2_ws/install/natnet_ros2/include/natnet_ros2/natnet_ros2.hpp
-- Up-to-date symlink: /home/droneops/ros2_ws/install/natnet_ros2/include/natnet_ros2/nn_filter.hpp
-- Up-to-date symlink: /home/droneops/ros2_ws/install/natnet_ros2/include/natnet_ros2/object_data.hpp
-- Up-to-date symlink: /home/droneops/ros2_ws/install/natnet_ros2/share/ament_index/resource_index/package_run_dependencies/natnet_ros2
-- Up-to-date symlink: /home/droneops/ros2_ws/install/natnet_ros2/share/ament_index/resource_index/parent_prefix_path/natnet_ros2
-- Up-to-date symlink: /home/droneops/ros2_ws/install/natnet_ros2/share/natnet_ros2/environment/ament_prefix_path.sh
-- Up-to-date symlink: /home/droneops/ros2_ws/install/natnet_ros2/share/natnet_ros2/environment/ament_prefix_path.dsv
-- Up-to-date symlink: /home/droneops/ros2_ws/install/natnet_ros2/share/natnet_ros2/environment/path.sh
-- Up-to-date symlink: /home/droneops/ros2_ws/install/natnet_ros2/share/natnet_ros2/environment/path.dsv
-- Up-to-date symlink: /home/droneops/ros2_ws/install/natnet_ros2/share/natnet_ros2/local_setup.bash
-- Up-to-date symlink: /home/droneops/ros2_ws/install/natnet_ros2/share/natnet_ros2/local_setup.sh
-- Up-to-date symlink: /home/droneops/ros2_ws/install/natnet_ros2/share/natnet_ros2/local_setup.zsh
-- Up-to-date symlink: /home/droneops/ros2_ws/install/natnet_ros2/share/natnet_ros2/local_setup.dsv
-- Symlinking: /home/droneops/ros2_ws/install/natnet_ros2/share/natnet_ros2/package.dsv
-- Up-to-date symlink: /home/droneops/ros2_ws/install/natnet_ros2/share/ament_index/resource_index/packages/natnet_ros2
-- Up-to-date symlink: /home/droneops/ros2_ws/install/natnet_ros2/share/natnet_ros2/cmake/rosidl_cmake-extras.cmake
-- Up-to-date symlink: /home/droneops/ros2_ws/install/natnet_ros2/share/natnet_ros2/cmake/ament_cmake_export_dependencies-extras.cmake
-- Up-to-date symlink: /home/droneops/ros2_ws/install/natnet_ros2/share/natnet_ros2/cmake/ament_cmake_export_include_directories-extras.cmake
-- Up-to-date symlink: /home/droneops/ros2_ws/install/natnet_ros2/share/natnet_ros2/cmake/ament_cmake_export_libraries-extras.cmake
-- Up-to-date symlink: /home/droneops/ros2_ws/install/natnet_ros2/share/natnet_ros2/cmake/ament_cmake_export_targets-extras.cmake
-- Up-to-date symlink: /home/droneops/ros2_ws/install/natnet_ros2/share/natnet_ros2/cmake/rosidl_cmake_export_typesupport_targets-extras.cmake
-- Up-to-date symlink: /home/droneops/ros2_ws/install/natnet_ros2/share/natnet_ros2/cmake/rosidl_cmake_export_typesupport_libraries-extras.cmake
-- Up-to-date symlink: /home/droneops/ros2_ws/install/natnet_ros2/share/natnet_ros2/cmake/natnet_ros2Config.cmake
-- Up-to-date symlink: /home/droneops/ros2_ws/install/natnet_ros2/share/natnet_ros2/cmake/natnet_ros2Config-version.cmake
-- Up-to-date symlink: /home/droneops/ros2_ws/install/natnet_ros2/share/natnet_ros2/package.xml
-- Installing: /home/droneops/ros2_ws/install/natnet_ros2/lib/libnatnet_ros2__rosidl_generator_c.so
-- Set runtime path of "/home/droneops/ros2_ws/install/natnet_ros2/lib/libnatnet_ros2__rosidl_generator_c.so" to ""
-- Installing: /home/droneops/ros2_ws/install/natnet_ros2/lib/libnatnet_ros2__rosidl_typesupport_fastrtps_c.so
-- Set runtime path of "/home/droneops/ros2_ws/install/natnet_ros2/lib/libnatnet_ros2__rosidl_typesupport_fastrtps_c.so" to ""
-- Installing: /home/droneops/ros2_ws/install/natnet_ros2/lib/libnatnet_ros2__rosidl_typesupport_fastrtps_cpp.so
-- Set runtime path of "/home/droneops/ros2_ws/install/natnet_ros2/lib/libnatnet_ros2__rosidl_typesupport_fastrtps_cpp.so" to ""
-- Installing: /home/droneops/ros2_ws/install/natnet_ros2/lib/libnatnet_ros2__rosidl_typesupport_introspection_c.so
-- Set runtime path of "/home/droneops/ros2_ws/install/natnet_ros2/lib/libnatnet_ros2__rosidl_typesupport_introspection_c.so" to ""
-- Installing: /home/droneops/ros2_ws/install/natnet_ros2/lib/libnatnet_ros2__rosidl_typesupport_c.so
-- Set runtime path of "/home/droneops/ros2_ws/install/natnet_ros2/lib/libnatnet_ros2__rosidl_typesupport_c.so" to ""
-- Installing: /home/droneops/ros2_ws/install/natnet_ros2/lib/libnatnet_ros2__rosidl_typesupport_introspection_cpp.so
-- Set runtime path of "/home/droneops/ros2_ws/install/natnet_ros2/lib/libnatnet_ros2__rosidl_typesupport_introspection_cpp.so" to ""
-- Installing: /home/droneops/ros2_ws/install/natnet_ros2/lib/libnatnet_ros2__rosidl_typesupport_cpp.so
-- Set runtime path of "/home/droneops/ros2_ws/install/natnet_ros2/lib/libnatnet_ros2__rosidl_typesupport_cpp.so" to ""
Listing '/home/droneops/ros2_ws/install/natnet_ros2/local/lib/python3.10/dist-packages/natnet_ros2'...
Listing '/home/droneops/ros2_ws/install/natnet_ros2/local/lib/python3.10/dist-packages/natnet_ros2/srv'...
-- Installing: /home/droneops/ros2_ws/install/natnet_ros2/lib/libnatnet_ros2__rosidl_generator_py.so
-- Set runtime path of "/home/droneops/ros2_ws/install/natnet_ros2/lib/libnatnet_ros2__rosidl_generator_py.so" to ""
Listing '/home/droneops/ros2_ws/install/natnet_ros2/local/lib/python3.10/dist-packages/natnet_ros2_py'...
-- Up-to-date: /home/droneops/ros2_ws/install/natnet_ros2/share/natnet_ros2/cmake/export_natnet_ros2__rosidl_generator_cExport.cmake
-- Up-to-date: /home/droneops/ros2_ws/install/natnet_ros2/share/natnet_ros2/cmake/export_natnet_ros2__rosidl_generator_cExport-noconfig.cmake
-- Up-to-date: /home/droneops/ros2_ws/install/natnet_ros2/share/natnet_ros2/cmake/export_natnet_ros2__rosidl_typesupport_fastrtps_cExport.cmake
-- Up-to-date: /home/droneops/ros2_ws/install/natnet_ros2/share/natnet_ros2/cmake/export_natnet_ros2__rosidl_typesupport_fastrtps_cExport-noconfig.cmake
-- Up-to-date: /home/droneops/ros2_ws/install/natnet_ros2/share/natnet_ros2/cmake/export_natnet_ros2__rosidl_generator_cppExport.cmake
-- Up-to-date: /home/droneops/ros2_ws/install/natnet_ros2/share/natnet_ros2/cmake/export_natnet_ros2__rosidl_typesupport_fastrtps_cppExport.cmake
-- Up-to-date: /home/droneops/ros2_ws/install/natnet_ros2/share/natnet_ros2/cmake/export_natnet_ros2__rosidl_typesupport_fastrtps_cppExport-noconfig.cmake
-- Up-to-date: /home/droneops/ros2_ws/install/natnet_ros2/share/natnet_ros2/cmake/natnet_ros2__rosidl_typesupport_introspection_cExport.cmake
-- Up-to-date: /home/droneops/ros2_ws/install/natnet_ros2/share/natnet_ros2/cmake/natnet_ros2__rosidl_typesupport_introspection_cExport-noconfig.cmake
-- Up-to-date: /home/droneops/ros2_ws/install/natnet_ros2/share/natnet_ros2/cmake/natnet_ros2__rosidl_typesupport_cExport.cmake
-- Up-to-date: /home/droneops/ros2_ws/install/natnet_ros2/share/natnet_ros2/cmake/natnet_ros2__rosidl_typesupport_cExport-noconfig.cmake
-- Up-to-date: /home/droneops/ros2_ws/install/natnet_ros2/share/natnet_ros2/cmake/natnet_ros2__rosidl_typesupport_introspection_cppExport.cmake
-- Up-to-date: /home/droneops/ros2_ws/install/natnet_ros2/share/natnet_ros2/cmake/natnet_ros2__rosidl_typesupport_introspection_cppExport-noconfig.cmake
-- Up-to-date: /home/droneops/ros2_ws/install/natnet_ros2/share/natnet_ros2/cmake/natnet_ros2__rosidl_typesupport_cppExport.cmake
-- Up-to-date: /home/droneops/ros2_ws/install/natnet_ros2/share/natnet_ros2/cmake/natnet_ros2__rosidl_typesupport_cppExport-noconfig.cmake
-- Up-to-date: /home/droneops/ros2_ws/install/natnet_ros2/share/natnet_ros2/cmake/export_natnet_ros2__rosidl_generator_pyExport.cmake
-- Up-to-date: /home/droneops/ros2_ws/install/natnet_ros2/share/natnet_ros2/cmake/export_natnet_ros2__rosidl_generator_pyExport-noconfig.cmake
